2026-06-20T23:12:34.871Z [ERROR]: Unhandled error: TypeError: Cannot read properties of undefined (reading 'headers')
    at headers (C:\Users\bizle\OneDrive\bsean4890@gmail.com\.github\Equity-Shield-Advocates\OSCAR-BROOME-REVENUE\earnings_dashboard\server.js:60:13)
    at authMiddleware (C:\Users\bizle\OneDrive\bsean4890@gmail.com\.github\Equity-Shield-Advocates\node_modules\express-basic-auth\index.js:61:18)
    at Layer.handle [as handle_request] (C:\Users\bizle\OneDrive\bsean4890@gmail.com\.github\Equity-Shield-Advocates\node_modules\express\lib\router\layer.js:95:5)
    at trim_prefix (C:\Users\bizle\OneDrive\bsean4890@gmail.com\.github\Equity-Shield-Advocates\node_modules\express\lib\router\index.js:328:13)
    at C:\Users\bizle\OneDrive\bsean4890@gmail.com\.github\Equity-Shield-Advocates\node_modules\express\lib\router\index.js:286:9
    at router.process_params (C:\Users\bizle\OneDrive\bsean4890@gmail.com\.github\Equity-Shield-Advocates\node_modules\express\lib\router\index.js:346:12)
    at next (C:\Users\bizle\OneDrive\bsean4890@gmail.com\.github\Equity-Shield-Advocates\node_modules\express\lib\router\index.js:280:10)
    at expressInit (C:\Users\bizle\OneDrive\bsean4890@gmail.com\.github\Equity-Shield-Advocates\node_modules\express\lib\middleware\init.js:40:5)
    at Layer.handle [as handle_request] (C:\Users\bizle\OneDrive\bsean4890@gmail.com\.github\Equity-Shield-Advocates\node_modules\express\lib\router\layer.js:95:5)
    at trim_prefix (C:\Users\bizle\OneDrive\bsean4890@gmail.com\.github\Equity-Shield-Advocates\node_modules\express\lib\router\index.js:328:13)
    at C:\Users\bizle\OneDrive\bsean4890@gmail.com\.github\Equity-Shield-Advocates\node_modules\express\lib\router\index.js:286:9
    at router.process_params (C:\Users\bizle\OneDrive\bsean4890@gmail.com\.github\Equity-Shield-Advocates\node_modules\express\lib\router\index.js:346:12)
    at next (C:\Users\bizle\OneDrive\bsean4890@gmail.com\.github\Equity-Shield-Advocates\node_modules\express\lib\router\index.js:280:10)
    at query (C:\Users\bizle\OneDrive\bsean4890@gmail.com\.github\Equity-Shield-Advocates\node_modules\express\lib\middleware\query.js:45:5)
    at Layer.handle [as handle_request] (C:\Users\bizle\OneDrive\bsean4890@gmail.com\.github\Equity-Shield-Advocates\node_modules\express\lib\router\layer.js:95:5)
    at trim_prefix (C:\Users\bizle\OneDrive\bsean4890@gmail.com\.github\Equity-Shield-Advocates\node_modules\express\lib\router\index.js:328:13)
    at C:\Users\bizle\OneDrive\bsean4890@gmail.com\.github\Equity-Shield-Advocates\node_modules\express\lib\router\index.js:286:9
    at router.process_params (C:\Users\bizle\OneDrive\bsean4890@gmail.com\.github\Equity-Shield-Advocates\node_modules\express\lib\router\index.js:346:12)
    at next (C:\Users\bizle\OneDrive\bsean4890@gmail.com\.github\Equity-Shield-Advocates\node_modules\express\lib\router\index.js:280:10)
    at router.handle (C:\Users\bizle\OneDrive\bsean4890@gmail.com\.github\Equity-Shield-Advocates\node_modules\express\lib\router\index.js:175:3)
    at app.handle (C:\Users\bizle\OneDrive\bsean4890@gmail.com\.github\Equity-Shield-Advocates\node_modules\express\lib\application.js:181:10)
    at Server.app (C:\Users\bizle\OneDrive\bsean4890@gmail.com\.github\Equity-Shield-Advocates\node_modules\express\lib\express.js:39:9)
    at Server.emit (node:events:508:28)
    at parserOnIncoming (node:_http_server:1173:12)
    at HTTPParser.parserOnHeadersComplete (node:_http_common:121:17)
2026-06-20T23:12:34.972Z [ERROR]: Unhandled error: TypeError: Cannot read properties of undefined (reading 'headers')
    at headers (C:\Users\bizle\OneDrive\bsean4890@gmail.com\.github\Equity-Shield-Advocates\OSCAR-BROOME-REVENUE\earnings_dashboard\server.js:60:13)
    at authMiddleware (C:\Users\bizle\OneDrive\bsean4890@gmail.com\.github\Equity-Shield-Advocates\node_modules\express-basic-auth\index.js:61:18)
    at Layer.handle [as handle_request] (C:\Users\bizle\OneDrive\bsean4890@gmail.com\.github\Equity-Shield-Advocates\node_modules\express\lib\router\layer.js:95:5)
    at trim_prefix (C:\Users\bizle\OneDrive\bsean4890@gmail.com\.github\Equity-Shield-Advocates\node_modules\express\lib\router\index.js:328:13)
    at C:\Users\bizle\OneDrive\bsean4890@gmail.com\.github\Equity-Shield-Advocates\node_modules\express\lib\router\index.js:286:9
    at router.process_params (C:\Users\bizle\OneDrive\bsean4890@gmail.com\.github\Equity-Shield-Advocates\node_modules\express\lib\router\index.js:346:12)
    at next (C:\Users\bizle\OneDrive\bsean4890@gmail.com\.github\Equity-Shield-Advocates\node_modules\express\lib\router\index.js:280:10)
    at expressInit (C:\Users\bizle\OneDrive\bsean4890@gmail.com\.github\Equity-Shield-Advocates\node_modules\express\lib\middleware\init.js:40:5)
    at Layer.handle [as handle_request] (C:\Users\bizle\OneDrive\bsean4890@gmail.com\.github\Equity-Shield-Advocates\node_modules\express\lib\router\layer.js:95:5)
    at trim_prefix (C:\Users\bizle\OneDrive\bsean4890@gmail.com\.github\Equity-Shield-Advocates\node_modules\express\lib\router\index.js:328:13)
    at C:\Users\bizle\OneDrive\bsean4890@gmail.com\.github\Equity-Shield-Advocates\node_modules\express\lib\router\index.js:286:9
    at router.process_params (C:\Users\bizle\OneDrive\bsean4890@gmail.com\.github\Equity-Shield-Advocates\node_modules\express\lib\router\index.js:346:12)
    at next (C:\Users\bizle\OneDrive\bsean4890@gmail.com\.github\Equity-Shield-Advocates\node_modules\express\lib\router\index.js:280:10)
    at query (C:\Users\bizle\OneDrive\bsean4890@gmail.com\.github\Equity-Shield-Advocates\node_modules\express\lib\middleware\query.js:45:5)
    at Layer.handle [as handle_request] (C:\Users\bizle\OneDrive\bsean4890@gmail.com\.github\Equity-Shield-Advocates\node_modules\express\lib\router\layer.js:95:5)
    at trim_prefix (C:\Users\bizle\OneDrive\bsean4890@gmail.com\.github\Equity-Shield-Advocates\node_modules\express\lib\router\index.js:328:13)
    at C:\Users\bizle\OneDrive\bsean4890@gmail.com\.github\Equity-Shield-Advocates\node_modules\express\lib\router\index.js:286:9
    at router.process_params (C:\Users\bizle\OneDrive\bsean4890@gmail.com\.github\Equity-Shield-Advocates\node_modules\express\lib\router\index.js:346:12)
    at next (C:\Users\bizle\OneDrive\bsean4890@gmail.com\.github\Equity-Shield-Advocates\node_modules\express\lib\router\index.js:280:10)
    at router.handle (C:\Users\bizle\OneDrive\bsean4890@gmail.com\.github\Equity-Shield-Advocates\node_modules\express\lib\router\index.js:175:3)
    at app.handle (C:\Users\bizle\OneDrive\bsean4890@gmail.com\.github\Equity-Shield-Advocates\node_modules\express\lib\application.js:181:10)
    at Server.app (C:\Users\bizle\OneDrive\bsean4890@gmail.com\.github\Equity-Shield-Advocates\node_modules\express\lib\express.js:39:9)
    at Server.emit (node:events:508:28)
    at parserOnIncoming (node:_http_server:1173:12)
    at HTTPParser.parserOnHeadersComplete (node:_http_common:121:17)
2026-06-20T23:12:34.992Z [ERROR]: Unhandled error: TypeError: Cannot read properties of undefined (reading 'headers')
    at headers (C:\Users\bizle\OneDrive\bsean4890@gmail.com\.github\Equity-Shield-Advocates\OSCAR-BROOME-REVENUE\earnings_dashboard\server.js:60:13)
    at authMiddleware (C:\Users\bizle\OneDrive\bsean4890@gmail.com\.github\Equity-Shield-Advocates\node_modules\express-basic-auth\index.js:61:18)
    at Layer.handle [as handle_request] (C:\Users\bizle\OneDrive\bsean4890@gmail.com\.github\Equity-Shield-Advocates\node_modules\express\lib\router\layer.js:95:5)
    at trim_prefix (C:\Users\bizle\OneDrive\bsean4890@gmail.com\.github\Equity-Shield-Advocates\node_modules\express\lib\router\index.js:328:13)
    at C:\Users\bizle\OneDrive\bsean4890@gmail.com\.github\Equity-Shield-Advocates\node_modules\express\lib\router\index.js:286:9
    at router.process_params (C:\Users\bizle\OneDrive\bsean4890@gmail.com\.github\Equity-Shield-Advocates\node_modules\express\lib\router\index.js:346:12)
    at next (C:\Users\bizle\OneDrive\bsean4890@gmail.com\.github\Equity-Shield-Advocates\node_modules\express\lib\router\index.js:280:10)
    at expressInit (C:\Users\bizle\OneDrive\bsean4890@gmail.com\.github\Equity-Shield-Advocates\node_modules\express\lib\middleware\init.js:40:5)
    at Layer.handle [as handle_request] (C:\Users\bizle\OneDrive\bsean4890@gmail.com\.github\Equity-Shield-Advocates\node_modules\express\lib\router\layer.js:95:5)
    at trim_prefix (C:\Users\bizle\OneDrive\bsean4890@gmail.com\.github\Equity-Shield-Advocates\node_modules\express\lib\router\index.js:328:13)
    at C:\Users\bizle\OneDrive\bsean4890@gmail.com\.github\Equity-Shield-Advocates\node_modules\express\lib\router\index.js:286:9
    at router.process_params (C:\Users\bizle\OneDrive\bsean4890@gmail.com\.github\Equity-Shield-Advocates\node_modules\express\lib\router\index.js:346:12)
    at next (C:\Users\bizle\OneDrive\bsean4890@gmail.com\.github\Equity-Shield-Advocates\node_modules\express\lib\router\index.js:280:10)
    at query (C:\Users\bizle\OneDrive\bsean4890@gmail.com\.github\Equity-Shield-Advocates\node_modules\express\lib\middleware\query.js:45:5)
    at Layer.handle [as handle_request] (C:\Users\bizle\OneDrive\bsean4890@gmail.com\.github\Equity-Shield-Advocates\node_modules\express\lib\router\layer.js:95:5)
    at trim_prefix (C:\Users\bizle\OneDrive\bsean4890@gmail.com\.github\Equity-Shield-Advocates\node_modules\express\lib\router\index.js:328:13)
    at C:\Users\bizle\OneDrive\bsean4890@gmail.com\.github\Equity-Shield-Advocates\node_modules\express\lib\router\index.js:286:9
    at router.process_params (C:\Users\bizle\OneDrive\bsean4890@gmail.com\.github\Equity-Shield-Advocates\node_modules\express\lib\router\index.js:346:12)
    at next (C:\Users\bizle\OneDrive\bsean4890@gmail.com\.github\Equity-Shield-Advocates\node_modules\express\lib\router\index.js:280:10)
    at router.handle (C:\Users\bizle\OneDrive\bsean4890@gmail.com\.github\Equity-Shield-Advocates\node_modules\express\lib\router\index.js:175:3)
    at app.handle (C:\Users\bizle\OneDrive\bsean4890@gmail.com\.github\Equity-Shield-Advocates\node_modules\express\lib\application.js:181:10)
    at Server.app (C:\Users\bizle\OneDrive\bsean4890@gmail.com\.github\Equity-Shield-Advocates\node_modules\express\lib\express.js:39:9)
    at Server.emit (node:events:508:28)
    at parserOnIncoming (node:_http_server:1173:12)
    at HTTPParser.parserOnHeadersComplete (node:_http_common:121:17)
2026-06-20T23:12:35.140Z [ERROR]: Unhandled error: TypeError: Cannot read properties of undefined (reading 'headers')
    at headers (C:\Users\bizle\OneDrive\bsean4890@gmail.com\.github\Equity-Shield-Advocates\OSCAR-BROOME-REVENUE\earnings_dashboard\server.js:60:13)
    at authMiddleware (C:\Users\bizle\OneDrive\bsean4890@gmail.com\.github\Equity-Shield-Advocates\node_modules\express-basic-auth\index.js:61:18)
    at Layer.handle [as handle_request] (C:\Users\bizle\OneDrive\bsean4890@gmail.com\.github\Equity-Shield-Advocates\node_modules\express\lib\router\layer.js:95:5)
    at trim_prefix (C:\Users\bizle\OneDrive\bsean4890@gmail.com\.github\Equity-Shield-Advocates\node_modules\express\lib\router\index.js:328:13)
    at C:\Users\bizle\OneDrive\bsean4890@gmail.com\.github\Equity-Shield-Advocates\node_modules\express\lib\router\index.js:286:9
    at router.process_params (C:\Users\bizle\OneDrive\bsean4890@gmail.com\.github\Equity-Shield-Advocates\node_modules\express\lib\router\index.js:346:12)
    at next (C:\Users\bizle\OneDrive\bsean4890@gmail.com\.github\Equity-Shield-Advocates\node_modules\express\lib\router\index.js:280:10)
    at expressInit (C:\Users\bizle\OneDrive\bsean4890@gmail.com\.github\Equity-Shield-Advocates\node_modules\express\lib\middleware\init.js:40:5)
    at Layer.handle [as handle_request] (C:\Users\bizle\OneDrive\bsean4890@gmail.com\.github\Equity-Shield-Advocates\node_modules\express\lib\router\layer.js:95:5)
    at trim_prefix (C:\Users\bizle\OneDrive\bsean4890@gmail.com\.github\Equity-Shield-Advocates\node_modules\express\lib\router\index.js:328:13)
    at C:\Users\bizle\OneDrive\bsean4890@gmail.com\.github\Equity-Shield-Advocates\node_modules\express\lib\router\index.js:286:9
    at router.process_params (C:\Users\bizle\OneDrive\bsean4890@gmail.com\.github\Equity-Shield-Advocates\node_modules\express\lib\router\index.js:346:12)
    at next (C:\Users\bizle\OneDrive\bsean4890@gmail.com\.github\Equity-Shield-Advocates\node_modules\express\lib\router\index.js:280:10)
    at query (C:\Users\bizle\OneDrive\bsean4890@gmail.com\.github\Equity-Shield-Advocates\node_modules\express\lib\middleware\query.js:45:5)
    at Layer.handle [as handle_request] (C:\Users\bizle\OneDrive\bsean4890@gmail.com\.github\Equity-Shield-Advocates\node_modules\express\lib\router\layer.js:95:5)
    at trim_prefix (C:\Users\bizle\OneDrive\bsean4890@gmail.com\.github\Equity-Shield-Advocates\node_modules\express\lib\router\index.js:328:13)
    at C:\Users\bizle\OneDrive\bsean4890@gmail.com\.github\Equity-Shield-Advocates\node_modules\express\lib\router\index.js:286:9
    at router.process_params (C:\Users\bizle\OneDrive\bsean4890@gmail.com\.github\Equity-Shield-Advocates\node_modules\express\lib\router\index.js:346:12)
    at next (C:\Users\bizle\OneDrive\bsean4890@gmail.com\.github\Equity-Shield-Advocates\node_modules\express\lib\router\index.js:280:10)
    at router.handle (C:\Users\bizle\OneDrive\bsean4890@gmail.com\.github\Equity-Shield-Advocates\node_modules\express\lib\router\index.js:175:3)
    at app.handle (C:\Users\bizle\OneDrive\bsean4890@gmail.com\.github\Equity-Shield-Advocates\node_modules\express\lib\application.js:181:10)
    at Server.app (C:\Users\bizle\OneDrive\bsean4890@gmail.com\.github\Equity-Shield-Advocates\node_modules\express\lib\express.js:39:9)
    at Server.emit (node:events:508:28)
    at parserOnIncoming (node:_http_server:1173:12)
    at HTTPParser.parserOnHeadersComplete (node:_http_common:121:17)
2026-06-20T23:12:35.178Z [ERROR]: Unhandled error: TypeError: Cannot read properties of undefined (reading 'headers')
    at headers (C:\Users\bizle\OneDrive\bsean4890@gmail.com\.github\Equity-Shield-Advocates\OSCAR-BROOME-REVENUE\earnings_dashboard\server.js:60:13)
    at authMiddleware (C:\Users\bizle\OneDrive\bsean4890@gmail.com\.github\Equity-Shield-Advocates\node_modules\express-basic-auth\index.js:61:18)
    at Layer.handle [as handle_request] (C:\Users\bizle\OneDrive\bsean4890@gmail.com\.github\Equity-Shield-Advocates\node_modules\express\lib\router\layer.js:95:5)
    at trim_prefix (C:\Users\bizle\OneDrive\bsean4890@gmail.com\.github\Equity-Shield-Advocates\node_modules\express\lib\router\index.js:328:13)
    at C:\Users\bizle\OneDrive\bsean4890@gmail.com\.github\Equity-Shield-Advocates\node_modules\express\lib\router\index.js:286:9
    at router.process_params (C:\Users\bizle\OneDrive\bsean4890@gmail.com\.github\Equity-Shield-Advocates\node_modules\express\lib\router\index.js:346:12)
    at next (C:\Users\bizle\OneDrive\bsean4890@gmail.com\.github\Equity-Shield-Advocates\node_modules\express\lib\router\index.js:280:10)
    at expressInit (C:\Users\bizle\OneDrive\bsean4890@gmail.com\.github\Equity-Shield-Advocates\node_modules\express\lib\middleware\init.js:40:5)
    at Layer.handle [as handle_request] (C:\Users\bizle\OneDrive\bsean4890@gmail.com\.github\Equity-Shield-Advocates\node_modules\express\lib\router\layer.js:95:5)
    at trim_prefix (C:\Users\bizle\OneDrive\bsean4890@gmail.com\.github\Equity-Shield-Advocates\node_modules\express\lib\router\index.js:328:13)
    at C:\Users\bizle\OneDrive\bsean4890@gmail.com\.github\Equity-Shield-Advocates\node_modules\express\lib\router\index.js:286:9
    at router.process_params (C:\Users\bizle\OneDrive\bsean4890@gmail.com\.github\Equity-Shield-Advocates\node_modules\express\lib\router\index.js:346:12)
    at next (C:\Users\bizle\OneDrive\bsean4890@gmail.com\.github\Equity-Shield-Advocates\node_modules\express\lib\router\index.js:280:10)
    at query (C:\Users\bizle\OneDrive\bsean4890@gmail.com\.github\Equity-Shield-Advocates\node_modules\express\lib\middleware\query.js:45:5)
    at Layer.handle [as handle_request] (C:\Users\bizle\OneDrive\bsean4890@gmail.com\.github\Equity-Shield-Advocates\node_modules\express\lib\router\layer.js:95:5)
    at trim_prefix (C:\Users\bizle\OneDrive\bsean4890@gmail.com\.github\Equity-Shield-Advocates\node_modules\express\lib\router\index.js:328:13)
    at C:\Users\bizle\OneDrive\bsean4890@gmail.com\.github\Equity-Shield-Advocates\node_modules\express\lib\router\index.js:286:9
    at router.process_params (C:\Users\bizle\OneDrive\bsean4890@gmail.com\.github\Equity-Shield-Advocates\node_modules\express\lib\router\index.js:346:12)
    at next (C:\Users\bizle\OneDrive\bsean4890@gmail.com\.github\Equity-Shield-Advocates\node_modules\express\lib\router\index.js:280:10)
    at router.handle (C:\Users\bizle\OneDrive\bsean4890@gmail.com\.github\Equity-Shield-Advocates\node_modules\express\lib\router\index.js:175:3)
    at app.handle (C:\Users\bizle\OneDrive\bsean4890@gmail.com\.github\Equity-Shield-Advocates\node_modules\express\lib\application.js:181:10)
    at Server.app (C:\Users\bizle\OneDrive\bsean4890@gmail.com\.github\Equity-Shield-Advocates\node_modules\express\lib\express.js:39:9)
    at Server.emit (node:events:508:28)
    at parserOnIncoming (node:_http_server:1173:12)
    at HTTPParser.parserOnHeadersComplete (node:_http_common:121:17)
2026-06-20T23:12:35.209Z [ERROR]: Unhandled error: TypeError: Cannot read properties of undefined (reading 'headers')
    at headers (C:\Users\bizle\OneDrive\bsean4890@gmail.com\.github\Equity-Shield-Advocates\OSCAR-BROOME-REVENUE\earnings_dashboard\server.js:60:13)
    at authMiddleware (C:\Users\bizle\OneDrive\bsean4890@gmail.com\.github\Equity-Shield-Advocates\node_modules\express-basic-auth\index.js:61:18)
    at Layer.handle [as handle_request] (C:\Users\bizle\OneDrive\bsean4890@gmail.com\.github\Equity-Shield-Advocates\node_modules\express\lib\router\layer.js:95:5)
    at trim_prefix (C:\Users\bizle\OneDrive\bsean4890@gmail.com\.github\Equity-Shield-Advocates\node_modules\express\lib\router\index.js:328:13)
    at C:\Users\bizle\OneDrive\bsean4890@gmail.com\.github\Equity-Shield-Advocates\node_modules\express\lib\router\index.js:286:9
    at router.process_params (C:\Users\bizle\OneDrive\bsean4890@gmail.com\.github\Equity-Shield-Advocates\node_modules\express\lib\router\index.js:346:12)
    at next (C:\Users\bizle\OneDrive\bsean4890@gmail.com\.github\Equity-Shield-Advocates\node_modules\express\lib\router\index.js:280:10)
    at expressInit (C:\Users\bizle\OneDrive\bsean4890@gmail.com\.github\Equity-Shield-Advocates\node_modules\express\lib\middleware\init.js:40:5)
    at Layer.handle [as handle_request] (C:\Users\bizle\OneDrive\bsean4890@gmail.com\.github\Equity-Shield-Advocates\node_modules\express\lib\router\layer.js:95:5)
    at trim_prefix (C:\Users\bizle\OneDrive\bsean4890@gmail.com\.github\Equity-Shield-Advocates\node_modules\express\lib\router\index.js:328:13)
    at C:\Users\bizle\OneDrive\bsean4890@gmail.com\.github\Equity-Shield-Advocates\node_modules\express\lib\router\index.js:286:9
    at router.process_params (C:\Users\bizle\OneDrive\bsean4890@gmail.com\.github\Equity-Shield-Advocates\node_modules\express\lib\router\index.js:346:12)
    at next (C:\Users\bizle\OneDrive\bsean4890@gmail.com\.github\Equity-Shield-Advocates\node_modules\express\lib\router\index.js:280:10)
    at query (C:\Users\bizle\OneDrive\bsean4890@gmail.com\.github\Equity-Shield-Advocates\node_modules\express\lib\middleware\query.js:45:5)
    at Layer.handle [as handle_request] (C:\Users\bizle\OneDrive\bsean4890@gmail.com\.github\Equity-Shield-Advocates\node_modules\express\lib\router\layer.js:95:5)
    at trim_prefix (C:\Users\bizle\OneDrive\bsean4890@gmail.com\.github\Equity-Shield-Advocates\node_modules\express\lib\router\index.js:328:13)
    at C:\Users\bizle\OneDrive\bsean4890@gmail.com\.github\Equity-Shield-Advocates\node_modules\express\lib\router\index.js:286:9
    at router.process_params (C:\Users\bizle\OneDrive\bsean4890@gmail.com\.github\Equity-Shield-Advocates\node_modules\express\lib\router\index.js:346:12)
    at next (C:\Users\bizle\OneDrive\bsean4890@gmail.com\.github\Equity-Shield-Advocates\node_modules\express\lib\router\index.js:280:10)
    at router.handle (C:\Users\bizle\OneDrive\bsean4890@gmail.com\.github\Equity-Shield-Advocates\node_modules\express\lib\router\index.js:175:3)
    at app.handle (C:\Users\bizle\OneDrive\bsean4890@gmail.com\.github\Equity-Shield-Advocates\node_modules\express\lib\application.js:181:10)
    at Server.app (C:\Users\bizle\OneDrive\bsean4890@gmail.com\.github\Equity-Shield-Advocates\node_modules\express\lib\express.js:39:9)
    at Server.emit (node:events:508:28)
    at parserOnIncoming (node:_http_server:1173:12)
    at HTTPParser.parserOnHeadersComplete (node:_http_common:121:17)
2026-06-20T23:12:35.215Z [ERROR]: Unhandled error: TypeError: Cannot read properties of undefined (reading 'headers')
    at headers (C:\Users\bizle\OneDrive\bsean4890@gmail.com\.github\Equity-Shield-Advocates\OSCAR-BROOME-REVENUE\earnings_dashboard\server.js:60:13)
    at authMiddleware (C:\Users\bizle\OneDrive\bsean4890@gmail.com\.github\Equity-Shield-Advocates\node_modules\express-basic-auth\index.js:61:18)
    at Layer.handle [as handle_request] (C:\Users\bizle\OneDrive\bsean4890@gmail.com\.github\Equity-Shield-Advocates\node_modules\express\lib\router\layer.js:95:5)
    at trim_prefix (C:\Users\bizle\OneDrive\bsean4890@gmail.com\.github\Equity-Shield-Advocates\node_modules\express\lib\router\index.js:328:13)
    at C:\Users\bizle\OneDrive\bsean4890@gmail.com\.github\Equity-Shield-Advocates\node_modules\express\lib\router\index.js:286:9
    at router.process_params (C:\Users\bizle\OneDrive\bsean4890@gmail.com\.github\Equity-Shield-Advocates\node_modules\express\lib\router\index.js:346:12)
    at next (C:\Users\bizle\OneDrive\bsean4890@gmail.com\.github\Equity-Shield-Advocates\node_modules\express\lib\router\index.js:280:10)
    at expressInit (C:\Users\bizle\OneDrive\bsean4890@gmail.com\.github\Equity-Shield-Advocates\node_modules\express\lib\middleware\init.js:40:5)
    at Layer.handle [as handle_request] (C:\Users\bizle\OneDrive\bsean4890@gmail.com\.github\Equity-Shield-Advocates\node_modules\express\lib\router\layer.js:95:5)
    at trim_prefix (C:\Users\bizle\OneDrive\bsean4890@gmail.com\.github\Equity-Shield-Advocates\node_modules\express\lib\router\index.js:328:13)
    at C:\Users\bizle\OneDrive\bsean4890@gmail.com\.github\Equity-Shield-Advocates\node_modules\express\lib\router\index.js:286:9
    at router.process_params (C:\Users\bizle\OneDrive\bsean4890@gmail.com\.github\Equity-Shield-Advocates\node_modules\express\lib\router\index.js:346:12)
    at next (C:\Users\bizle\OneDrive\bsean4890@gmail.com\.github\Equity-Shield-Advocates\node_modules\express\lib\router\index.js:280:10)
    at query (C:\Users\bizle\OneDrive\bsean4890@gmail.com\.github\Equity-Shield-Advocates\node_modules\express\lib\middleware\query.js:45:5)
    at Layer.handle [as handle_request] (C:\Users\bizle\OneDrive\bsean4890@gmail.com\.github\Equity-Shield-Advocates\node_modules\express\lib\router\layer.js:95:5)
    at trim_prefix (C:\Users\bizle\OneDrive\bsean4890@gmail.com\.github\Equity-Shield-Advocates\node_modules\express\lib\router\index.js:328:13)
    at C:\Users\bizle\OneDrive\bsean4890@gmail.com\.github\Equity-Shield-Advocates\node_modules\express\lib\router\index.js:286:9
    at router.process_params (C:\Users\bizle\OneDrive\bsean4890@gmail.com\.github\Equity-Shield-Advocates\node_modules\express\lib\router\index.js:346:12)
    at next (C:\Users\bizle\OneDrive\bsean4890@gmail.com\.github\Equity-Shield-Advocates\node_modules\express\lib\router\index.js:280:10)
    at router.handle (C:\Users\bizle\OneDrive\bsean4890@gmail.com\.github\Equity-Shield-Advocates\node_modules\express\lib\router\index.js:175:3)
    at app.handle (C:\Users\bizle\OneDrive\bsean4890@gmail.com\.github\Equity-Shield-Advocates\node_modules\express\lib\application.js:181:10)
    at Server.app (C:\Users\bizle\OneDrive\bsean4890@gmail.com\.github\Equity-Shield-Advocates\node_modules\express\lib\express.js:39:9)
    at Server.emit (node:events:508:28)
    at parserOnIncoming (node:_http_server:1173:12)
    at HTTPParser.parserOnHeadersComplete (node:_http_common:121:17)
2026-06-20T23:12:35.241Z [ERROR]: Unhandled error: TypeError: Cannot read properties of undefined (reading 'headers')
    at headers (C:\Users\bizle\OneDrive\bsean4890@gmail.com\.github\Equity-Shield-Advocates\OSCAR-BROOME-REVENUE\earnings_dashboard\server.js:60:13)
    at authMiddleware (C:\Users\bizle\OneDrive\bsean4890@gmail.com\.github\Equity-Shield-Advocates\node_modules\express-basic-auth\index.js:61:18)
    at Layer.handle [as handle_request] (C:\Users\bizle\OneDrive\bsean4890@gmail.com\.github\Equity-Shield-Advocates\node_modules\express\lib\router\layer.js:95:5)
    at trim_prefix (C:\Users\bizle\OneDrive\bsean4890@gmail.com\.github\Equity-Shield-Advocates\node_modules\express\lib\router\index.js:328:13)
    at C:\Users\bizle\OneDrive\bsean4890@gmail.com\.github\Equity-Shield-Advocates\node_modules\express\lib\router\index.js:286:9
    at router.process_params (C:\Users\bizle\OneDrive\bsean4890@gmail.com\.github\Equity-Shield-Advocates\node_modules\express\lib\router\index.js:346:12)
    at next (C:\Users\bizle\OneDrive\bsean4890@gmail.com\.github\Equity-Shield-Advocates\node_modules\express\lib\router\index.js:280:10)
    at expressInit (C:\Users\bizle\OneDrive\bsean4890@gmail.com\.github\Equity-Shield-Advocates\node_modules\express\lib\middleware\init.js:40:5)
    at Layer.handle [as handle_request] (C:\Users\bizle\OneDrive\bsean4890@gmail.com\.github\Equity-Shield-Advocates\node_modules\express\lib\router\layer.js:95:5)
    at trim_prefix (C:\Users\bizle\OneDrive\bsean4890@gmail.com\.github\Equity-Shield-Advocates\node_modules\express\lib\router\index.js:328:13)
    at C:\Users\bizle\OneDrive\bsean4890@gmail.com\.github\Equity-Shield-Advocates\node_modules\express\lib\router\index.js:286:9
    at router.process_params (C:\Users\bizle\OneDrive\bsean4890@gmail.com\.github\Equity-Shield-Advocates\node_modules\express\lib\router\index.js:346:12)
    at next (C:\Users\bizle\OneDrive\bsean4890@gmail.com\.github\Equity-Shield-Advocates\node_modules\express\lib\router\index.js:280:10)
    at query (C:\Users\bizle\OneDrive\bsean4890@gmail.com\.github\Equity-Shield-Advocates\node_modules\express\lib\middleware\query.js:45:5)
    at Layer.handle [as handle_request] (C:\Users\bizle\OneDrive\bsean4890@gmail.com\.github\Equity-Shield-Advocates\node_modules\express\lib\router\layer.js:95:5)
    at trim_prefix (C:\Users\bizle\OneDrive\bsean4890@gmail.com\.github\Equity-Shield-Advocates\node_modules\express\lib\router\index.js:328:13)
    at C:\Users\bizle\OneDrive\bsean4890@gmail.com\.github\Equity-Shield-Advocates\node_modules\express\lib\router\index.js:286:9
    at router.process_params (C:\Users\bizle\OneDrive\bsean4890@gmail.com\.github\Equity-Shield-Advocates\node_modules\express\lib\router\index.js:346:12)
    at next (C:\Users\bizle\OneDrive\bsean4890@gmail.com\.github\Equity-Shield-Advocates\node_modules\express\lib\router\index.js:280:10)
    at router.handle (C:\Users\bizle\OneDrive\bsean4890@gmail.com\.github\Equity-Shield-Advocates\node_modules\express\lib\router\index.js:175:3)
    at app.handle (C:\Users\bizle\OneDrive\bsean4890@gmail.com\.github\Equity-Shield-Advocates\node_modules\express\lib\application.js:181:10)
    at Server.app (C:\Users\bizle\OneDrive\bsean4890@gmail.com\.github\Equity-Shield-Advocates\node_modules\express\lib\express.js:39:9)
    at Server.emit (node:events:508:28)
    at parserOnIncoming (node:_http_server:1173:12)
    at HTTPParser.parserOnHeadersComplete (node:_http_common:121:17)
2026-06-20T23:12:35.258Z [ERROR]: Unhandled error: TypeError: Cannot read properties of undefined (reading 'headers')
    at headers (C:\Users\bizle\OneDrive\bsean4890@gmail.com\.github\Equity-Shield-Advocates\OSCAR-BROOME-REVENUE\earnings_dashboard\server.js:60:13)
    at authMiddleware (C:\Users\bizle\OneDrive\bsean4890@gmail.com\.github\Equity-Shield-Advocates\node_modules\express-basic-auth\index.js:61:18)
    at Layer.handle [as handle_request] (C:\Users\bizle\OneDrive\bsean4890@gmail.com\.github\Equity-Shield-Advocates\node_modules\express\lib\router\layer.js:95:5)
    at trim_prefix (C:\Users\bizle\OneDrive\bsean4890@gmail.com\.github\Equity-Shield-Advocates\node_modules\express\lib\router\index.js:328:13)
    at C:\Users\bizle\OneDrive\bsean4890@gmail.com\.github\Equity-Shield-Advocates\node_modules\express\lib\router\index.js:286:9
    at router.process_params (C:\Users\bizle\OneDrive\bsean4890@gmail.com\.github\Equity-Shield-Advocates\node_modules\express\lib\router\index.js:346:12)
    at next (C:\Users\bizle\OneDrive\bsean4890@gmail.com\.github\Equity-Shield-Advocates\node_modules\express\lib\router\index.js:280:10)
    at expressInit (C:\Users\bizle\OneDrive\bsean4890@gmail.com\.github\Equity-Shield-Advocates\node_modules\express\lib\middleware\init.js:40:5)
    at Layer.handle [as handle_request] (C:\Users\bizle\OneDrive\bsean4890@gmail.com\.github\Equity-Shield-Advocates\node_modules\express\lib\router\layer.js:95:5)
    at trim_prefix (C:\Users\bizle\OneDrive\bsean4890@gmail.com\.github\Equity-Shield-Advocates\node_modules\express\lib\router\index.js:328:13)
    at C:\Users\bizle\OneDrive\bsean4890@gmail.com\.github\Equity-Shield-Advocates\node_modules\express\lib\router\index.js:286:9
    at router.process_params (C:\Users\bizle\OneDrive\bsean4890@gmail.com\.github\Equity-Shield-Advocates\node_modules\express\lib\router\index.js:346:12)
    at next (C:\Users\bizle\OneDrive\bsean4890@gmail.com\.github\Equity-Shield-Advocates\node_modules\express\lib\router\index.js:280:10)
    at query (C:\Users\bizle\OneDrive\bsean4890@gmail.com\.github\Equity-Shield-Advocates\node_modules\express\lib\middleware\query.js:45:5)
    at Layer.handle [as handle_request] (C:\Users\bizle\OneDrive\bsean4890@gmail.com\.github\Equity-Shield-Advocates\node_modules\express\lib\router\layer.js:95:5)
    at trim_prefix (C:\Users\bizle\OneDrive\bsean4890@gmail.com\.github\Equity-Shield-Advocates\node_modules\express\lib\router\index.js:328:13)
    at C:\Users\bizle\OneDrive\bsean4890@gmail.com\.github\Equity-Shield-Advocates\node_modules\express\lib\router\index.js:286:9
    at router.process_params (C:\Users\bizle\OneDrive\bsean4890@gmail.com\.github\Equity-Shield-Advocates\node_modules\express\lib\router\index.js:346:12)
    at next (C:\Users\bizle\OneDrive\bsean4890@gmail.com\.github\Equity-Shield-Advocates\node_modules\express\lib\router\index.js:280:10)
    at router.handle (C:\Users\bizle\OneDrive\bsean4890@gmail.com\.github\Equity-Shield-Advocates\node_modules\express\lib\router\index.js:175:3)
    at app.handle (C:\Users\bizle\OneDrive\bsean4890@gmail.com\.github\Equity-Shield-Advocates\node_modules\express\lib\application.js:181:10)
    at Server.app (C:\Users\bizle\OneDrive\bsean4890@gmail.com\.github\Equity-Shield-Advocates\node_modules\express\lib\express.js:39:9)
    at Server.emit (node:events:508:28)
    at parserOnIncoming (node:_http_server:1173:12)
    at HTTPParser.parserOnHeadersComplete (node:_http_common:121:17)
2026-06-20T23:12:35.271Z [ERROR]: Unhandled error: TypeError: Cannot read properties of undefined (reading 'headers')
    at headers (C:\Users\bizle\OneDrive\bsean4890@gmail.com\.github\Equity-Shield-Advocates\OSCAR-BROOME-REVENUE\earnings_dashboard\server.js:60:13)
    at authMiddleware (C:\Users\bizle\OneDrive\bsean4890@gmail.com\.github\Equity-Shield-Advocates\node_modules\express-basic-auth\index.js:61:18)
    at Layer.handle [as handle_request] (C:\Users\bizle\OneDrive\bsean4890@gmail.com\.github\Equity-Shield-Advocates\node_modules\express\lib\router\layer.js:95:5)
    at trim_prefix (C:\Users\bizle\OneDrive\bsean4890@gmail.com\.github\Equity-Shield-Advocates\node_modules\express\lib\router\index.js:328:13)
    at C:\Users\bizle\OneDrive\bsean4890@gmail.com\.github\Equity-Shield-Advocates\node_modules\express\lib\router\index.js:286:9
    at router.process_params (C:\Users\bizle\OneDrive\bsean4890@gmail.com\.github\Equity-Shield-Advocates\node_modules\express\lib\router\index.js:346:12)
    at next (C:\Users\bizle\OneDrive\bsean4890@gmail.com\.github\Equity-Shield-Advocates\node_modules\express\lib\router\index.js:280:10)
    at expressInit (C:\Users\bizle\OneDrive\bsean4890@gmail.com\.github\Equity-Shield-Advocates\node_modules\express\lib\middleware\init.js:40:5)
    at Layer.handle [as handle_request] (C:\Users\bizle\OneDrive\bsean4890@gmail.com\.github\Equity-Shield-Advocates\node_modules\express\lib\router\layer.js:95:5)
    at trim_prefix (C:\Users\bizle\OneDrive\bsean4890@gmail.com\.github\Equity-Shield-Advocates\node_modules\express\lib\router\index.js:328:13)
    at C:\Users\bizle\OneDrive\bsean4890@gmail.com\.github\Equity-Shield-Advocates\node_modules\express\lib\router\index.js:286:9
    at router.process_params (C:\Users\bizle\OneDrive\bsean4890@gmail.com\.github\Equity-Shield-Advocates\node_modules\express\lib\router\index.js:346:12)
    at next (C:\Users\bizle\OneDrive\bsean4890@gmail.com\.github\Equity-Shield-Advocates\node_modules\express\lib\router\index.js:280:10)
    at query (C:\Users\bizle\OneDrive\bsean4890@gmail.com\.github\Equity-Shield-Advocates\node_modules\express\lib\middleware\query.js:45:5)
    at Layer.handle [as handle_request] (C:\Users\bizle\OneDrive\bsean4890@gmail.com\.github\Equity-Shield-Advocates\node_modules\express\lib\router\layer.js:95:5)
    at trim_prefix (C:\Users\bizle\OneDrive\bsean4890@gmail.com\.github\Equity-Shield-Advocates\node_modules\express\lib\router\index.js:328:13)
    at C:\Users\bizle\OneDrive\bsean4890@gmail.com\.github\Equity-Shield-Advocates\node_modules\express\lib\router\index.js:286:9
    at router.process_params (C:\Users\bizle\OneDrive\bsean4890@gmail.com\.github\Equity-Shield-Advocates\node_modules\express\lib\router\index.js:346:12)
    at next (C:\Users\bizle\OneDrive\bsean4890@gmail.com\.github\Equity-Shield-Advocates\node_modules\express\lib\router\index.js:280:10)
    at router.handle (C:\Users\bizle\OneDrive\bsean4890@gmail.com\.github\Equity-Shield-Advocates\node_modules\express\lib\router\index.js:175:3)
    at app.handle (C:\Users\bizle\OneDrive\bsean4890@gmail.com\.github\Equity-Shield-Advocates\node_modules\express\lib\application.js:181:10)
    at Server.app (C:\Users\bizle\OneDrive\bsean4890@gmail.com\.github\Equity-Shield-Advocates\node_modules\express\lib\express.js:39:9)
    at Server.emit (node:events:508:28)
    at parserOnIncoming (node:_http_server:1173:12)
    at HTTPParser.parserOnHeadersComplete (node:_http_common:121:17)
2026-06-20T23:22:27.922Z [ERROR]: MongoDB connection error: connect ECONNREFUSED ::1:27017, connect ECONNREFUSED 127.0.0.1:27017
2026-06-20T23:22:29.311Z [ERROR]: MongoDB connection error: connect ECONNREFUSED ::1:27017, connect ECONNREFUSED 127.0.0.1:27017
2026-06-20T23:22:30.407Z [ERROR]: MongoDB connection error: connect ECONNREFUSED ::1:27017, connect ECONNREFUSED 127.0.0.1:27017
2026-06-20T23:24:55.387Z [ERROR]: MongoDB connection error: connect ECONNREFUSED ::1:27017, connect ECONNREFUSED 127.0.0.1:27017
2026-06-20T23:24:56.372Z [ERROR]: MongoDB connection error: connect ECONNREFUSED ::1:27017, connect ECONNREFUSED 127.0.0.1:27017
2026-06-20T23:24:57.018Z [ERROR]: MongoDB connection error: connect ECONNREFUSED ::1:27017, connect ECONNREFUSED 127.0.0.1:27017
2026-06-20T23:26:44.841Z [ERROR]: MongoDB connection error: connect ECONNREFUSED ::1:27017, connect ECONNREFUSED 127.0.0.1:27017
2026-06-20T23:26:46.182Z [ERROR]: MongoDB connection error: connect ECONNREFUSED ::1:27017, connect ECONNREFUSED 127.0.0.1:27017
2026-06-20T23:26:47.136Z [ERROR]: MongoDB connection error: connect ECONNREFUSED ::1:27017, connect ECONNREFUSED 127.0.0.1:27017
2026-06-20T23:42:46.200Z [ERROR]: MongoDB connection error: connect ECONNREFUSED ::1:27017, connect ECONNREFUSED 127.0.0.1:27017
2026-06-20T23:42:46.953Z [ERROR]: MongoDB connection error: connect ECONNREFUSED ::1:27017, connect ECONNREFUSED 127.0.0.1:27017
2026-06-20T23:42:47.608Z [ERROR]: MongoDB connection error: connect ECONNREFUSED ::1:27017, connect ECONNREFUSED 127.0.0.1:27017
2026-06-20T23:49:58.489Z [ERROR]: MongoDB connection error: connect ECONNREFUSED ::1:27017, connect ECONNREFUSED 127.0.0.1:27017
2026-06-20T23:49:59.185Z [ERROR]: MongoDB connection error: connect ECONNREFUSED ::1:27017, connect ECONNREFUSED 127.0.0.1:27017
2026-06-20T23:49:59.888Z [ERROR]: MongoDB connection error: connect ECONNREFUSED ::1:27017, connect ECONNREFUSED 127.0.0.1:27017
2026-06-20T23:55:25.823Z [ERROR]: MongoDB connection error: connect ECONNREFUSED ::1:27017, connect ECONNREFUSED 127.0.0.1:27017
2026-06-20T23:55:26.397Z [ERROR]: MongoDB connection error: connect ECONNREFUSED ::1:27017, connect ECONNREFUSED 127.0.0.1:27017
2026-06-20T23:55:26.968Z [ERROR]: MongoDB connection error: connect ECONNREFUSED ::1:27017, connect ECONNREFUSED 127.0.0.1:27017
