::1 - - [29/Sep/2025:21:09:24 +0000] "GET /jpmorgan/treasury/health HTTP/1.1" 200 237 "-" "axios/1.12.2"
::1 - - [29/Sep/2025:21:09:24 +0000] "GET /jpmorgan/treasury/cash-positions HTTP/1.1" 200 397 "-" "axios/1.12.2"
::1 - - [29/Sep/2025:21:09:24 +0000] "GET /jpmorgan/treasury/fx-rates HTTP/1.1" 200 423 "-" "axios/1.12.2"
::1 - - [29/Sep/2025:21:09:24 +0000] "GET /jpmorgan/treasury/liquidity-forecast HTTP/1.1" 200 - "-" "axios/1.12.2"
::1 - - [29/Sep/2025:21:09:24 +0000] "GET /jpmorgan/treasury/risk-exposure HTTP/1.1" 200 238 "-" "axios/1.12.2"
::1 - - [29/Sep/2025:21:09:24 +0000] "POST /jpmorgan/treasury/investment-instruction HTTP/1.1" 200 351 "-" "axios/1.12.2"
::1 - - [29/Sep/2025:21:09:24 +0000] "GET /jpmorgan/treasury/portfolio-performance HTTP/1.1" 200 229 "-" "axios/1.12.2"
::1 - - [29/Sep/2025:21:09:24 +0000] "GET /jpmorgan/treasury/cash-flow-analytics HTTP/1.1" 200 - "-" "axios/1.12.2"
::1 - - [29/Sep/2025:21:09:24 +0000] "GET /jpmorgan/treasury/cash-positions HTTP/1.1" 200 397 "-" "axios/1.12.2"
::1 - - [29/Sep/2025:21:09:24 +0000] "GET /jpmorgan/treasury/fx-rates HTTP/1.1" 200 423 "-" "axios/1.12.2"
::1 - - [29/Sep/2025:21:09:24 +0000] "GET /jpmorgan/treasury/risk-exposure HTTP/1.1" 200 238 "-" "axios/1.12.2"
::1 - - [29/Sep/2025:21:09:24 +0000] "GET /jpmorgan/treasury/portfolio-performance HTTP/1.1" 200 229 "-" "axios/1.12.2"
::1 - - [29/Sep/2025:21:09:24 +0000] "GET /jpmorgan/treasury/liquidity-forecast HTTP/1.1" 200 - "-" "axios/1.12.2"
::1 - - [29/Sep/2025:21:09:24 +0000] "GET /jpmorgan/treasury/cash-flow-analytics HTTP/1.1" 200 - "-" "axios/1.12.2"
::1 - - [29/Sep/2025:21:10:09 +0000] "GET / HTTP/1.1" 404 83 "-" "Mozilla/5.0 (Macintosh; Intel Mac OS X 10_15_7) AppleWebKit/537.36 (KHTML, like Gecko) Chrome/128.0.0.0 Safari/537.36"
::1 - - [29/Sep/2025:21:10:09 +0000] "GET /favicon.ico HTTP/1.1" 404 94 "-" "Mozilla/5.0 (Macintosh; Intel Mac OS X 10_15_7) AppleWebKit/537.36 (KHTML, like Gecko) Chrome/128.0.0.0 Safari/537.36"
::1 - - [29/Sep/2025:21:11:41 +0000] "GET /jpmorgan/health HTTP/1.1" 200 246 "-" "axios/1.12.2"
::1 - - [29/Sep/2025:21:11:41 +0000] "POST /jpmorgan/create-payment HTTP/1.1" 200 452 "-" "axios/1.12.2"
::1 - - [29/Sep/2025:21:11:41 +0000] "GET /jpmorgan/payment-status/mock-payment-1759180301106-x14xc0ua4 HTTP/1.1" 200 296 "-" "axios/1.12.2"
::1 - - [29/Sep/2025:21:11:41 +0000] "POST /jpmorgan/refund HTTP/1.1" 200 314 "-" "axios/1.12.2"
::1 - - [29/Sep/2025:21:11:41 +0000] "POST /jpmorgan/capture HTTP/1.1" 200 293 "-" "axios/1.12.2"
::1 - - [29/Sep/2025:21:11:41 +0000] "POST /jpmorgan/void HTTP/1.1" 200 269 "-" "axios/1.12.2"
::1 - - [29/Sep/2025:21:11:41 +0000] "GET /jpmorgan/transactions?limit=10 HTTP/1.1" 200 - "-" "axios/1.12.2"
::1 - - [29/Sep/2025:21:11:41 +0000] "POST /jpmorgan/webhook HTTP/1.1" 200 17 "-" "axios/1.12.2"
::1 - - [29/Sep/2025:21:11:54 +0000] "POST /api/merchant/create-merchant-payment-intent HTTP/1.1" 200 253 "-" "axios/1.12.2"
::1 - - [29/Sep/2025:21:11:54 +0000] "POST /api/merchant/merchant-webhook HTTP/1.1" 200 29 "-" "axios/1.12.2"
::1 - - [29/Sep/2025:21:11:54 +0000] "POST /api/merchant/create-merchant-payment-intent HTTP/1.1" 400 30 "-" "axios/1.12.2"
::1 - - [29/Sep/2025:21:12:10 +0000] "GET /health HTTP/1.1" 200 125 "-" "axios/1.12.2"
::1 - - [29/Sep/2025:21:12:10 +0000] "GET /api/payroll/employees HTTP/1.1" 200 26 "-" "axios/1.12.2"
::1 - - [29/Sep/2025:21:12:10 +0000] "POST /api/payroll/employees HTTP/1.1" 200 56 "-" "axios/1.12.2"
::1 - - [29/Sep/2025:21:12:10 +0000] "POST /api/payroll/calculate HTTP/1.1" 200 236 "-" "axios/1.12.2"
::1 - - [29/Sep/2025:21:12:10 +0000] "POST /api/payroll/process HTTP/1.1" 200 163 "-" "axios/1.12.2"
::1 - - [29/Sep/2025:21:12:10 +0000] "DELETE /api/payroll/employees/test-emp-1759180330874 HTTP/1.1" 200 58 "-" "axios/1.12.2"
::1 - - [29/Sep/2025:21:18:50 +0000] "GET /override-dashboard.html HTTP/1.1" 200 - "-" "Mozilla/5.0 (Macintosh; Intel Mac OS X 10_15_7) AppleWebKit/537.36 (KHTML, like Gecko) Chrome/128.0.0.0 Safari/537.36"
::1 - - [29/Sep/2025:21:18:50 +0000] "GET /styles.css HTTP/1.1" 404 93 "-" "Mozilla/5.0 (Macintosh; Intel Mac OS X 10_15_7) AppleWebKit/537.36 (KHTML, like Gecko) Chrome/128.0.0.0 Safari/537.36"
::1 - - [29/Sep/2025:21:18:50 +0000] "GET /override-dashboard.css HTTP/1.1" 200 - "-" "Mozilla/5.0 (Macintosh; Intel Mac OS X 10_15_7) AppleWebKit/537.36 (KHTML, like Gecko) Chrome/128.0.0.0 Safari/537.36"
::1 - - [29/Sep/2025:21:18:50 +0000] "GET /styles.css HTTP/1.1" 404 93 "-" "Mozilla/5.0 (Macintosh; Intel Mac OS X 10_15_7) AppleWebKit/537.36 (KHTML, like Gecko) Chrome/128.0.0.0 Safari/537.36"
::1 - - [29/Sep/2025:21:18:51 +0000] "GET /favicon.ico HTTP/1.1" 404 94 "-" "Mozilla/5.0 (Macintosh; Intel Mac OS X 10_15_7) AppleWebKit/537.36 (KHTML, like Gecko) Chrome/128.0.0.0 Safari/537.36"
