{"email":"test@example.com","error":"Failed to save user: ENOENT: no such file or directory, open 'C:\\Users\\tiffa\\OneDrive\\Desktop\\OSCAR-BROOME-REVENUE\\data\\users.json'","level":"error","message":"USER REGISTRATION FAILED","service":"standard-auth","timestamp":"2025-09-04T05:11:34.187Z","username":"testuser"}
{"email":"account@example.com","error":"Failed to save user: ENOENT: no such file or directory, open 'C:\\Users\\tiffa\\OneDrive\\Desktop\\OSCAR-BROOME-REVENUE\\data\\users.json'","level":"error","message":"USER REGISTRATION FAILED","service":"standard-auth","timestamp":"2025-09-04T05:11:34.553Z","username":"accountuser"}
{"email":"auto@example.com","error":"Failed to save user: ENOENT: no such file or directory, open 'C:\\Users\\tiffa\\OneDrive\\Desktop\\OSCAR-BROOME-REVENUE\\data\\users.json'","level":"error","message":"USER REGISTRATION FAILED","service":"standard-auth","timestamp":"2025-09-04T05:11:34.911Z","username":"autouser"}
{"email":"test@example.com","level":"info","message":"USER REGISTERED","role":"user","service":"standard-auth","timestamp":"2025-09-04T05:12:19.635Z","userId":"USER_1756962739635_4E5AC35A","username":"testuser"}
{"level":"info","message":"USER LOGIN SUCCESSFUL","service":"standard-auth","timestamp":"2025-09-04T05:12:20.171Z","userId":"USER_1756962739635_4E5AC35A","username":"testuser"}
{"level":"info","message":"PASSWORD CHANGED","service":"standard-auth","timestamp":"2025-09-04T05:12:21.062Z","userId":"USER_1756962739635_4E5AC35A"}
{"level":"info","message":"USER LOGIN SUCCESSFUL","service":"standard-auth","timestamp":"2025-09-04T05:12:21.443Z","userId":"USER_1756962739635_4E5AC35A","username":"testuser"}
{"level":"info","message":"MFA ENABLED","service":"standard-auth","timestamp":"2025-09-04T05:12:21.449Z","userId":"USER_1756962739635_4E5AC35A"}
{"adminUserId":"admin@oscarsystem.com","level":"info","message":"USER DEACTIVATED","service":"standard-auth","timestamp":"2025-09-04T05:12:21.506Z","userId":"USER_1756962739635_4E5AC35A"}
{"email":"account@example.com","level":"info","message":"USER REGISTERED","role":"finance","service":"standard-auth","timestamp":"2025-09-04T05:12:21.891Z","userId":"USER_1756962741891_69CA8627","username":"accountuser"}
{"level":"info","message":"USER LOGIN SUCCESSFUL","service":"standard-auth","timestamp":"2025-09-04T05:12:22.270Z","userId":"USER_1756962741891_69CA8627","username":"accountuser"}
{"email":"auto@example.com","level":"info","message":"USER REGISTERED","role":"finance","service":"standard-auth","timestamp":"2025-09-04T05:12:22.675Z","userId":"USER_1756962742674_981AE3F2","username":"autouser"}
{"level":"info","message":"USER LOGIN SUCCESSFUL","service":"standard-auth","timestamp":"2025-09-04T05:12:23.794Z","userId":"USER_1756962742674_981AE3F2","username":"autouser"}
{"email":"api@example.com","level":"info","message":"USER REGISTERED","role":"user","service":"standard-auth","timestamp":"2025-09-04T05:14:56.619Z","userId":"USER_1756962896619_CBC4B883","username":"apiuser"}
{"level":"info","message":"USER LOGIN SUCCESSFUL","service":"standard-auth","timestamp":"2025-09-04T05:14:57.034Z","userId":"USER_1756962896619_CBC4B883","username":"apiuser"}
{"level":"info","message":"PASSWORD CHANGED","service":"standard-auth","timestamp":"2025-09-04T05:14:57.786Z","userId":"USER_1756962896619_CBC4B883"}
{"level":"info","message":"MFA ENABLED","service":"standard-auth","timestamp":"2025-09-04T05:14:57.790Z","userId":"USER_1756962896619_CBC4B883"}
{"adminUserId":"admin@oscarsystem.com","level":"info","message":"USER DEACTIVATED","service":"standard-auth","timestamp":"2025-09-04T05:14:57.796Z","userId":"USER_1756962896619_CBC4B883"}
{"email":"invalid-email","level":"info","message":"USER REGISTERED","role":"user","service":"standard-auth","timestamp":"2025-09-04T05:14:58.186Z","userId":"USER_1756962898186_F3F4B0B8","username":"edgeuser"}
{"email":"weak@example.com","level":"info","message":"USER REGISTERED","role":"user","service":"standard-auth","timestamp":"2025-09-04T05:14:58.568Z","userId":"USER_1756962898568_AB5FC7AA","username":"weakpass"}
{"email":"duplicate@example.com","error":"Username already exists","level":"error","message":"USER REGISTRATION FAILED","service":"standard-auth","timestamp":"2025-09-04T05:14:58.571Z","username":"apiuser"}
{"error":"Invalid credentials","level":"warn","message":"USER LOGIN FAILED","service":"standard-auth","timestamp":"2025-09-04T05:14:58.588Z","usernameOrEmail":"nonexistent"}
{"email":"accountapi@example.com","level":"info","message":"USER REGISTERED","role":"finance","service":"standard-auth","timestamp":"2025-09-04T05:14:58.960Z","userId":"USER_1756962898960_226D5D4E","username":"accountapi"}
{"email":"autofinance@example.com","level":"info","message":"USER REGISTERED","role":"finance","service":"standard-auth","timestamp":"2025-09-04T05:14:59.347Z","userId":"USER_1756962899346_D1E8DB45","username":"autofinance"}
{"level":"info","message":"USER LOGIN SUCCESSFUL","service":"standard-auth","timestamp":"2025-09-04T05:14:59.723Z","userId":"USER_1756962899346_D1E8DB45","username":"autofinance"}
{"email":"security@example.com","level":"info","message":"USER REGISTERED","role":"user","service":"standard-auth","timestamp":"2025-09-04T05:15:00.103Z","userId":"USER_1756962900103_802368DB","username":"securityuser"}
{"level":"info","message":"MFA ENABLED","service":"standard-auth","timestamp":"2025-09-04T05:15:00.107Z","userId":"USER_1756962900103_802368DB"}
{"email":"perf1@example.com","level":"info","message":"USER REGISTERED","role":"user","service":"standard-auth","timestamp":"2025-09-04T05:15:00.567Z","userId":"USER_1756962900566_B7E4A5B5","username":"perfuser1"}
{"email":"perf2@example.com","level":"info","message":"USER REGISTERED","role":"user","service":"standard-auth","timestamp":"2025-09-04T05:15:00.667Z","userId":"USER_1756962900667_1B39AF93","username":"perfuser2"}
{"email":"perf0@example.com","level":"info","message":"USER REGISTERED","role":"user","service":"standard-auth","timestamp":"2025-09-04T05:15:00.684Z","userId":"USER_1756962900684_E69569FF","username":"perfuser0"}
{"email":"perf3@example.com","level":"info","message":"USER REGISTERED","role":"user","service":"standard-auth","timestamp":"2025-09-04T05:15:00.689Z","userId":"USER_1756962900689_69E424D4","username":"perfuser3"}
{"email":"perf4@example.com","level":"info","message":"USER REGISTERED","role":"user","service":"standard-auth","timestamp":"2025-09-04T05:15:01.184Z","userId":"USER_1756962901184_A76BF108","username":"perfuser4"}
{"email":"perf5@example.com","level":"info","message":"USER REGISTERED","role":"user","service":"standard-auth","timestamp":"2025-09-04T05:15:01.407Z","userId":"USER_1756962901407_92B6EF7B","username":"perfuser5"}
{"email":"perf7@example.com","level":"info","message":"USER REGISTERED","role":"user","service":"standard-auth","timestamp":"2025-09-04T05:15:01.536Z","userId":"USER_1756962901536_090B6DE0","username":"perfuser7"}
{"email":"perf6@example.com","level":"info","message":"USER REGISTERED","role":"user","service":"standard-auth","timestamp":"2025-09-04T05:15:01.651Z","userId":"USER_1756962901651_75CD38E0","username":"perfuser6"}
{"email":"perf8@example.com","level":"info","message":"USER REGISTERED","role":"user","service":"standard-auth","timestamp":"2025-09-04T05:15:02.054Z","userId":"USER_1756962902054_9070BE52","username":"perfuser8"}
{"email":"perf9@example.com","level":"info","message":"USER REGISTERED","role":"user","service":"standard-auth","timestamp":"2025-09-04T05:15:02.251Z","userId":"USER_1756962902251_C3AC24A9","username":"perfuser9"}
{"email":"concurrent@example.com","level":"info","message":"USER REGISTERED","role":"finance","service":"standard-auth","timestamp":"2025-09-04T05:15:03.306Z","userId":"USER_1756962903306_38A1EA99","username":"concurrentuser"}
{"level":"info","message":"USER LOGIN SUCCESSFUL","service":"standard-auth","timestamp":"2025-09-04T05:15:03.940Z","userId":"USER_1756962903306_38A1EA99","username":"concurrentuser"}
{"level":"info","message":"USER LOGIN SUCCESSFUL","service":"standard-auth","timestamp":"2025-09-04T05:15:03.990Z","userId":"USER_1756962903306_38A1EA99","username":"concurrentuser"}
{"level":"info","message":"USER LOGIN SUCCESSFUL","service":"standard-auth","timestamp":"2025-09-04T05:15:04.058Z","userId":"USER_1756962903306_38A1EA99","username":"concurrentuser"}
{"level":"info","message":"USER LOGIN SUCCESSFUL","service":"standard-auth","timestamp":"2025-09-04T05:15:04.124Z","userId":"USER_1756962903306_38A1EA99","username":"concurrentuser"}
{"level":"info","message":"USER LOGIN SUCCESSFUL","service":"standard-auth","timestamp":"2025-09-04T05:15:04.510Z","userId":"USER_1756962903306_38A1EA99","username":"concurrentuser"}
{"level":"info","message":"USER LOGIN SUCCESSFUL","service":"standard-auth","timestamp":"2025-09-04T05:15:04.636Z","userId":"USER_1756962903306_38A1EA99","username":"concurrentuser"}
{"level":"info","message":"USER LOGIN SUCCESSFUL","service":"standard-auth","timestamp":"2025-09-04T05:15:04.652Z","userId":"USER_1756962903306_38A1EA99","username":"concurrentuser"}
{"level":"info","message":"USER LOGIN SUCCESSFUL","service":"standard-auth","timestamp":"2025-09-04T05:15:04.723Z","userId":"USER_1756962903306_38A1EA99","username":"concurrentuser"}
{"level":"info","message":"USER LOGIN SUCCESSFUL","service":"standard-auth","timestamp":"2025-09-04T05:15:05.623Z","userId":"USER_1756962903306_38A1EA99","username":"concurrentuser"}
{"level":"info","message":"USER LOGIN SUCCESSFUL","service":"standard-auth","timestamp":"2025-09-04T05:15:05.879Z","userId":"USER_1756962903306_38A1EA99","username":"concurrentuser"}
{"level":"info","message":"USER LOGIN SUCCESSFUL","service":"standard-auth","timestamp":"2025-09-04T05:15:06.010Z","userId":"USER_1756962903306_38A1EA99","username":"concurrentuser"}
{"level":"info","message":"USER LOGIN SUCCESSFUL","service":"standard-auth","timestamp":"2025-09-04T05:15:06.107Z","userId":"USER_1756962903306_38A1EA99","username":"concurrentuser"}
{"level":"info","message":"USER LOGIN SUCCESSFUL","service":"standard-auth","timestamp":"2025-09-04T05:15:06.744Z","userId":"USER_1756962903306_38A1EA99","username":"concurrentuser"}
{"level":"info","message":"USER LOGIN SUCCESSFUL","service":"standard-auth","timestamp":"2025-09-04T05:15:06.921Z","userId":"USER_1756962903306_38A1EA99","username":"concurrentuser"}
{"level":"info","message":"USER LOGIN SUCCESSFUL","service":"standard-auth","timestamp":"2025-09-04T05:15:07.041Z","userId":"USER_1756962903306_38A1EA99","username":"concurrentuser"}
{"level":"info","message":"USER LOGIN SUCCESSFUL","service":"standard-auth","timestamp":"2025-09-04T05:15:07.123Z","userId":"USER_1756962903306_38A1EA99","username":"concurrentuser"}
{"level":"info","message":"USER LOGIN SUCCESSFUL","service":"standard-auth","timestamp":"2025-09-04T05:15:07.458Z","userId":"USER_1756962903306_38A1EA99","username":"concurrentuser"}
{"level":"info","message":"USER LOGIN SUCCESSFUL","service":"standard-auth","timestamp":"2025-09-04T05:15:07.540Z","userId":"USER_1756962903306_38A1EA99","username":"concurrentuser"}
{"level":"info","message":"USER LOGIN SUCCESSFUL","service":"standard-auth","timestamp":"2025-09-04T05:15:07.750Z","userId":"USER_1756962903306_38A1EA99","username":"concurrentuser"}
{"level":"info","message":"USER LOGIN SUCCESSFUL","service":"standard-auth","timestamp":"2025-09-04T05:15:07.856Z","userId":"USER_1756962903306_38A1EA99","username":"concurrentuser"}
{"level":"info","message":"USER LOGIN SUCCESSFUL","service":"standard-auth","timestamp":"2025-09-04T05:15:08.089Z","userId":"USER_1756962903306_38A1EA99","username":"concurrentuser"}
{"level":"info","message":"USER LOGIN SUCCESSFUL","service":"standard-auth","timestamp":"2025-09-04T05:15:08.143Z","userId":"USER_1756962903306_38A1EA99","username":"concurrentuser"}
{"level":"info","message":"USER LOGIN SUCCESSFUL","service":"standard-auth","timestamp":"2025-09-04T05:15:08.675Z","userId":"USER_1756962903306_38A1EA99","username":"concurrentuser"}
{"level":"info","message":"USER LOGIN SUCCESSFUL","service":"standard-auth","timestamp":"2025-09-04T05:15:08.789Z","userId":"USER_1756962903306_38A1EA99","username":"concurrentuser"}
{"level":"info","message":"USER LOGIN SUCCESSFUL","service":"standard-auth","timestamp":"2025-09-04T05:15:09.158Z","userId":"USER_1756962903306_38A1EA99","username":"concurrentuser"}
{"level":"info","message":"USER LOGIN SUCCESSFUL","service":"standard-auth","timestamp":"2025-09-04T05:15:09.289Z","userId":"USER_1756962903306_38A1EA99","username":"concurrentuser"}
{"level":"info","message":"USER LOGIN SUCCESSFUL","service":"standard-auth","timestamp":"2025-09-04T05:15:09.406Z","userId":"USER_1756962903306_38A1EA99","username":"concurrentuser"}
{"level":"info","message":"USER LOGIN SUCCESSFUL","service":"standard-auth","timestamp":"2025-09-04T05:15:09.506Z","userId":"USER_1756962903306_38A1EA99","username":"concurrentuser"}
{"level":"info","message":"USER LOGIN SUCCESSFUL","service":"standard-auth","timestamp":"2025-09-04T05:15:10.042Z","userId":"USER_1756962903306_38A1EA99","username":"concurrentuser"}
{"level":"info","message":"USER LOGIN SUCCESSFUL","service":"standard-auth","timestamp":"2025-09-04T05:15:10.189Z","userId":"USER_1756962903306_38A1EA99","username":"concurrentuser"}
{"level":"info","message":"USER LOGIN SUCCESSFUL","service":"standard-auth","timestamp":"2025-09-04T05:15:10.289Z","userId":"USER_1756962903306_38A1EA99","username":"concurrentuser"}
{"level":"info","message":"USER LOGIN SUCCESSFUL","service":"standard-auth","timestamp":"2025-09-04T05:15:10.406Z","userId":"USER_1756962903306_38A1EA99","username":"concurrentuser"}
{"level":"info","message":"USER LOGIN SUCCESSFUL","service":"standard-auth","timestamp":"2025-09-04T05:15:11.000Z","userId":"USER_1756962903306_38A1EA99","username":"concurrentuser"}
{"level":"info","message":"USER LOGIN SUCCESSFUL","service":"standard-auth","timestamp":"2025-09-04T05:15:11.172Z","userId":"USER_1756962903306_38A1EA99","username":"concurrentuser"}
{"level":"info","message":"USER LOGIN SUCCESSFUL","service":"standard-auth","timestamp":"2025-09-04T05:15:11.385Z","userId":"USER_1756962903306_38A1EA99","username":"concurrentuser"}
{"level":"info","message":"USER LOGIN SUCCESSFUL","service":"standard-auth","timestamp":"2025-09-04T05:15:11.587Z","userId":"USER_1756962903306_38A1EA99","username":"concurrentuser"}
{"level":"info","message":"USER LOGIN SUCCESSFUL","service":"standard-auth","timestamp":"2025-09-04T05:15:12.120Z","userId":"USER_1756962903306_38A1EA99","username":"concurrentuser"}
{"level":"info","message":"USER LOGIN SUCCESSFUL","service":"standard-auth","timestamp":"2025-09-04T05:15:12.188Z","userId":"USER_1756962903306_38A1EA99","username":"concurrentuser"}
{"level":"info","message":"USER LOGIN SUCCESSFUL","service":"standard-auth","timestamp":"2025-09-04T05:15:12.375Z","userId":"USER_1756962903306_38A1EA99","username":"concurrentuser"}
{"level":"info","message":"USER LOGIN SUCCESSFUL","service":"standard-auth","timestamp":"2025-09-04T05:15:12.458Z","userId":"USER_1756962903306_38A1EA99","username":"concurrentuser"}
{"level":"info","message":"USER LOGIN SUCCESSFUL","service":"standard-auth","timestamp":"2025-09-04T05:15:13.271Z","userId":"USER_1756962903306_38A1EA99","username":"concurrentuser"}
{"level":"info","message":"USER LOGIN SUCCESSFUL","service":"standard-auth","timestamp":"2025-09-04T05:15:13.458Z","userId":"USER_1756962903306_38A1EA99","username":"concurrentuser"}
{"level":"info","message":"USER LOGIN SUCCESSFUL","service":"standard-auth","timestamp":"2025-09-04T05:15:13.636Z","userId":"USER_1756962903306_38A1EA99","username":"concurrentuser"}
{"level":"info","message":"USER LOGIN SUCCESSFUL","service":"standard-auth","timestamp":"2025-09-04T05:15:13.806Z","userId":"USER_1756962903306_38A1EA99","username":"concurrentuser"}
{"level":"info","message":"USER LOGIN SUCCESSFUL","service":"standard-auth","timestamp":"2025-09-04T05:15:14.389Z","userId":"USER_1756962903306_38A1EA99","username":"concurrentuser"}
{"level":"info","message":"USER LOGIN SUCCESSFUL","service":"standard-auth","timestamp":"2025-09-04T05:15:14.575Z","userId":"USER_1756962903306_38A1EA99","username":"concurrentuser"}
{"level":"info","message":"USER LOGIN SUCCESSFUL","service":"standard-auth","timestamp":"2025-09-04T05:15:14.822Z","userId":"USER_1756962903306_38A1EA99","username":"concurrentuser"}
{"level":"info","message":"USER LOGIN SUCCESSFUL","service":"standard-auth","timestamp":"2025-09-04T05:15:14.893Z","userId":"USER_1756962903306_38A1EA99","username":"concurrentuser"}
{"level":"info","message":"USER LOGIN SUCCESSFUL","service":"standard-auth","timestamp":"2025-09-04T05:15:15.141Z","userId":"USER_1756962903306_38A1EA99","username":"concurrentuser"}
{"level":"info","message":"USER LOGIN SUCCESSFUL","service":"standard-auth","timestamp":"2025-09-04T05:15:15.310Z","userId":"USER_1756962903306_38A1EA99","username":"concurrentuser"}
{"email":"api@example.com","error":"Username already exists","level":"error","message":"USER REGISTRATION FAILED","service":"standard-auth","timestamp":"2025-09-10T18:50:21.913Z","username":"apiuser"}
{"email":"invalid-email","error":"Username already exists","level":"error","message":"USER REGISTRATION FAILED","service":"standard-auth","timestamp":"2025-09-10T18:50:21.930Z","username":"edgeuser"}
{"email":"weak@example.com","error":"Username already exists","level":"error","message":"USER REGISTRATION FAILED","service":"standard-auth","timestamp":"2025-09-10T18:50:21.937Z","username":"weakpass"}
{"email":"duplicate@example.com","error":"Username already exists","level":"error","message":"USER REGISTRATION FAILED","service":"standard-auth","timestamp":"2025-09-10T18:50:21.939Z","username":"apiuser"}
{"error":"Invalid credentials","level":"warn","message":"USER LOGIN FAILED","service":"standard-auth","timestamp":"2025-09-10T18:50:22.078Z","usernameOrEmail":"nonexistent"}
{"email":"accountapi@example.com","error":"Username already exists","level":"error","message":"USER REGISTRATION FAILED","service":"standard-auth","timestamp":"2025-09-10T18:50:22.082Z","username":"accountapi"}
{"email":"autofinance@example.com","error":"Username already exists","level":"error","message":"USER REGISTRATION FAILED","service":"standard-auth","timestamp":"2025-09-10T18:50:22.086Z","username":"autofinance"}
{"email":"security@example.com","error":"Username already exists","level":"error","message":"USER REGISTRATION FAILED","service":"standard-auth","timestamp":"2025-09-10T18:50:22.089Z","username":"securityuser"}
{"email":"perf0@example.com","error":"Username already exists","level":"error","message":"USER REGISTRATION FAILED","service":"standard-auth","timestamp":"2025-09-10T18:50:22.096Z","username":"perfuser0"}
{"email":"perf1@example.com","error":"Username already exists","level":"error","message":"USER REGISTRATION FAILED","service":"standard-auth","timestamp":"2025-09-10T18:50:22.099Z","username":"perfuser1"}
{"email":"perf2@example.com","error":"Username already exists","level":"error","message":"USER REGISTRATION FAILED","service":"standard-auth","timestamp":"2025-09-10T18:50:22.100Z","username":"perfuser2"}
{"email":"perf3@example.com","error":"Username already exists","level":"error","message":"USER REGISTRATION FAILED","service":"standard-auth","timestamp":"2025-09-10T18:50:22.101Z","username":"perfuser3"}
{"email":"perf4@example.com","error":"Username already exists","level":"error","message":"USER REGISTRATION FAILED","service":"standard-auth","timestamp":"2025-09-10T18:50:22.102Z","username":"perfuser4"}
{"email":"perf5@example.com","error":"Username already exists","level":"error","message":"USER REGISTRATION FAILED","service":"standard-auth","timestamp":"2025-09-10T18:50:22.103Z","username":"perfuser5"}
{"email":"perf6@example.com","error":"Username already exists","level":"error","message":"USER REGISTRATION FAILED","service":"standard-auth","timestamp":"2025-09-10T18:50:22.104Z","username":"perfuser6"}
{"email":"perf7@example.com","error":"Username already exists","level":"error","message":"USER REGISTRATION FAILED","service":"standard-auth","timestamp":"2025-09-10T18:50:22.104Z","username":"perfuser7"}
{"email":"perf8@example.com","error":"Username already exists","level":"error","message":"USER REGISTRATION FAILED","service":"standard-auth","timestamp":"2025-09-10T18:50:22.105Z","username":"perfuser8"}
{"email":"perf9@example.com","error":"Username already exists","level":"error","message":"USER REGISTRATION FAILED","service":"standard-auth","timestamp":"2025-09-10T18:50:22.106Z","username":"perfuser9"}
{"email":"api@example.com","error":"Username already exists","level":"error","message":"USER REGISTRATION FAILED","service":"standard-auth","timestamp":"2025-09-10T18:57:00.969Z","username":"apiuser"}
{"email":"invalid-email","error":"Username already exists","level":"error","message":"USER REGISTRATION FAILED","service":"standard-auth","timestamp":"2025-09-10T18:57:01.003Z","username":"edgeuser"}
{"email":"weak@example.com","error":"Username already exists","level":"error","message":"USER REGISTRATION FAILED","service":"standard-auth","timestamp":"2025-09-10T18:57:01.007Z","username":"weakpass"}
{"email":"duplicate@example.com","error":"Username already exists","level":"error","message":"USER REGISTRATION FAILED","service":"standard-auth","timestamp":"2025-09-10T18:57:01.013Z","username":"apiuser"}
{"error":"Invalid credentials","level":"warn","message":"USER LOGIN FAILED","service":"standard-auth","timestamp":"2025-09-10T18:57:01.026Z","usernameOrEmail":"nonexistent"}
{"email":"accountapi@example.com","error":"Username already exists","level":"error","message":"USER REGISTRATION FAILED","service":"standard-auth","timestamp":"2025-09-10T18:57:01.035Z","username":"accountapi"}
{"email":"autofinance@example.com","error":"Username already exists","level":"error","message":"USER REGISTRATION FAILED","service":"standard-auth","timestamp":"2025-09-10T18:57:01.040Z","username":"autofinance"}
{"email":"security@example.com","error":"Username already exists","level":"error","message":"USER REGISTRATION FAILED","service":"standard-auth","timestamp":"2025-09-10T18:57:01.048Z","username":"securityuser"}
{"email":"perf0@example.com","error":"Username already exists","level":"error","message":"USER REGISTRATION FAILED","service":"standard-auth","timestamp":"2025-09-10T18:57:01.060Z","username":"perfuser0"}
{"email":"perf1@example.com","error":"Username already exists","level":"error","message":"USER REGISTRATION FAILED","service":"standard-auth","timestamp":"2025-09-10T18:57:01.061Z","username":"perfuser1"}
{"email":"perf2@example.com","error":"Username already exists","level":"error","message":"USER REGISTRATION FAILED","service":"standard-auth","timestamp":"2025-09-10T18:57:01.064Z","username":"perfuser2"}
{"email":"perf3@example.com","error":"Username already exists","level":"error","message":"USER REGISTRATION FAILED","service":"standard-auth","timestamp":"2025-09-10T18:57:01.064Z","username":"perfuser3"}
{"email":"perf4@example.com","error":"Username already exists","level":"error","message":"USER REGISTRATION FAILED","service":"standard-auth","timestamp":"2025-09-10T18:57:01.065Z","username":"perfuser4"}
{"email":"perf5@example.com","error":"Username already exists","level":"error","message":"USER REGISTRATION FAILED","service":"standard-auth","timestamp":"2025-09-10T18:57:01.066Z","username":"perfuser5"}
{"email":"perf6@example.com","error":"Username already exists","level":"error","message":"USER REGISTRATION FAILED","service":"standard-auth","timestamp":"2025-09-10T18:57:01.067Z","username":"perfuser6"}
{"email":"perf7@example.com","error":"Username already exists","level":"error","message":"USER REGISTRATION FAILED","service":"standard-auth","timestamp":"2025-09-10T18:57:01.069Z","username":"perfuser7"}
{"email":"perf8@example.com","error":"Username already exists","level":"error","message":"USER REGISTRATION FAILED","service":"standard-auth","timestamp":"2025-09-10T18:57:01.082Z","username":"perfuser8"}
{"email":"perf9@example.com","error":"Username already exists","level":"error","message":"USER REGISTRATION FAILED","service":"standard-auth","timestamp":"2025-09-10T18:57:01.084Z","username":"perfuser9"}
{"email":"test@example.com","error":"Username already exists","level":"error","message":"USER REGISTRATION FAILED","service":"standard-auth","timestamp":"2025-09-10T23:34:09.283Z","username":"testuser"}
{"email":"finance@example.com","level":"info","message":"USER REGISTERED","role":"finance","service":"standard-auth","timestamp":"2025-09-10T23:34:10.074Z","userId":"USER_1757547250073_7CE392A1","username":"financeuser"}
{"level":"info","message":"USER LOGIN SUCCESSFUL","service":"standard-auth","timestamp":"2025-09-10T23:34:11.073Z","userId":"USER_1757547250073_7CE392A1","username":"financeuser"}
{"email":"api@example.com","error":"Username already exists","level":"error","message":"USER REGISTRATION FAILED","service":"standard-auth","timestamp":"2025-09-29T18:18:20.456Z","username":"apiuser"}
{"email":"invalid-email","error":"Username already exists","level":"error","message":"USER REGISTRATION FAILED","service":"standard-auth","timestamp":"2025-09-29T18:18:20.462Z","username":"edgeuser"}
{"email":"weak@example.com","error":"Username already exists","level":"error","message":"USER REGISTRATION FAILED","service":"standard-auth","timestamp":"2025-09-29T18:18:20.465Z","username":"weakpass"}
{"email":"duplicate@example.com","error":"Username already exists","level":"error","message":"USER REGISTRATION FAILED","service":"standard-auth","timestamp":"2025-09-29T18:18:20.467Z","username":"apiuser"}
{"error":"Invalid credentials","level":"warn","message":"USER LOGIN FAILED","service":"standard-auth","timestamp":"2025-09-29T18:18:20.474Z","usernameOrEmail":"nonexistent"}
{"email":"accountapi@example.com","error":"Username already exists","level":"error","message":"USER REGISTRATION FAILED","service":"standard-auth","timestamp":"2025-09-29T18:18:20.475Z","username":"accountapi"}
{"email":"autofinance@example.com","error":"Username already exists","level":"error","message":"USER REGISTRATION FAILED","service":"standard-auth","timestamp":"2025-09-29T18:18:20.478Z","username":"autofinance"}
{"email":"security@example.com","error":"Username already exists","level":"error","message":"USER REGISTRATION FAILED","service":"standard-auth","timestamp":"2025-09-29T18:18:20.481Z","username":"securityuser"}
{"email":"perf0@example.com","error":"Username already exists","level":"error","message":"USER REGISTRATION FAILED","service":"standard-auth","timestamp":"2025-09-29T18:18:20.486Z","username":"perfuser0"}
{"email":"perf1@example.com","error":"Username already exists","level":"error","message":"USER REGISTRATION FAILED","service":"standard-auth","timestamp":"2025-09-29T18:18:20.487Z","username":"perfuser1"}
{"email":"perf2@example.com","error":"Username already exists","level":"error","message":"USER REGISTRATION FAILED","service":"standard-auth","timestamp":"2025-09-29T18:18:20.488Z","username":"perfuser2"}
{"email":"perf3@example.com","error":"Username already exists","level":"error","message":"USER REGISTRATION FAILED","service":"standard-auth","timestamp":"2025-09-29T18:18:20.489Z","username":"perfuser3"}
{"email":"perf4@example.com","error":"Username already exists","level":"error","message":"USER REGISTRATION FAILED","service":"standard-auth","timestamp":"2025-09-29T18:18:20.489Z","username":"perfuser4"}
{"email":"perf5@example.com","error":"Username already exists","level":"error","message":"USER REGISTRATION FAILED","service":"standard-auth","timestamp":"2025-09-29T18:18:20.490Z","username":"perfuser5"}
{"email":"perf6@example.com","error":"Username already exists","level":"error","message":"USER REGISTRATION FAILED","service":"standard-auth","timestamp":"2025-09-29T18:18:20.490Z","username":"perfuser6"}
{"email":"perf7@example.com","error":"Username already exists","level":"error","message":"USER REGISTRATION FAILED","service":"standard-auth","timestamp":"2025-09-29T18:18:20.491Z","username":"perfuser7"}
{"email":"perf8@example.com","error":"Username already exists","level":"error","message":"USER REGISTRATION FAILED","service":"standard-auth","timestamp":"2025-09-29T18:18:20.491Z","username":"perfuser8"}
{"email":"perf9@example.com","error":"Username already exists","level":"error","message":"USER REGISTRATION FAILED","service":"standard-auth","timestamp":"2025-09-29T18:18:20.491Z","username":"perfuser9"}
{"email":"api1759170069489@example.com","level":"info","message":"USER REGISTERED","role":"user","service":"standard-auth","timestamp":"2025-09-29T18:21:09.740Z","userId":"USER_1759170069740_77AA0F0F","username":"apiuser1759170069489"}
{"level":"info","message":"USER LOGIN SUCCESSFUL","service":"standard-auth","timestamp":"2025-09-29T18:21:10.023Z","userId":"USER_1759170069740_77AA0F0F","username":"apiuser1759170069489"}
{"level":"info","message":"PASSWORD CHANGED","service":"standard-auth","timestamp":"2025-09-29T18:21:10.575Z","userId":"USER_1759170069740_77AA0F0F"}
{"level":"info","message":"MFA ENABLED","service":"standard-auth","timestamp":"2025-09-29T18:21:10.579Z","userId":"USER_1759170069740_77AA0F0F"}
{"adminUserId":"admin@oscarsystem.com","level":"info","message":"USER DEACTIVATED","service":"standard-auth","timestamp":"2025-09-29T18:21:10.583Z","userId":"USER_1759170069740_77AA0F0F"}
{"email":"invalid-email","error":"Email already exists","level":"error","message":"USER REGISTRATION FAILED","service":"standard-auth","timestamp":"2025-09-29T18:21:10.586Z","username":"edgeuser1759170070585"}
{"email":"weak@example.com","error":"Email already exists","level":"error","message":"USER REGISTRATION FAILED","service":"standard-auth","timestamp":"2025-09-29T18:21:10.589Z","username":"weakpass1759170070585"}
{"email":"duplicate@example.com","level":"info","message":"USER REGISTERED","role":"user","service":"standard-auth","timestamp":"2025-09-29T18:21:10.848Z","userId":"USER_1759170070848_3378AB77","username":"apiuser1759170070585"}
{"error":"Invalid credentials","level":"warn","message":"USER LOGIN FAILED","service":"standard-auth","timestamp":"2025-09-29T18:21:10.855Z","usernameOrEmail":"nonexistent"}
{"email":"accountapi1759170070857@example.com","level":"info","message":"USER REGISTERED","role":"finance","service":"standard-auth","timestamp":"2025-09-29T18:21:11.105Z","userId":"USER_1759170071105_C85952B6","username":"accountapi1759170070857"}
{"email":"autofinance1759170071111@example.com","level":"info","message":"USER REGISTERED","role":"finance","service":"standard-auth","timestamp":"2025-09-29T18:21:11.336Z","userId":"USER_1759170071336_D3036487","username":"autofinance1759170071111"}
{"level":"info","message":"USER LOGIN SUCCESSFUL","service":"standard-auth","timestamp":"2025-09-29T18:21:11.554Z","userId":"USER_1759170071336_D3036487","username":"autofinance1759170071111"}
{"email":"security1759170071557@example.com","level":"info","message":"USER REGISTERED","role":"user","service":"standard-auth","timestamp":"2025-09-29T18:21:11.768Z","userId":"USER_1759170071768_33BAE568","username":"securityuser1759170071557"}
{"level":"info","message":"MFA ENABLED","service":"standard-auth","timestamp":"2025-09-29T18:21:11.770Z","userId":"USER_1759170071768_33BAE568"}
{"email":"perf1759170071772_0@example.com","level":"info","message":"USER REGISTERED","role":"user","service":"standard-auth","timestamp":"2025-09-29T18:21:11.978Z","userId":"USER_1759170071978_E4F3095A","username":"perfuser1759170071772_0"}
{"email":"perf1759170071772_2@example.com","level":"info","message":"USER REGISTERED","role":"user","service":"standard-auth","timestamp":"2025-09-29T18:21:11.980Z","userId":"USER_1759170071980_2D00FE91","username":"perfuser1759170071772_2"}
{"email":"perf1759170071772_1@example.com","level":"info","message":"USER REGISTERED","role":"user","service":"standard-auth","timestamp":"2025-09-29T18:21:11.983Z","userId":"USER_1759170071982_7FB326F5","username":"perfuser1759170071772_1"}
{"email":"perf1759170071772_3@example.com","level":"info","message":"USER REGISTERED","role":"user","service":"standard-auth","timestamp":"2025-09-29T18:21:11.985Z","userId":"USER_1759170071985_18A7518B","username":"perfuser1759170071772_3"}
{"email":"perf1759170071772_5@example.com","level":"info","message":"USER REGISTERED","role":"user","service":"standard-auth","timestamp":"2025-09-29T18:21:12.192Z","userId":"USER_1759170072192_5BB5FCDD","username":"perfuser1759170071772_5"}
{"email":"perf1759170071772_4@example.com","level":"info","message":"USER REGISTERED","role":"user","service":"standard-auth","timestamp":"2025-09-29T18:21:12.194Z","userId":"USER_1759170072194_7DEF798F","username":"perfuser1759170071772_4"}
{"email":"perf1759170071772_6@example.com","level":"info","message":"USER REGISTERED","role":"user","service":"standard-auth","timestamp":"2025-09-29T18:21:12.195Z","userId":"USER_1759170072195_4473F2CD","username":"perfuser1759170071772_6"}
{"email":"perf1759170071772_7@example.com","level":"info","message":"USER REGISTERED","role":"user","service":"standard-auth","timestamp":"2025-09-29T18:21:12.196Z","userId":"USER_1759170072196_572124E5","username":"perfuser1759170071772_7"}
{"email":"perf1759170071772_8@example.com","level":"info","message":"USER REGISTERED","role":"user","service":"standard-auth","timestamp":"2025-09-29T18:21:12.425Z","userId":"USER_1759170072424_83AF4381","username":"perfuser1759170071772_8"}
{"email":"perf1759170071772_9@example.com","level":"info","message":"USER REGISTERED","role":"user","service":"standard-auth","timestamp":"2025-09-29T18:21:12.429Z","userId":"USER_1759170072429_533DE253","username":"perfuser1759170071772_9"}
{"email":"concurrent1759170071772@example.com","level":"info","message":"USER REGISTERED","role":"finance","service":"standard-auth","timestamp":"2025-09-29T18:21:12.681Z","userId":"USER_1759170072681_9461118C","username":"concurrentuser1759170071772"}
{"level":"info","message":"USER LOGIN SUCCESSFUL","service":"standard-auth","timestamp":"2025-09-29T18:21:12.921Z","userId":"USER_1759170072681_9461118C","username":"concurrentuser1759170071772"}
{"level":"info","message":"USER LOGIN SUCCESSFUL","service":"standard-auth","timestamp":"2025-09-29T18:21:12.926Z","userId":"USER_1759170072681_9461118C","username":"concurrentuser1759170071772"}
{"level":"info","message":"USER LOGIN SUCCESSFUL","service":"standard-auth","timestamp":"2025-09-29T18:21:12.947Z","userId":"USER_1759170072681_9461118C","username":"concurrentuser1759170071772"}
{"level":"info","message":"USER LOGIN SUCCESSFUL","service":"standard-auth","timestamp":"2025-09-29T18:21:12.953Z","userId":"USER_1759170072681_9461118C","username":"concurrentuser1759170071772"}
{"level":"info","message":"USER LOGIN SUCCESSFUL","service":"standard-auth","timestamp":"2025-09-29T18:21:13.154Z","userId":"USER_1759170072681_9461118C","username":"concurrentuser1759170071772"}
{"level":"info","message":"USER LOGIN SUCCESSFUL","service":"standard-auth","timestamp":"2025-09-29T18:21:13.161Z","userId":"USER_1759170072681_9461118C","username":"concurrentuser1759170071772"}
{"level":"info","message":"USER LOGIN SUCCESSFUL","service":"standard-auth","timestamp":"2025-09-29T18:21:13.167Z","userId":"USER_1759170072681_9461118C","username":"concurrentuser1759170071772"}
{"level":"info","message":"USER LOGIN SUCCESSFUL","service":"standard-auth","timestamp":"2025-09-29T18:21:13.172Z","userId":"USER_1759170072681_9461118C","username":"concurrentuser1759170071772"}
{"level":"info","message":"USER LOGIN SUCCESSFUL","service":"standard-auth","timestamp":"2025-09-29T18:21:13.375Z","userId":"USER_1759170072681_9461118C","username":"concurrentuser1759170071772"}
{"level":"info","message":"USER LOGIN SUCCESSFUL","service":"standard-auth","timestamp":"2025-09-29T18:21:13.378Z","userId":"USER_1759170072681_9461118C","username":"concurrentuser1759170071772"}
{"level":"info","message":"USER LOGIN SUCCESSFUL","service":"standard-auth","timestamp":"2025-09-29T18:21:13.384Z","userId":"USER_1759170072681_9461118C","username":"concurrentuser1759170071772"}
{"level":"info","message":"USER LOGIN SUCCESSFUL","service":"standard-auth","timestamp":"2025-09-29T18:21:13.394Z","userId":"USER_1759170072681_9461118C","username":"concurrentuser1759170071772"}
{"level":"info","message":"USER LOGIN SUCCESSFUL","service":"standard-auth","timestamp":"2025-09-29T18:21:13.622Z","userId":"USER_1759170072681_9461118C","username":"concurrentuser1759170071772"}
{"level":"info","message":"USER LOGIN SUCCESSFUL","service":"standard-auth","timestamp":"2025-09-29T18:21:13.628Z","userId":"USER_1759170072681_9461118C","username":"concurrentuser1759170071772"}
{"level":"info","message":"USER LOGIN SUCCESSFUL","service":"standard-auth","timestamp":"2025-09-29T18:21:13.643Z","userId":"USER_1759170072681_9461118C","username":"concurrentuser1759170071772"}
{"level":"info","message":"USER LOGIN SUCCESSFUL","service":"standard-auth","timestamp":"2025-09-29T18:21:13.649Z","userId":"USER_1759170072681_9461118C","username":"concurrentuser1759170071772"}
{"level":"info","message":"USER LOGIN SUCCESSFUL","service":"standard-auth","timestamp":"2025-09-29T18:21:13.844Z","userId":"USER_1759170072681_9461118C","username":"concurrentuser1759170071772"}
{"level":"info","message":"USER LOGIN SUCCESSFUL","service":"standard-auth","timestamp":"2025-09-29T18:21:13.848Z","userId":"USER_1759170072681_9461118C","username":"concurrentuser1759170071772"}
{"level":"info","message":"USER LOGIN SUCCESSFUL","service":"standard-auth","timestamp":"2025-09-29T18:21:13.853Z","userId":"USER_1759170072681_9461118C","username":"concurrentuser1759170071772"}
{"level":"info","message":"USER LOGIN SUCCESSFUL","service":"standard-auth","timestamp":"2025-09-29T18:21:13.865Z","userId":"USER_1759170072681_9461118C","username":"concurrentuser1759170071772"}
{"level":"info","message":"USER LOGIN SUCCESSFUL","service":"standard-auth","timestamp":"2025-09-29T18:21:14.069Z","userId":"USER_1759170072681_9461118C","username":"concurrentuser1759170071772"}
{"level":"info","message":"USER LOGIN SUCCESSFUL","service":"standard-auth","timestamp":"2025-09-29T18:21:14.071Z","userId":"USER_1759170072681_9461118C","username":"concurrentuser1759170071772"}
{"level":"info","message":"USER LOGIN SUCCESSFUL","service":"standard-auth","timestamp":"2025-09-29T18:21:14.074Z","userId":"USER_1759170072681_9461118C","username":"concurrentuser1759170071772"}
{"level":"info","message":"USER LOGIN SUCCESSFUL","service":"standard-auth","timestamp":"2025-09-29T18:21:14.079Z","userId":"USER_1759170072681_9461118C","username":"concurrentuser1759170071772"}
{"level":"info","message":"USER LOGIN SUCCESSFUL","service":"standard-auth","timestamp":"2025-09-29T18:21:14.287Z","userId":"USER_1759170072681_9461118C","username":"concurrentuser1759170071772"}
{"level":"info","message":"USER LOGIN SUCCESSFUL","service":"standard-auth","timestamp":"2025-09-29T18:21:14.294Z","userId":"USER_1759170072681_9461118C","username":"concurrentuser1759170071772"}
{"level":"info","message":"USER LOGIN SUCCESSFUL","service":"standard-auth","timestamp":"2025-09-29T18:21:14.303Z","userId":"USER_1759170072681_9461118C","username":"concurrentuser1759170071772"}
{"level":"info","message":"USER LOGIN SUCCESSFUL","service":"standard-auth","timestamp":"2025-09-29T18:21:14.315Z","userId":"USER_1759170072681_9461118C","username":"concurrentuser1759170071772"}
{"level":"info","message":"USER LOGIN SUCCESSFUL","service":"standard-auth","timestamp":"2025-09-29T18:21:14.550Z","userId":"USER_1759170072681_9461118C","username":"concurrentuser1759170071772"}
{"level":"info","message":"USER LOGIN SUCCESSFUL","service":"standard-auth","timestamp":"2025-09-29T18:21:14.556Z","userId":"USER_1759170072681_9461118C","username":"concurrentuser1759170071772"}
{"level":"info","message":"USER LOGIN SUCCESSFUL","service":"standard-auth","timestamp":"2025-09-29T18:21:14.562Z","userId":"USER_1759170072681_9461118C","username":"concurrentuser1759170071772"}
{"level":"info","message":"USER LOGIN SUCCESSFUL","service":"standard-auth","timestamp":"2025-09-29T18:21:14.573Z","userId":"USER_1759170072681_9461118C","username":"concurrentuser1759170071772"}
{"level":"info","message":"USER LOGIN SUCCESSFUL","service":"standard-auth","timestamp":"2025-09-29T18:21:14.776Z","userId":"USER_1759170072681_9461118C","username":"concurrentuser1759170071772"}
{"level":"info","message":"USER LOGIN SUCCESSFUL","service":"standard-auth","timestamp":"2025-09-29T18:21:14.779Z","userId":"USER_1759170072681_9461118C","username":"concurrentuser1759170071772"}
{"level":"info","message":"USER LOGIN SUCCESSFUL","service":"standard-auth","timestamp":"2025-09-29T18:21:14.783Z","userId":"USER_1759170072681_9461118C","username":"concurrentuser1759170071772"}
{"level":"info","message":"USER LOGIN SUCCESSFUL","service":"standard-auth","timestamp":"2025-09-29T18:21:14.789Z","userId":"USER_1759170072681_9461118C","username":"concurrentuser1759170071772"}
{"level":"info","message":"USER LOGIN SUCCESSFUL","service":"standard-auth","timestamp":"2025-09-29T18:21:14.988Z","userId":"USER_1759170072681_9461118C","username":"concurrentuser1759170071772"}
{"level":"info","message":"USER LOGIN SUCCESSFUL","service":"standard-auth","timestamp":"2025-09-29T18:21:14.992Z","userId":"USER_1759170072681_9461118C","username":"concurrentuser1759170071772"}
{"level":"info","message":"USER LOGIN SUCCESSFUL","service":"standard-auth","timestamp":"2025-09-29T18:21:15.001Z","userId":"USER_1759170072681_9461118C","username":"concurrentuser1759170071772"}
{"level":"info","message":"USER LOGIN SUCCESSFUL","service":"standard-auth","timestamp":"2025-09-29T18:21:15.014Z","userId":"USER_1759170072681_9461118C","username":"concurrentuser1759170071772"}
{"level":"info","message":"USER LOGIN SUCCESSFUL","service":"standard-auth","timestamp":"2025-09-29T18:21:15.202Z","userId":"USER_1759170072681_9461118C","username":"concurrentuser1759170071772"}
{"level":"info","message":"USER LOGIN SUCCESSFUL","service":"standard-auth","timestamp":"2025-09-29T18:21:15.230Z","userId":"USER_1759170072681_9461118C","username":"concurrentuser1759170071772"}
{"level":"info","message":"USER LOGIN SUCCESSFUL","service":"standard-auth","timestamp":"2025-09-29T18:21:15.234Z","userId":"USER_1759170072681_9461118C","username":"concurrentuser1759170071772"}
{"level":"info","message":"USER LOGIN SUCCESSFUL","service":"standard-auth","timestamp":"2025-09-29T18:21:15.269Z","userId":"USER_1759170072681_9461118C","username":"concurrentuser1759170071772"}
{"level":"info","message":"USER LOGIN SUCCESSFUL","service":"standard-auth","timestamp":"2025-09-29T18:21:15.484Z","userId":"USER_1759170072681_9461118C","username":"concurrentuser1759170071772"}
{"level":"info","message":"USER LOGIN SUCCESSFUL","service":"standard-auth","timestamp":"2025-09-29T18:21:15.489Z","userId":"USER_1759170072681_9461118C","username":"concurrentuser1759170071772"}
{"level":"info","message":"USER LOGIN SUCCESSFUL","service":"standard-auth","timestamp":"2025-09-29T18:21:15.497Z","userId":"USER_1759170072681_9461118C","username":"concurrentuser1759170071772"}
{"level":"info","message":"USER LOGIN SUCCESSFUL","service":"standard-auth","timestamp":"2025-09-29T18:21:15.505Z","userId":"USER_1759170072681_9461118C","username":"concurrentuser1759170071772"}
{"level":"info","message":"USER LOGIN SUCCESSFUL","service":"standard-auth","timestamp":"2025-09-29T18:21:15.702Z","userId":"USER_1759170072681_9461118C","username":"concurrentuser1759170071772"}
{"level":"info","message":"USER LOGIN SUCCESSFUL","service":"standard-auth","timestamp":"2025-09-29T18:21:15.706Z","userId":"USER_1759170072681_9461118C","username":"concurrentuser1759170071772"}
{"email":"api1759170301553@example.com","level":"info","message":"USER REGISTERED","role":"user","service":"standard-auth","timestamp":"2025-09-29T18:25:01.771Z","userId":"USER_1759170301770_792918E5","username":"apiuser1759170301553"}
{"level":"info","message":"USER LOGIN SUCCESSFUL","service":"standard-auth","timestamp":"2025-09-29T18:25:02.059Z","userId":"USER_1759170301770_792918E5","username":"apiuser1759170301553"}
{"level":"info","message":"PASSWORD CHANGED","service":"standard-auth","timestamp":"2025-09-29T18:25:02.570Z","userId":"USER_1759170301770_792918E5"}
{"level":"info","message":"MFA ENABLED","service":"standard-auth","timestamp":"2025-09-29T18:25:02.574Z","userId":"USER_1759170301770_792918E5"}
{"adminUserId":"admin@oscarsystem.com","level":"info","message":"USER DEACTIVATED","service":"standard-auth","timestamp":"2025-09-29T18:25:02.581Z","userId":"USER_1759170301770_792918E5"}
{"email":"invalid-email","error":"Email already exists","level":"error","message":"USER REGISTRATION FAILED","service":"standard-auth","timestamp":"2025-09-29T18:25:02.585Z","username":"edgeuser1759170302583"}
{"email":"weak@example.com","error":"Email already exists","level":"error","message":"USER REGISTRATION FAILED","service":"standard-auth","timestamp":"2025-09-29T18:25:02.591Z","username":"weakpass1759170302583"}
{"email":"duplicate@example.com","error":"Email already exists","level":"error","message":"USER REGISTRATION FAILED","service":"standard-auth","timestamp":"2025-09-29T18:25:02.598Z","username":"apiuser1759170302583"}
{"error":"Invalid credentials","level":"warn","message":"USER LOGIN FAILED","service":"standard-auth","timestamp":"2025-09-29T18:25:02.609Z","usernameOrEmail":"nonexistent"}
{"email":"accountapi1759170302628@example.com","level":"info","message":"USER REGISTERED","role":"finance","service":"standard-auth","timestamp":"2025-09-29T18:25:02.958Z","userId":"USER_1759170302958_DCD8DAC5","username":"accountapi1759170302628"}
{"email":"autofinance1759170302972@example.com","level":"info","message":"USER REGISTERED","role":"finance","service":"standard-auth","timestamp":"2025-09-29T18:25:03.382Z","userId":"USER_1759170303382_CABA6E3A","username":"autofinance1759170302972"}
{"level":"info","message":"USER LOGIN SUCCESSFUL","service":"standard-auth","timestamp":"2025-09-29T18:25:03.673Z","userId":"USER_1759170303382_CABA6E3A","username":"autofinance1759170302972"}
{"email":"security1759170303676@example.com","level":"info","message":"USER REGISTERED","role":"user","service":"standard-auth","timestamp":"2025-09-29T18:25:03.959Z","userId":"USER_1759170303958_92DD96F4","username":"securityuser1759170303676"}
{"level":"info","message":"MFA ENABLED","service":"standard-auth","timestamp":"2025-09-29T18:25:03.969Z","userId":"USER_1759170303958_92DD96F4"}
{"email":"perf1759170303981_1@example.com","level":"info","message":"USER REGISTERED","role":"user","service":"standard-auth","timestamp":"2025-09-29T18:25:04.221Z","userId":"USER_1759170304221_A66489DD","username":"perfuser1759170303981_1"}
{"email":"perf1759170303981_2@example.com","level":"info","message":"USER REGISTERED","role":"user","service":"standard-auth","timestamp":"2025-09-29T18:25:04.227Z","userId":"USER_1759170304226_F4CC5015","username":"perfuser1759170303981_2"}
{"email":"perf1759170303981_0@example.com","level":"info","message":"USER REGISTERED","role":"user","service":"standard-auth","timestamp":"2025-09-29T18:25:04.229Z","userId":"USER_1759170304229_6E689686","username":"perfuser1759170303981_0"}
{"email":"perf1759170303981_3@example.com","level":"info","message":"USER REGISTERED","role":"user","service":"standard-auth","timestamp":"2025-09-29T18:25:04.234Z","userId":"USER_1759170304234_BD44CABE","username":"perfuser1759170303981_3"}
{"email":"perf1759170303981_6@example.com","level":"info","message":"USER REGISTERED","role":"user","service":"standard-auth","timestamp":"2025-09-29T18:25:04.433Z","userId":"USER_1759170304433_E6D56573","username":"perfuser1759170303981_6"}
{"email":"perf1759170303981_5@example.com","level":"info","message":"USER REGISTERED","role":"user","service":"standard-auth","timestamp":"2025-09-29T18:25:04.439Z","userId":"USER_1759170304439_AB44ACD6","username":"perfuser1759170303981_5"}
{"email":"perf1759170303981_4@example.com","level":"info","message":"USER REGISTERED","role":"user","service":"standard-auth","timestamp":"2025-09-29T18:25:04.444Z","userId":"USER_1759170304444_D37FDFFE","username":"perfuser1759170303981_4"}
{"email":"perf1759170303981_7@example.com","level":"info","message":"USER REGISTERED","role":"user","service":"standard-auth","timestamp":"2025-09-29T18:25:04.452Z","userId":"USER_1759170304452_6B4139DB","username":"perfuser1759170303981_7"}
{"email":"perf1759170303981_8@example.com","level":"info","message":"USER REGISTERED","role":"user","service":"standard-auth","timestamp":"2025-09-29T18:25:04.659Z","userId":"USER_1759170304659_630C6ECF","username":"perfuser1759170303981_8"}
{"email":"perf1759170303981_9@example.com","level":"info","message":"USER REGISTERED","role":"user","service":"standard-auth","timestamp":"2025-09-29T18:25:04.670Z","userId":"USER_1759170304670_52BCD6F1","username":"perfuser1759170303981_9"}
{"email":"concurrent1759170303981@example.com","level":"info","message":"USER REGISTERED","role":"finance","service":"standard-auth","timestamp":"2025-09-29T18:25:04.924Z","userId":"USER_1759170304924_3ED07008","username":"concurrentuser1759170303981"}
{"level":"info","message":"USER LOGIN SUCCESSFUL","service":"standard-auth","timestamp":"2025-09-29T18:25:05.170Z","userId":"USER_1759170304924_3ED07008","username":"concurrentuser1759170303981"}
{"level":"info","message":"USER LOGIN SUCCESSFUL","service":"standard-auth","timestamp":"2025-09-29T18:25:05.177Z","userId":"USER_1759170304924_3ED07008","username":"concurrentuser1759170303981"}
{"level":"info","message":"USER LOGIN SUCCESSFUL","service":"standard-auth","timestamp":"2025-09-29T18:25:05.185Z","userId":"USER_1759170304924_3ED07008","username":"concurrentuser1759170303981"}
{"level":"info","message":"USER LOGIN SUCCESSFUL","service":"standard-auth","timestamp":"2025-09-29T18:25:05.195Z","userId":"USER_1759170304924_3ED07008","username":"concurrentuser1759170303981"}
{"level":"info","message":"USER LOGIN SUCCESSFUL","service":"standard-auth","timestamp":"2025-09-29T18:25:05.427Z","userId":"USER_1759170304924_3ED07008","username":"concurrentuser1759170303981"}
{"level":"info","message":"USER LOGIN SUCCESSFUL","service":"standard-auth","timestamp":"2025-09-29T18:25:05.431Z","userId":"USER_1759170304924_3ED07008","username":"concurrentuser1759170303981"}
{"level":"info","message":"USER LOGIN SUCCESSFUL","service":"standard-auth","timestamp":"2025-09-29T18:25:05.435Z","userId":"USER_1759170304924_3ED07008","username":"concurrentuser1759170303981"}
{"level":"info","message":"USER LOGIN SUCCESSFUL","service":"standard-auth","timestamp":"2025-09-29T18:25:05.439Z","userId":"USER_1759170304924_3ED07008","username":"concurrentuser1759170303981"}
{"level":"info","message":"USER LOGIN SUCCESSFUL","service":"standard-auth","timestamp":"2025-09-29T18:25:05.646Z","userId":"USER_1759170304924_3ED07008","username":"concurrentuser1759170303981"}
{"level":"info","message":"USER LOGIN SUCCESSFUL","service":"standard-auth","timestamp":"2025-09-29T18:25:05.651Z","userId":"USER_1759170304924_3ED07008","username":"concurrentuser1759170303981"}
{"level":"info","message":"USER LOGIN SUCCESSFUL","service":"standard-auth","timestamp":"2025-09-29T18:25:05.655Z","userId":"USER_1759170304924_3ED07008","username":"concurrentuser1759170303981"}
{"level":"info","message":"USER LOGIN SUCCESSFUL","service":"standard-auth","timestamp":"2025-09-29T18:25:05.663Z","userId":"USER_1759170304924_3ED07008","username":"concurrentuser1759170303981"}
{"level":"info","message":"USER LOGIN SUCCESSFUL","service":"standard-auth","timestamp":"2025-09-29T18:25:05.905Z","userId":"USER_1759170304924_3ED07008","username":"concurrentuser1759170303981"}
{"level":"info","message":"USER LOGIN SUCCESSFUL","service":"standard-auth","timestamp":"2025-09-29T18:25:05.913Z","userId":"USER_1759170304924_3ED07008","username":"concurrentuser1759170303981"}
{"level":"info","message":"USER LOGIN SUCCESSFUL","service":"standard-auth","timestamp":"2025-09-29T18:25:05.917Z","userId":"USER_1759170304924_3ED07008","username":"concurrentuser1759170303981"}
{"level":"info","message":"USER LOGIN SUCCESSFUL","service":"standard-auth","timestamp":"2025-09-29T18:25:05.922Z","userId":"USER_1759170304924_3ED07008","username":"concurrentuser1759170303981"}
{"level":"info","message":"USER LOGIN SUCCESSFUL","service":"standard-auth","timestamp":"2025-09-29T18:25:06.147Z","userId":"USER_1759170304924_3ED07008","username":"concurrentuser1759170303981"}
{"level":"info","message":"USER LOGIN SUCCESSFUL","service":"standard-auth","timestamp":"2025-09-29T18:25:06.170Z","userId":"USER_1759170304924_3ED07008","username":"concurrentuser1759170303981"}
{"level":"info","message":"USER LOGIN SUCCESSFUL","service":"standard-auth","timestamp":"2025-09-29T18:25:06.176Z","userId":"USER_1759170304924_3ED07008","username":"concurrentuser1759170303981"}
{"level":"info","message":"USER LOGIN SUCCESSFUL","service":"standard-auth","timestamp":"2025-09-29T18:25:06.185Z","userId":"USER_1759170304924_3ED07008","username":"concurrentuser1759170303981"}
{"level":"info","message":"USER LOGIN SUCCESSFUL","service":"standard-auth","timestamp":"2025-09-29T18:25:06.365Z","userId":"USER_1759170304924_3ED07008","username":"concurrentuser1759170303981"}
{"level":"info","message":"USER LOGIN SUCCESSFUL","service":"standard-auth","timestamp":"2025-09-29T18:25:06.385Z","userId":"USER_1759170304924_3ED07008","username":"concurrentuser1759170303981"}
{"level":"info","message":"USER LOGIN SUCCESSFUL","service":"standard-auth","timestamp":"2025-09-29T18:25:06.401Z","userId":"USER_1759170304924_3ED07008","username":"concurrentuser1759170303981"}
{"level":"info","message":"USER LOGIN SUCCESSFUL","service":"standard-auth","timestamp":"2025-09-29T18:25:06.410Z","userId":"USER_1759170304924_3ED07008","username":"concurrentuser1759170303981"}
{"level":"info","message":"USER LOGIN SUCCESSFUL","service":"standard-auth","timestamp":"2025-09-29T18:25:06.571Z","userId":"USER_1759170304924_3ED07008","username":"concurrentuser1759170303981"}
{"level":"info","message":"USER LOGIN SUCCESSFUL","service":"standard-auth","timestamp":"2025-09-29T18:25:06.610Z","userId":"USER_1759170304924_3ED07008","username":"concurrentuser1759170303981"}
{"level":"info","message":"USER LOGIN SUCCESSFUL","service":"standard-auth","timestamp":"2025-09-29T18:25:06.614Z","userId":"USER_1759170304924_3ED07008","username":"concurrentuser1759170303981"}
{"level":"info","message":"USER LOGIN SUCCESSFUL","service":"standard-auth","timestamp":"2025-09-29T18:25:06.618Z","userId":"USER_1759170304924_3ED07008","username":"concurrentuser1759170303981"}
{"level":"info","message":"USER LOGIN SUCCESSFUL","service":"standard-auth","timestamp":"2025-09-29T18:25:06.808Z","userId":"USER_1759170304924_3ED07008","username":"concurrentuser1759170303981"}
{"level":"info","message":"USER LOGIN SUCCESSFUL","service":"standard-auth","timestamp":"2025-09-29T18:25:06.826Z","userId":"USER_1759170304924_3ED07008","username":"concurrentuser1759170303981"}
{"level":"info","message":"USER LOGIN SUCCESSFUL","service":"standard-auth","timestamp":"2025-09-29T18:25:06.843Z","userId":"USER_1759170304924_3ED07008","username":"concurrentuser1759170303981"}
{"level":"info","message":"USER LOGIN SUCCESSFUL","service":"standard-auth","timestamp":"2025-09-29T18:25:06.865Z","userId":"USER_1759170304924_3ED07008","username":"concurrentuser1759170303981"}
{"level":"info","message":"USER LOGIN SUCCESSFUL","service":"standard-auth","timestamp":"2025-09-29T18:25:07.054Z","userId":"USER_1759170304924_3ED07008","username":"concurrentuser1759170303981"}
{"level":"info","message":"USER LOGIN SUCCESSFUL","service":"standard-auth","timestamp":"2025-09-29T18:25:07.078Z","userId":"USER_1759170304924_3ED07008","username":"concurrentuser1759170303981"}
{"level":"info","message":"USER LOGIN SUCCESSFUL","service":"standard-auth","timestamp":"2025-09-29T18:25:07.084Z","userId":"USER_1759170304924_3ED07008","username":"concurrentuser1759170303981"}
{"level":"info","message":"USER LOGIN SUCCESSFUL","service":"standard-auth","timestamp":"2025-09-29T18:25:07.099Z","userId":"USER_1759170304924_3ED07008","username":"concurrentuser1759170303981"}
{"level":"info","message":"USER LOGIN SUCCESSFUL","service":"standard-auth","timestamp":"2025-09-29T18:25:07.265Z","userId":"USER_1759170304924_3ED07008","username":"concurrentuser1759170303981"}
{"level":"info","message":"USER LOGIN SUCCESSFUL","service":"standard-auth","timestamp":"2025-09-29T18:25:07.287Z","userId":"USER_1759170304924_3ED07008","username":"concurrentuser1759170303981"}
{"level":"info","message":"USER LOGIN SUCCESSFUL","service":"standard-auth","timestamp":"2025-09-29T18:25:07.294Z","userId":"USER_1759170304924_3ED07008","username":"concurrentuser1759170303981"}
{"level":"info","message":"USER LOGIN SUCCESSFUL","service":"standard-auth","timestamp":"2025-09-29T18:25:07.320Z","userId":"USER_1759170304924_3ED07008","username":"concurrentuser1759170303981"}
{"level":"info","message":"USER LOGIN SUCCESSFUL","service":"standard-auth","timestamp":"2025-09-29T18:25:07.480Z","userId":"USER_1759170304924_3ED07008","username":"concurrentuser1759170303981"}
{"level":"info","message":"USER LOGIN SUCCESSFUL","service":"standard-auth","timestamp":"2025-09-29T18:25:07.507Z","userId":"USER_1759170304924_3ED07008","username":"concurrentuser1759170303981"}
{"level":"info","message":"USER LOGIN SUCCESSFUL","service":"standard-auth","timestamp":"2025-09-29T18:25:07.511Z","userId":"USER_1759170304924_3ED07008","username":"concurrentuser1759170303981"}
{"level":"info","message":"USER LOGIN SUCCESSFUL","service":"standard-auth","timestamp":"2025-09-29T18:25:07.535Z","userId":"USER_1759170304924_3ED07008","username":"concurrentuser1759170303981"}
{"level":"info","message":"USER LOGIN SUCCESSFUL","service":"standard-auth","timestamp":"2025-09-29T18:25:07.712Z","userId":"USER_1759170304924_3ED07008","username":"concurrentuser1759170303981"}
{"level":"info","message":"USER LOGIN SUCCESSFUL","service":"standard-auth","timestamp":"2025-09-29T18:25:07.746Z","userId":"USER_1759170304924_3ED07008","username":"concurrentuser1759170303981"}
{"level":"info","message":"USER LOGIN SUCCESSFUL","service":"standard-auth","timestamp":"2025-09-29T18:25:07.754Z","userId":"USER_1759170304924_3ED07008","username":"concurrentuser1759170303981"}
{"level":"info","message":"USER LOGIN SUCCESSFUL","service":"standard-auth","timestamp":"2025-09-29T18:25:07.780Z","userId":"USER_1759170304924_3ED07008","username":"concurrentuser1759170303981"}
{"level":"info","message":"USER LOGIN SUCCESSFUL","service":"standard-auth","timestamp":"2025-09-29T18:25:07.935Z","userId":"USER_1759170304924_3ED07008","username":"concurrentuser1759170303981"}
{"level":"info","message":"USER LOGIN SUCCESSFUL","service":"standard-auth","timestamp":"2025-09-29T18:25:07.957Z","userId":"USER_1759170304924_3ED07008","username":"concurrentuser1759170303981"}
{"email":"api1759170441466@example.com","level":"info","message":"USER REGISTERED","role":"user","service":"standard-auth","timestamp":"2025-09-29T18:27:21.739Z","userId":"USER_1759170441739_5D624625","username":"apiuser1759170441466"}
{"level":"info","message":"USER LOGIN SUCCESSFUL","service":"standard-auth","timestamp":"2025-09-29T18:27:21.980Z","userId":"USER_1759170441739_5D624625","username":"apiuser1759170441466"}
{"level":"info","message":"PASSWORD CHANGED","service":"standard-auth","timestamp":"2025-09-29T18:27:22.475Z","userId":"USER_1759170441739_5D624625"}
{"level":"info","message":"MFA ENABLED","service":"standard-auth","timestamp":"2025-09-29T18:27:22.482Z","userId":"USER_1759170441739_5D624625"}
{"adminUserId":"admin@oscarsystem.com","level":"info","message":"USER DEACTIVATED","service":"standard-auth","timestamp":"2025-09-29T18:27:22.490Z","userId":"USER_1759170441739_5D624625"}
{"email":"invalid-email","error":"Email already exists","level":"error","message":"USER REGISTRATION FAILED","service":"standard-auth","timestamp":"2025-09-29T18:27:22.495Z","username":"edgeuser1759170442494"}
{"email":"weak@example.com","error":"Email already exists","level":"error","message":"USER REGISTRATION FAILED","service":"standard-auth","timestamp":"2025-09-29T18:27:22.500Z","username":"weakpass1759170442494"}
{"email":"duplicate@example.com","error":"Email already exists","level":"error","message":"USER REGISTRATION FAILED","service":"standard-auth","timestamp":"2025-09-29T18:27:22.510Z","username":"apiuser1759170442494"}
{"error":"Invalid credentials","level":"warn","message":"USER LOGIN FAILED","service":"standard-auth","timestamp":"2025-09-29T18:27:22.521Z","usernameOrEmail":"nonexistent"}
{"email":"accountapi1759170442525@example.com","level":"info","message":"USER REGISTERED","role":"finance","service":"standard-auth","timestamp":"2025-09-29T18:27:22.773Z","userId":"USER_1759170442773_90D77C01","username":"accountapi1759170442525"}
{"email":"autofinance1759170442784@example.com","level":"info","message":"USER REGISTERED","role":"finance","service":"standard-auth","timestamp":"2025-09-29T18:27:23.006Z","userId":"USER_1759170443006_A0E4096F","username":"autofinance1759170442784"}
{"level":"info","message":"USER LOGIN SUCCESSFUL","service":"standard-auth","timestamp":"2025-09-29T18:27:23.244Z","userId":"USER_1759170443006_A0E4096F","username":"autofinance1759170442784"}
{"email":"security1759170443251@example.com","level":"info","message":"USER REGISTERED","role":"user","service":"standard-auth","timestamp":"2025-09-29T18:27:23.468Z","userId":"USER_1759170443468_9D9AE6EE","username":"securityuser1759170443251"}
{"level":"info","message":"MFA ENABLED","service":"standard-auth","timestamp":"2025-09-29T18:27:23.471Z","userId":"USER_1759170443468_9D9AE6EE"}
{"email":"perf1759170443474_1@example.com","level":"info","message":"USER REGISTERED","role":"user","service":"standard-auth","timestamp":"2025-09-29T18:27:23.682Z","userId":"USER_1759170443682_4E242AE4","username":"perfuser1759170443474_1"}
{"email":"perf1759170443474_2@example.com","level":"info","message":"USER REGISTERED","role":"user","service":"standard-auth","timestamp":"2025-09-29T18:27:23.686Z","userId":"USER_1759170443686_0A0A23BA","username":"perfuser1759170443474_2"}
{"email":"perf1759170443474_3@example.com","level":"info","message":"USER REGISTERED","role":"user","service":"standard-auth","timestamp":"2025-09-29T18:27:23.689Z","userId":"USER_1759170443689_01893947","username":"perfuser1759170443474_3"}
{"email":"perf1759170443474_0@example.com","level":"info","message":"USER REGISTERED","role":"user","service":"standard-auth","timestamp":"2025-09-29T18:27:23.690Z","userId":"USER_1759170443690_C1BBE37F","username":"perfuser1759170443474_0"}
{"email":"perf1759170443474_5@example.com","level":"info","message":"USER REGISTERED","role":"user","service":"standard-auth","timestamp":"2025-09-29T18:27:23.891Z","userId":"USER_1759170443891_DB611C60","username":"perfuser1759170443474_5"}
{"email":"perf1759170443474_6@example.com","level":"info","message":"USER REGISTERED","role":"user","service":"standard-auth","timestamp":"2025-09-29T18:27:23.893Z","userId":"USER_1759170443893_19B2890C","username":"perfuser1759170443474_6"}
{"email":"perf1759170443474_4@example.com","level":"info","message":"USER REGISTERED","role":"user","service":"standard-auth","timestamp":"2025-09-29T18:27:23.895Z","userId":"USER_1759170443895_327A1D8E","username":"perfuser1759170443474_4"}
{"email":"perf1759170443474_7@example.com","level":"info","message":"USER REGISTERED","role":"user","service":"standard-auth","timestamp":"2025-09-29T18:27:23.897Z","userId":"USER_1759170443897_92743D7A","username":"perfuser1759170443474_7"}
{"email":"perf1759170443474_8@example.com","level":"info","message":"USER REGISTERED","role":"user","service":"standard-auth","timestamp":"2025-09-29T18:27:24.106Z","userId":"USER_1759170444106_0EF52EEE","username":"perfuser1759170443474_8"}
{"email":"perf1759170443474_9@example.com","level":"info","message":"USER REGISTERED","role":"user","service":"standard-auth","timestamp":"2025-09-29T18:27:24.112Z","userId":"USER_1759170444112_42B3899E","username":"perfuser1759170443474_9"}
{"email":"concurrent1759170443474@example.com","level":"info","message":"USER REGISTERED","role":"finance","service":"standard-auth","timestamp":"2025-09-29T18:27:24.347Z","userId":"USER_1759170444346_B715AE5A","username":"concurrentuser1759170443474"}
{"level":"info","message":"USER LOGIN SUCCESSFUL","service":"standard-auth","timestamp":"2025-09-29T18:27:24.621Z","userId":"USER_1759170444346_B715AE5A","username":"concurrentuser1759170443474"}
{"level":"info","message":"USER LOGIN SUCCESSFUL","service":"standard-auth","timestamp":"2025-09-29T18:27:24.628Z","userId":"USER_1759170444346_B715AE5A","username":"concurrentuser1759170443474"}
{"level":"info","message":"USER LOGIN SUCCESSFUL","service":"standard-auth","timestamp":"2025-09-29T18:27:24.634Z","userId":"USER_1759170444346_B715AE5A","username":"concurrentuser1759170443474"}
{"level":"info","message":"USER LOGIN SUCCESSFUL","service":"standard-auth","timestamp":"2025-09-29T18:27:24.641Z","userId":"USER_1759170444346_B715AE5A","username":"concurrentuser1759170443474"}
{"level":"info","message":"USER LOGIN SUCCESSFUL","service":"standard-auth","timestamp":"2025-09-29T18:27:24.849Z","userId":"USER_1759170444346_B715AE5A","username":"concurrentuser1759170443474"}
{"level":"info","message":"USER LOGIN SUCCESSFUL","service":"standard-auth","timestamp":"2025-09-29T18:27:24.855Z","userId":"USER_1759170444346_B715AE5A","username":"concurrentuser1759170443474"}
{"level":"info","message":"USER LOGIN SUCCESSFUL","service":"standard-auth","timestamp":"2025-09-29T18:27:24.868Z","userId":"USER_1759170444346_B715AE5A","username":"concurrentuser1759170443474"}
{"level":"info","message":"USER LOGIN SUCCESSFUL","service":"standard-auth","timestamp":"2025-09-29T18:27:24.877Z","userId":"USER_1759170444346_B715AE5A","username":"concurrentuser1759170443474"}
{"level":"info","message":"USER LOGIN SUCCESSFUL","service":"standard-auth","timestamp":"2025-09-29T18:27:25.063Z","userId":"USER_1759170444346_B715AE5A","username":"concurrentuser1759170443474"}
{"level":"info","message":"USER LOGIN SUCCESSFUL","service":"standard-auth","timestamp":"2025-09-29T18:27:25.081Z","userId":"USER_1759170444346_B715AE5A","username":"concurrentuser1759170443474"}
{"level":"info","message":"USER LOGIN SUCCESSFUL","service":"standard-auth","timestamp":"2025-09-29T18:27:25.085Z","userId":"USER_1759170444346_B715AE5A","username":"concurrentuser1759170443474"}
{"level":"info","message":"USER LOGIN SUCCESSFUL","service":"standard-auth","timestamp":"2025-09-29T18:27:25.093Z","userId":"USER_1759170444346_B715AE5A","username":"concurrentuser1759170443474"}
{"level":"info","message":"USER LOGIN SUCCESSFUL","service":"standard-auth","timestamp":"2025-09-29T18:27:25.273Z","userId":"USER_1759170444346_B715AE5A","username":"concurrentuser1759170443474"}
{"level":"info","message":"USER LOGIN SUCCESSFUL","service":"standard-auth","timestamp":"2025-09-29T18:27:25.303Z","userId":"USER_1759170444346_B715AE5A","username":"concurrentuser1759170443474"}
{"level":"info","message":"USER LOGIN SUCCESSFUL","service":"standard-auth","timestamp":"2025-09-29T18:27:25.308Z","userId":"USER_1759170444346_B715AE5A","username":"concurrentuser1759170443474"}
{"level":"info","message":"USER LOGIN SUCCESSFUL","service":"standard-auth","timestamp":"2025-09-29T18:27:25.313Z","userId":"USER_1759170444346_B715AE5A","username":"concurrentuser1759170443474"}
{"level":"info","message":"USER LOGIN SUCCESSFUL","service":"standard-auth","timestamp":"2025-09-29T18:27:25.502Z","userId":"USER_1759170444346_B715AE5A","username":"concurrentuser1759170443474"}
{"level":"info","message":"USER LOGIN SUCCESSFUL","service":"standard-auth","timestamp":"2025-09-29T18:27:25.544Z","userId":"USER_1759170444346_B715AE5A","username":"concurrentuser1759170443474"}
{"level":"info","message":"USER LOGIN SUCCESSFUL","service":"standard-auth","timestamp":"2025-09-29T18:27:25.548Z","userId":"USER_1759170444346_B715AE5A","username":"concurrentuser1759170443474"}
{"level":"info","message":"USER LOGIN SUCCESSFUL","service":"standard-auth","timestamp":"2025-09-29T18:27:25.552Z","userId":"USER_1759170444346_B715AE5A","username":"concurrentuser1759170443474"}
{"level":"info","message":"USER LOGIN SUCCESSFUL","service":"standard-auth","timestamp":"2025-09-29T18:27:25.723Z","userId":"USER_1759170444346_B715AE5A","username":"concurrentuser1759170443474"}
{"level":"info","message":"USER LOGIN SUCCESSFUL","service":"standard-auth","timestamp":"2025-09-29T18:27:25.767Z","userId":"USER_1759170444346_B715AE5A","username":"concurrentuser1759170443474"}
{"level":"info","message":"USER LOGIN SUCCESSFUL","service":"standard-auth","timestamp":"2025-09-29T18:27:25.773Z","userId":"USER_1759170444346_B715AE5A","username":"concurrentuser1759170443474"}
{"level":"info","message":"USER LOGIN SUCCESSFUL","service":"standard-auth","timestamp":"2025-09-29T18:27:25.779Z","userId":"USER_1759170444346_B715AE5A","username":"concurrentuser1759170443474"}
{"level":"info","message":"USER LOGIN SUCCESSFUL","service":"standard-auth","timestamp":"2025-09-29T18:27:25.937Z","userId":"USER_1759170444346_B715AE5A","username":"concurrentuser1759170443474"}
{"level":"info","message":"USER LOGIN SUCCESSFUL","service":"standard-auth","timestamp":"2025-09-29T18:27:25.982Z","userId":"USER_1759170444346_B715AE5A","username":"concurrentuser1759170443474"}
{"level":"info","message":"USER LOGIN SUCCESSFUL","service":"standard-auth","timestamp":"2025-09-29T18:27:25.994Z","userId":"USER_1759170444346_B715AE5A","username":"concurrentuser1759170443474"}
{"level":"info","message":"USER LOGIN SUCCESSFUL","service":"standard-auth","timestamp":"2025-09-29T18:27:25.999Z","userId":"USER_1759170444346_B715AE5A","username":"concurrentuser1759170443474"}
{"level":"info","message":"USER LOGIN SUCCESSFUL","service":"standard-auth","timestamp":"2025-09-29T18:27:26.158Z","userId":"USER_1759170444346_B715AE5A","username":"concurrentuser1759170443474"}
{"level":"info","message":"USER LOGIN SUCCESSFUL","service":"standard-auth","timestamp":"2025-09-29T18:27:26.197Z","userId":"USER_1759170444346_B715AE5A","username":"concurrentuser1759170443474"}
{"level":"info","message":"USER LOGIN SUCCESSFUL","service":"standard-auth","timestamp":"2025-09-29T18:27:26.201Z","userId":"USER_1759170444346_B715AE5A","username":"concurrentuser1759170443474"}
{"level":"info","message":"USER LOGIN SUCCESSFUL","service":"standard-auth","timestamp":"2025-09-29T18:27:26.212Z","userId":"USER_1759170444346_B715AE5A","username":"concurrentuser1759170443474"}
{"level":"info","message":"USER LOGIN SUCCESSFUL","service":"standard-auth","timestamp":"2025-09-29T18:27:26.388Z","userId":"USER_1759170444346_B715AE5A","username":"concurrentuser1759170443474"}
{"level":"info","message":"USER LOGIN SUCCESSFUL","service":"standard-auth","timestamp":"2025-09-29T18:27:26.438Z","userId":"USER_1759170444346_B715AE5A","username":"concurrentuser1759170443474"}
{"level":"info","message":"USER LOGIN SUCCESSFUL","service":"standard-auth","timestamp":"2025-09-29T18:27:26.444Z","userId":"USER_1759170444346_B715AE5A","username":"concurrentuser1759170443474"}
{"level":"info","message":"USER LOGIN SUCCESSFUL","service":"standard-auth","timestamp":"2025-09-29T18:27:26.453Z","userId":"USER_1759170444346_B715AE5A","username":"concurrentuser1759170443474"}
{"level":"info","message":"USER LOGIN SUCCESSFUL","service":"standard-auth","timestamp":"2025-09-29T18:27:26.633Z","userId":"USER_1759170444346_B715AE5A","username":"concurrentuser1759170443474"}
{"level":"info","message":"USER LOGIN SUCCESSFUL","service":"standard-auth","timestamp":"2025-09-29T18:27:26.668Z","userId":"USER_1759170444346_B715AE5A","username":"concurrentuser1759170443474"}
{"level":"info","message":"USER LOGIN SUCCESSFUL","service":"standard-auth","timestamp":"2025-09-29T18:27:26.683Z","userId":"USER_1759170444346_B715AE5A","username":"concurrentuser1759170443474"}
{"level":"info","message":"USER LOGIN SUCCESSFUL","service":"standard-auth","timestamp":"2025-09-29T18:27:26.689Z","userId":"USER_1759170444346_B715AE5A","username":"concurrentuser1759170443474"}
{"level":"info","message":"USER LOGIN SUCCESSFUL","service":"standard-auth","timestamp":"2025-09-29T18:27:26.840Z","userId":"USER_1759170444346_B715AE5A","username":"concurrentuser1759170443474"}
{"level":"info","message":"USER LOGIN SUCCESSFUL","service":"standard-auth","timestamp":"2025-09-29T18:27:26.877Z","userId":"USER_1759170444346_B715AE5A","username":"concurrentuser1759170443474"}
{"level":"info","message":"USER LOGIN SUCCESSFUL","service":"standard-auth","timestamp":"2025-09-29T18:27:26.892Z","userId":"USER_1759170444346_B715AE5A","username":"concurrentuser1759170443474"}
{"level":"info","message":"USER LOGIN SUCCESSFUL","service":"standard-auth","timestamp":"2025-09-29T18:27:26.896Z","userId":"USER_1759170444346_B715AE5A","username":"concurrentuser1759170443474"}
{"level":"info","message":"USER LOGIN SUCCESSFUL","service":"standard-auth","timestamp":"2025-09-29T18:27:27.056Z","userId":"USER_1759170444346_B715AE5A","username":"concurrentuser1759170443474"}
{"level":"info","message":"USER LOGIN SUCCESSFUL","service":"standard-auth","timestamp":"2025-09-29T18:27:27.096Z","userId":"USER_1759170444346_B715AE5A","username":"concurrentuser1759170443474"}
{"level":"info","message":"USER LOGIN SUCCESSFUL","service":"standard-auth","timestamp":"2025-09-29T18:27:27.106Z","userId":"USER_1759170444346_B715AE5A","username":"concurrentuser1759170443474"}
{"level":"info","message":"USER LOGIN SUCCESSFUL","service":"standard-auth","timestamp":"2025-09-29T18:27:27.113Z","userId":"USER_1759170444346_B715AE5A","username":"concurrentuser1759170443474"}
{"level":"info","message":"USER LOGIN SUCCESSFUL","service":"standard-auth","timestamp":"2025-09-29T18:27:27.271Z","userId":"USER_1759170444346_B715AE5A","username":"concurrentuser1759170443474"}
{"level":"info","message":"USER LOGIN SUCCESSFUL","service":"standard-auth","timestamp":"2025-09-29T18:27:27.307Z","userId":"USER_1759170444346_B715AE5A","username":"concurrentuser1759170443474"}
{"email":"api1759173277009@example.com","level":"info","message":"USER REGISTERED","role":"user","service":"standard-auth","timestamp":"2025-09-29T19:14:37.226Z","userId":"USER_1759173277223_484A13C3","username":"apiuser1759173277009"}
{"level":"info","message":"USER LOGIN SUCCESSFUL","service":"standard-auth","timestamp":"2025-09-29T19:14:37.544Z","userId":"USER_1759173277223_484A13C3","username":"apiuser1759173277009"}
{"level":"info","message":"PASSWORD CHANGED","service":"standard-auth","timestamp":"2025-09-29T19:14:38.134Z","userId":"USER_1759173277223_484A13C3"}
{"level":"info","message":"MFA ENABLED","service":"standard-auth","timestamp":"2025-09-29T19:14:38.141Z","userId":"USER_1759173277223_484A13C3"}
{"adminUserId":"admin@oscarsystem.com","level":"info","message":"USER DEACTIVATED","service":"standard-auth","timestamp":"2025-09-29T19:14:38.148Z","userId":"USER_1759173277223_484A13C3"}
{"email":"invalid-email","error":"Email already exists","level":"error","message":"USER REGISTRATION FAILED","service":"standard-auth","timestamp":"2025-09-29T19:14:38.155Z","username":"edgeuser1759173278153"}
{"email":"weak@example.com","error":"Email already exists","level":"error","message":"USER REGISTRATION FAILED","service":"standard-auth","timestamp":"2025-09-29T19:14:38.160Z","username":"weakpass1759173278153"}
{"email":"duplicate@example.com","error":"Email already exists","level":"error","message":"USER REGISTRATION FAILED","service":"standard-auth","timestamp":"2025-09-29T19:14:38.163Z","username":"apiuser1759173278153"}
{"error":"Invalid credentials","level":"warn","message":"USER LOGIN FAILED","service":"standard-auth","timestamp":"2025-09-29T19:14:38.174Z","usernameOrEmail":"nonexistent"}
{"email":"accountapi1759173278176@example.com","level":"info","message":"USER REGISTERED","role":"finance","service":"standard-auth","timestamp":"2025-09-29T19:14:38.406Z","userId":"USER_1759173278405_7FCB6E74","username":"accountapi1759173278176"}
{"email":"autofinance1759173278419@example.com","level":"info","message":"USER REGISTERED","role":"finance","service":"standard-auth","timestamp":"2025-09-29T19:14:38.809Z","userId":"USER_1759173278808_4ECC2C94","username":"autofinance1759173278419"}
{"level":"info","message":"USER LOGIN SUCCESSFUL","service":"standard-auth","timestamp":"2025-09-29T19:14:39.096Z","userId":"USER_1759173278808_4ECC2C94","username":"autofinance1759173278419"}
{"email":"security1759173279103@example.com","level":"info","message":"USER REGISTERED","role":"user","service":"standard-auth","timestamp":"2025-09-29T19:14:39.358Z","userId":"USER_1759173279357_1789B310","username":"securityuser1759173279103"}
{"level":"info","message":"MFA ENABLED","service":"standard-auth","timestamp":"2025-09-29T19:14:39.364Z","userId":"USER_1759173279357_1789B310"}
{"email":"perf1759173279375_2@example.com","level":"info","message":"USER REGISTERED","role":"user","service":"standard-auth","timestamp":"2025-09-29T19:14:39.668Z","userId":"USER_1759173279667_0E806B0C","username":"perfuser1759173279375_2"}
{"email":"perf1759173279375_1@example.com","level":"info","message":"USER REGISTERED","role":"user","service":"standard-auth","timestamp":"2025-09-29T19:14:39.679Z","userId":"USER_1759173279678_121AA9C0","username":"perfuser1759173279375_1"}
{"email":"perf1759173279375_3@example.com","level":"info","message":"USER REGISTERED","role":"user","service":"standard-auth","timestamp":"2025-09-29T19:14:39.686Z","userId":"USER_1759173279686_7AC1AFEA","username":"perfuser1759173279375_3"}
{"email":"perf1759173279375_0@example.com","level":"info","message":"USER REGISTERED","role":"user","service":"standard-auth","timestamp":"2025-09-29T19:14:39.691Z","userId":"USER_1759173279691_2406D471","username":"perfuser1759173279375_0"}
{"email":"perf1759173279375_5@example.com","level":"info","message":"USER REGISTERED","role":"user","service":"standard-auth","timestamp":"2025-09-29T19:14:40.016Z","userId":"USER_1759173280016_B9F650AB","username":"perfuser1759173279375_5"}
{"email":"perf1759173279375_6@example.com","level":"info","message":"USER REGISTERED","role":"user","service":"standard-auth","timestamp":"2025-09-29T19:14:40.022Z","userId":"USER_1759173280022_216FE32F","username":"perfuser1759173279375_6"}
{"email":"perf1759173279375_4@example.com","level":"info","message":"USER REGISTERED","role":"user","service":"standard-auth","timestamp":"2025-09-29T19:14:40.028Z","userId":"USER_1759173280028_95AC1659","username":"perfuser1759173279375_4"}
{"email":"perf1759173279375_7@example.com","level":"info","message":"USER REGISTERED","role":"user","service":"standard-auth","timestamp":"2025-09-29T19:14:40.077Z","userId":"USER_1759173280076_6FAD308F","username":"perfuser1759173279375_7"}
{"email":"perf1759173279375_9@example.com","level":"info","message":"USER REGISTERED","role":"user","service":"standard-auth","timestamp":"2025-09-29T19:14:40.303Z","userId":"USER_1759173280303_13C0AE98","username":"perfuser1759173279375_9"}
{"email":"perf1759173279375_8@example.com","level":"info","message":"USER REGISTERED","role":"user","service":"standard-auth","timestamp":"2025-09-29T19:14:40.307Z","userId":"USER_1759173280307_7E4F1636","username":"perfuser1759173279375_8"}
{"email":"concurrent1759173279375@example.com","level":"info","message":"USER REGISTERED","role":"finance","service":"standard-auth","timestamp":"2025-09-29T19:14:40.727Z","userId":"USER_1759173280727_48E284DD","username":"concurrentuser1759173279375"}
{"level":"info","message":"USER LOGIN SUCCESSFUL","service":"standard-auth","timestamp":"2025-09-29T19:14:41.037Z","userId":"USER_1759173280727_48E284DD","username":"concurrentuser1759173279375"}
{"level":"info","message":"USER LOGIN SUCCESSFUL","service":"standard-auth","timestamp":"2025-09-29T19:14:41.043Z","userId":"USER_1759173280727_48E284DD","username":"concurrentuser1759173279375"}
{"level":"info","message":"USER LOGIN SUCCESSFUL","service":"standard-auth","timestamp":"2025-09-29T19:14:41.053Z","userId":"USER_1759173280727_48E284DD","username":"concurrentuser1759173279375"}
{"level":"info","message":"USER LOGIN SUCCESSFUL","service":"standard-auth","timestamp":"2025-09-29T19:14:41.072Z","userId":"USER_1759173280727_48E284DD","username":"concurrentuser1759173279375"}
{"level":"info","message":"USER LOGIN SUCCESSFUL","service":"standard-auth","timestamp":"2025-09-29T19:14:41.344Z","userId":"USER_1759173280727_48E284DD","username":"concurrentuser1759173279375"}
{"level":"info","message":"USER LOGIN SUCCESSFUL","service":"standard-auth","timestamp":"2025-09-29T19:14:41.352Z","userId":"USER_1759173280727_48E284DD","username":"concurrentuser1759173279375"}
{"level":"info","message":"USER LOGIN SUCCESSFUL","service":"standard-auth","timestamp":"2025-09-29T19:14:41.363Z","userId":"USER_1759173280727_48E284DD","username":"concurrentuser1759173279375"}
{"level":"info","message":"USER LOGIN SUCCESSFUL","service":"standard-auth","timestamp":"2025-09-29T19:14:41.468Z","userId":"USER_1759173280727_48E284DD","username":"concurrentuser1759173279375"}
{"level":"info","message":"USER LOGIN SUCCESSFUL","service":"standard-auth","timestamp":"2025-09-29T19:14:41.686Z","userId":"USER_1759173280727_48E284DD","username":"concurrentuser1759173279375"}
{"level":"info","message":"USER LOGIN SUCCESSFUL","service":"standard-auth","timestamp":"2025-09-29T19:14:41.696Z","userId":"USER_1759173280727_48E284DD","username":"concurrentuser1759173279375"}
{"level":"info","message":"USER LOGIN SUCCESSFUL","service":"standard-auth","timestamp":"2025-09-29T19:14:41.703Z","userId":"USER_1759173280727_48E284DD","username":"concurrentuser1759173279375"}
{"level":"info","message":"USER LOGIN SUCCESSFUL","service":"standard-auth","timestamp":"2025-09-29T19:14:41.761Z","userId":"USER_1759173280727_48E284DD","username":"concurrentuser1759173279375"}
{"level":"info","message":"USER LOGIN SUCCESSFUL","service":"standard-auth","timestamp":"2025-09-29T19:14:41.917Z","userId":"USER_1759173280727_48E284DD","username":"concurrentuser1759173279375"}
{"level":"info","message":"USER LOGIN SUCCESSFUL","service":"standard-auth","timestamp":"2025-09-29T19:14:41.920Z","userId":"USER_1759173280727_48E284DD","username":"concurrentuser1759173279375"}
{"level":"info","message":"USER LOGIN SUCCESSFUL","service":"standard-auth","timestamp":"2025-09-29T19:14:41.934Z","userId":"USER_1759173280727_48E284DD","username":"concurrentuser1759173279375"}
{"level":"info","message":"USER LOGIN SUCCESSFUL","service":"standard-auth","timestamp":"2025-09-29T19:14:41.990Z","userId":"USER_1759173280727_48E284DD","username":"concurrentuser1759173279375"}
{"level":"info","message":"USER LOGIN SUCCESSFUL","service":"standard-auth","timestamp":"2025-09-29T19:14:42.154Z","userId":"USER_1759173280727_48E284DD","username":"concurrentuser1759173279375"}
{"level":"info","message":"USER LOGIN SUCCESSFUL","service":"standard-auth","timestamp":"2025-09-29T19:14:42.160Z","userId":"USER_1759173280727_48E284DD","username":"concurrentuser1759173279375"}
{"level":"info","message":"USER LOGIN SUCCESSFUL","service":"standard-auth","timestamp":"2025-09-29T19:14:42.172Z","userId":"USER_1759173280727_48E284DD","username":"concurrentuser1759173279375"}
{"level":"info","message":"USER LOGIN SUCCESSFUL","service":"standard-auth","timestamp":"2025-09-29T19:14:42.218Z","userId":"USER_1759173280727_48E284DD","username":"concurrentuser1759173279375"}
{"level":"info","message":"USER LOGIN SUCCESSFUL","service":"standard-auth","timestamp":"2025-09-29T19:14:42.372Z","userId":"USER_1759173280727_48E284DD","username":"concurrentuser1759173279375"}
{"level":"info","message":"USER LOGIN SUCCESSFUL","service":"standard-auth","timestamp":"2025-09-29T19:14:42.382Z","userId":"USER_1759173280727_48E284DD","username":"concurrentuser1759173279375"}
{"level":"info","message":"USER LOGIN SUCCESSFUL","service":"standard-auth","timestamp":"2025-09-29T19:14:42.399Z","userId":"USER_1759173280727_48E284DD","username":"concurrentuser1759173279375"}
{"level":"info","message":"USER LOGIN SUCCESSFUL","service":"standard-auth","timestamp":"2025-09-29T19:14:42.436Z","userId":"USER_1759173280727_48E284DD","username":"concurrentuser1759173279375"}
{"level":"info","message":"USER LOGIN SUCCESSFUL","service":"standard-auth","timestamp":"2025-09-29T19:14:42.681Z","userId":"USER_1759173280727_48E284DD","username":"concurrentuser1759173279375"}
{"level":"info","message":"USER LOGIN SUCCESSFUL","service":"standard-auth","timestamp":"2025-09-29T19:14:42.732Z","userId":"USER_1759173280727_48E284DD","username":"concurrentuser1759173279375"}
{"level":"info","message":"USER LOGIN SUCCESSFUL","service":"standard-auth","timestamp":"2025-09-29T19:14:42.742Z","userId":"USER_1759173280727_48E284DD","username":"concurrentuser1759173279375"}
{"level":"info","message":"USER LOGIN SUCCESSFUL","service":"standard-auth","timestamp":"2025-09-29T19:14:42.753Z","userId":"USER_1759173280727_48E284DD","username":"concurrentuser1759173279375"}
{"level":"info","message":"USER LOGIN SUCCESSFUL","service":"standard-auth","timestamp":"2025-09-29T19:14:42.987Z","userId":"USER_1759173280727_48E284DD","username":"concurrentuser1759173279375"}
{"level":"info","message":"USER LOGIN SUCCESSFUL","service":"standard-auth","timestamp":"2025-09-29T19:14:43.018Z","userId":"USER_1759173280727_48E284DD","username":"concurrentuser1759173279375"}
{"level":"info","message":"USER LOGIN SUCCESSFUL","service":"standard-auth","timestamp":"2025-09-29T19:14:43.025Z","userId":"USER_1759173280727_48E284DD","username":"concurrentuser1759173279375"}
{"level":"info","message":"USER LOGIN SUCCESSFUL","service":"standard-auth","timestamp":"2025-09-29T19:14:43.065Z","userId":"USER_1759173280727_48E284DD","username":"concurrentuser1759173279375"}
{"level":"info","message":"USER LOGIN SUCCESSFUL","service":"standard-auth","timestamp":"2025-09-29T19:14:43.249Z","userId":"USER_1759173280727_48E284DD","username":"concurrentuser1759173279375"}
{"level":"info","message":"USER LOGIN SUCCESSFUL","service":"standard-auth","timestamp":"2025-09-29T19:14:43.269Z","userId":"USER_1759173280727_48E284DD","username":"concurrentuser1759173279375"}
{"level":"info","message":"USER LOGIN SUCCESSFUL","service":"standard-auth","timestamp":"2025-09-29T19:14:43.301Z","userId":"USER_1759173280727_48E284DD","username":"concurrentuser1759173279375"}
{"level":"info","message":"USER LOGIN SUCCESSFUL","service":"standard-auth","timestamp":"2025-09-29T19:14:43.361Z","userId":"USER_1759173280727_48E284DD","username":"concurrentuser1759173279375"}
{"level":"info","message":"USER LOGIN SUCCESSFUL","service":"standard-auth","timestamp":"2025-09-29T19:14:43.620Z","userId":"USER_1759173280727_48E284DD","username":"concurrentuser1759173279375"}
{"level":"info","message":"USER LOGIN SUCCESSFUL","service":"standard-auth","timestamp":"2025-09-29T19:14:43.650Z","userId":"USER_1759173280727_48E284DD","username":"concurrentuser1759173279375"}
{"level":"info","message":"USER LOGIN SUCCESSFUL","service":"standard-auth","timestamp":"2025-09-29T19:14:43.665Z","userId":"USER_1759173280727_48E284DD","username":"concurrentuser1759173279375"}
{"level":"info","message":"USER LOGIN SUCCESSFUL","service":"standard-auth","timestamp":"2025-09-29T19:14:43.676Z","userId":"USER_1759173280727_48E284DD","username":"concurrentuser1759173279375"}
{"level":"info","message":"USER LOGIN SUCCESSFUL","service":"standard-auth","timestamp":"2025-09-29T19:14:43.912Z","userId":"USER_1759173280727_48E284DD","username":"concurrentuser1759173279375"}
{"level":"info","message":"USER LOGIN SUCCESSFUL","service":"standard-auth","timestamp":"2025-09-29T19:14:43.936Z","userId":"USER_1759173280727_48E284DD","username":"concurrentuser1759173279375"}
{"level":"info","message":"USER LOGIN SUCCESSFUL","service":"standard-auth","timestamp":"2025-09-29T19:14:43.986Z","userId":"USER_1759173280727_48E284DD","username":"concurrentuser1759173279375"}
{"level":"info","message":"USER LOGIN SUCCESSFUL","service":"standard-auth","timestamp":"2025-09-29T19:14:43.991Z","userId":"USER_1759173280727_48E284DD","username":"concurrentuser1759173279375"}
{"level":"info","message":"USER LOGIN SUCCESSFUL","service":"standard-auth","timestamp":"2025-09-29T19:14:44.224Z","userId":"USER_1759173280727_48E284DD","username":"concurrentuser1759173279375"}
{"level":"info","message":"USER LOGIN SUCCESSFUL","service":"standard-auth","timestamp":"2025-09-29T19:14:44.234Z","userId":"USER_1759173280727_48E284DD","username":"concurrentuser1759173279375"}
{"level":"info","message":"USER LOGIN SUCCESSFUL","service":"standard-auth","timestamp":"2025-09-29T19:14:44.273Z","userId":"USER_1759173280727_48E284DD","username":"concurrentuser1759173279375"}
{"level":"info","message":"USER LOGIN SUCCESSFUL","service":"standard-auth","timestamp":"2025-09-29T19:14:44.281Z","userId":"USER_1759173280727_48E284DD","username":"concurrentuser1759173279375"}
{"level":"info","message":"USER LOGIN SUCCESSFUL","service":"standard-auth","timestamp":"2025-09-29T19:14:44.603Z","userId":"USER_1759173280727_48E284DD","username":"concurrentuser1759173279375"}
{"level":"info","message":"USER LOGIN SUCCESSFUL","service":"standard-auth","timestamp":"2025-09-29T19:14:44.614Z","userId":"USER_1759173280727_48E284DD","username":"concurrentuser1759173279375"}
