{"finger":"index","hand":"right","level":"info","message":"Fingerprint enrolled","quality":85,"service":"biometric-auth","tenantId":"test-tenant-456","timestamp":"2026-06-20T21:06:10.238Z","userId":"6a3700c29245ee7ef3c09b0a"}
{"error":"Fingerprint quality too low. Please try again.","level":"error","message":"Fingerprint enrollment failed","service":"biometric-auth","tenantId":"test-tenant-456","timestamp":"2026-06-20T21:06:10.239Z","userId":"6a3700c29245ee7ef3c09b0a"}
{"level":"info","message":"Facial recognition enrolled","quality":80,"service":"biometric-auth","tenantId":"test-tenant-456","timestamp":"2026-06-20T21:06:10.255Z","userId":"6a3700c29245ee7ef3c09b0a"}
{"level":"info","message":"Voice print enrolled","quality":75,"service":"biometric-auth","tenantId":"test-tenant-456","timestamp":"2026-06-20T21:06:10.257Z","userId":"6a3700c29245ee7ef3c09b0a"}
{"level":"info","message":"Fingerprint verified","service":"biometric-auth","tenantId":"test-tenant-456","timestamp":"2026-06-20T21:06:10.258Z","userId":"6a3700c29245ee7ef3c09b0a"}
{"failedAttempts":0,"level":"warn","message":"Fingerprint verification failed","service":"biometric-auth","tenantId":"test-tenant-456","timestamp":"2026-06-20T21:06:10.259Z","userId":"6a3700c29245ee7ef3c09b0a"}
{"level":"info","message":"Fingerprint verified","service":"biometric-auth","tenantId":"test-tenant-456","timestamp":"2026-06-20T21:06:10.261Z","userId":"6a3700c29245ee7ef3c09b0a"}
{"level":"info","message":"Facial recognition verified","service":"biometric-auth","tenantId":"test-tenant-456","timestamp":"2026-06-20T21:06:10.261Z","userId":"6a3700c29245ee7ef3c09b0a"}
{"level":"info","message":"Multi-factor biometric verification","overall":true,"requiredCount":1,"service":"biometric-auth","tenantId":"test-tenant-456","timestamp":"2026-06-20T21:06:10.262Z","userId":"6a3700c29245ee7ef3c09b0a","verifiedCount":2}
{"deviceType":"desktop","level":"info","message":"Device registered","service":"biometric-auth","tenantId":"test-tenant-456","timestamp":"2026-06-20T21:06:10.263Z","userId":"6a3700c29245ee7ef3c09b0a"}
{"finger":"index","hand":"right","level":"info","message":"Fingerprint enrolled","quality":85,"service":"biometric-auth","tenantId":"test-tenant-456","timestamp":"2026-06-20T21:06:10.285Z","userId":"6a3700c29245ee7ef3c09b0b"}
{"level":"info","message":"Fingerprint verified","service":"biometric-auth","tenantId":"test-tenant-456","timestamp":"2026-06-20T21:06:10.286Z","userId":"6a3700c29245ee7ef3c09b0b"}
{"finger":"index","hand":"right","level":"info","message":"Fingerprint enrolled","quality":85,"service":"biometric-auth","tenantId":"test-tenant-456","timestamp":"2026-06-20T21:07:03.191Z","userId":"6a3700f739827717c1b20551"}
{"error":"Fingerprint quality too low. Please try again.","level":"error","message":"Fingerprint enrollment failed","service":"biometric-auth","tenantId":"test-tenant-456","timestamp":"2026-06-20T21:07:03.197Z","userId":"6a3700f739827717c1b20551"}
{"level":"info","message":"Facial recognition enrolled","quality":80,"service":"biometric-auth","tenantId":"test-tenant-456","timestamp":"2026-06-20T21:07:03.220Z","userId":"6a3700f739827717c1b20551"}
{"level":"info","message":"Voice print enrolled","quality":75,"service":"biometric-auth","tenantId":"test-tenant-456","timestamp":"2026-06-20T21:07:03.223Z","userId":"6a3700f739827717c1b20551"}
{"level":"info","message":"Fingerprint verified","service":"biometric-auth","tenantId":"test-tenant-456","timestamp":"2026-06-20T21:07:03.225Z","userId":"6a3700f739827717c1b20551"}
{"failedAttempts":0,"level":"warn","message":"Fingerprint verification failed","service":"biometric-auth","tenantId":"test-tenant-456","timestamp":"2026-06-20T21:07:03.229Z","userId":"6a3700f739827717c1b20551"}
{"level":"info","message":"Fingerprint verified","service":"biometric-auth","tenantId":"test-tenant-456","timestamp":"2026-06-20T21:07:03.232Z","userId":"6a3700f739827717c1b20551"}
{"level":"info","message":"Facial recognition verified","service":"biometric-auth","tenantId":"test-tenant-456","timestamp":"2026-06-20T21:07:03.233Z","userId":"6a3700f739827717c1b20551"}
{"level":"info","message":"Multi-factor biometric verification","overall":true,"requiredCount":1,"service":"biometric-auth","tenantId":"test-tenant-456","timestamp":"2026-06-20T21:07:03.233Z","userId":"6a3700f739827717c1b20551","verifiedCount":2}
{"deviceType":"desktop","level":"info","message":"Device registered","service":"biometric-auth","tenantId":"test-tenant-456","timestamp":"2026-06-20T21:07:03.236Z","userId":"6a3700f739827717c1b20551"}
{"finger":"index","hand":"right","level":"info","message":"Fingerprint enrolled","quality":85,"service":"biometric-auth","tenantId":"test-tenant-456","timestamp":"2026-06-20T21:07:03.257Z","userId":"6a3700f739827717c1b20552"}
{"level":"info","message":"Fingerprint verified","service":"biometric-auth","tenantId":"test-tenant-456","timestamp":"2026-06-20T21:07:03.258Z","userId":"6a3700f739827717c1b20552"}
{"finger":"index","hand":"right","level":"info","message":"Fingerprint enrolled","quality":85,"service":"biometric-auth","tenantId":"test-tenant-456","timestamp":"2026-06-20T21:21:45.432Z","userId":"6a37046977acc3bf677b578e"}
{"error":"Fingerprint quality too low. Please try again.","level":"error","message":"Fingerprint enrollment failed","service":"biometric-auth","tenantId":"test-tenant-456","timestamp":"2026-06-20T21:21:45.446Z","userId":"6a37046977acc3bf677b578e"}
{"level":"info","message":"Facial recognition enrolled","quality":80,"service":"biometric-auth","tenantId":"test-tenant-456","timestamp":"2026-06-20T21:21:45.465Z","userId":"6a37046977acc3bf677b578e"}
{"level":"info","message":"Voice print enrolled","quality":75,"service":"biometric-auth","tenantId":"test-tenant-456","timestamp":"2026-06-20T21:21:45.467Z","userId":"6a37046977acc3bf677b578e"}
{"level":"info","message":"Fingerprint verified","service":"biometric-auth","tenantId":"test-tenant-456","timestamp":"2026-06-20T21:21:45.469Z","userId":"6a37046977acc3bf677b578e"}
{"failedAttempts":0,"level":"warn","message":"Fingerprint verification failed","service":"biometric-auth","tenantId":"test-tenant-456","timestamp":"2026-06-20T21:21:45.471Z","userId":"6a37046977acc3bf677b578e"}
{"level":"info","message":"Fingerprint verified","service":"biometric-auth","tenantId":"test-tenant-456","timestamp":"2026-06-20T21:21:45.472Z","userId":"6a37046977acc3bf677b578e"}
{"level":"info","message":"Facial recognition verified","service":"biometric-auth","tenantId":"test-tenant-456","timestamp":"2026-06-20T21:21:45.473Z","userId":"6a37046977acc3bf677b578e"}
{"level":"info","message":"Multi-factor biometric verification","overall":true,"requiredCount":1,"service":"biometric-auth","tenantId":"test-tenant-456","timestamp":"2026-06-20T21:21:45.473Z","userId":"6a37046977acc3bf677b578e","verifiedCount":2}
{"deviceType":"desktop","level":"info","message":"Device registered","service":"biometric-auth","tenantId":"test-tenant-456","timestamp":"2026-06-20T21:21:45.475Z","userId":"6a37046977acc3bf677b578e"}
{"finger":"index","hand":"right","level":"info","message":"Fingerprint enrolled","quality":85,"service":"biometric-auth","tenantId":"test-tenant-456","timestamp":"2026-06-20T21:21:45.491Z","userId":"6a37046977acc3bf677b578f"}
{"level":"info","message":"Fingerprint verified","service":"biometric-auth","tenantId":"test-tenant-456","timestamp":"2026-06-20T21:21:45.491Z","userId":"6a37046977acc3bf677b578f"}
{"finger":"index","hand":"right","level":"info","message":"Fingerprint enrolled","quality":85,"service":"biometric-auth","tenantId":"test-tenant-456","timestamp":"2026-06-21T00:02:38.316Z","userId":"6a372a1ea045dfde97165185"}
{"error":"Fingerprint quality too low. Please try again.","level":"error","message":"Fingerprint enrollment failed","service":"biometric-auth","tenantId":"test-tenant-456","timestamp":"2026-06-21T00:02:38.344Z","userId":"6a372a1ea045dfde97165185"}
{"level":"info","message":"Facial recognition enrolled","quality":80,"service":"biometric-auth","tenantId":"test-tenant-456","timestamp":"2026-06-21T00:02:38.383Z","userId":"6a372a1ea045dfde97165185"}
{"level":"info","message":"Voice print enrolled","quality":75,"service":"biometric-auth","tenantId":"test-tenant-456","timestamp":"2026-06-21T00:02:38.394Z","userId":"6a372a1ea045dfde97165185"}
{"level":"info","message":"Fingerprint verified","service":"biometric-auth","tenantId":"test-tenant-456","timestamp":"2026-06-21T00:02:38.418Z","userId":"6a372a1ea045dfde97165185"}
{"failedAttempts":0,"level":"warn","message":"Fingerprint verification failed","service":"biometric-auth","tenantId":"test-tenant-456","timestamp":"2026-06-21T00:02:38.428Z","userId":"6a372a1ea045dfde97165185"}
{"level":"info","message":"Fingerprint verified","service":"biometric-auth","tenantId":"test-tenant-456","timestamp":"2026-06-21T00:02:38.434Z","userId":"6a372a1ea045dfde97165185"}
{"level":"info","message":"Facial recognition verified","service":"biometric-auth","tenantId":"test-tenant-456","timestamp":"2026-06-21T00:02:38.439Z","userId":"6a372a1ea045dfde97165185"}
{"level":"info","message":"Multi-factor biometric verification","overall":true,"requiredCount":1,"service":"biometric-auth","tenantId":"test-tenant-456","timestamp":"2026-06-21T00:02:38.444Z","userId":"6a372a1ea045dfde97165185","verifiedCount":2}
{"deviceType":"desktop","level":"info","message":"Device registered","service":"biometric-auth","tenantId":"test-tenant-456","timestamp":"2026-06-21T00:02:38.456Z","userId":"6a372a1ea045dfde97165185"}
{"finger":"index","hand":"right","level":"info","message":"Fingerprint enrolled","quality":85,"service":"biometric-auth","tenantId":"test-tenant-456","timestamp":"2026-06-21T00:02:38.535Z","userId":"6a372a1ea045dfde97165186"}
{"level":"info","message":"Fingerprint verified","service":"biometric-auth","tenantId":"test-tenant-456","timestamp":"2026-06-21T00:02:38.541Z","userId":"6a372a1ea045dfde97165186"}
{"finger":"index","hand":"right","level":"info","message":"Fingerprint enrolled","quality":85,"service":"biometric-auth","tenantId":"test-tenant-456","timestamp":"2026-06-21T00:45:29.596Z","userId":"6a373429f648e1c4d4a690f9"}
{"error":"Fingerprint quality too low. Please try again.","level":"error","message":"Fingerprint enrollment failed","service":"biometric-auth","tenantId":"test-tenant-456","timestamp":"2026-06-21T00:45:29.629Z","userId":"6a373429f648e1c4d4a690f9"}
{"level":"info","message":"Facial recognition enrolled","quality":80,"service":"biometric-auth","tenantId":"test-tenant-456","timestamp":"2026-06-21T00:45:29.675Z","userId":"6a373429f648e1c4d4a690f9"}
{"level":"info","message":"Voice print enrolled","quality":75,"service":"biometric-auth","tenantId":"test-tenant-456","timestamp":"2026-06-21T00:45:29.685Z","userId":"6a373429f648e1c4d4a690f9"}
{"level":"info","message":"Fingerprint verified","service":"biometric-auth","tenantId":"test-tenant-456","timestamp":"2026-06-21T00:45:29.696Z","userId":"6a373429f648e1c4d4a690f9"}
{"failedAttempts":0,"level":"warn","message":"Fingerprint verification failed","service":"biometric-auth","tenantId":"test-tenant-456","timestamp":"2026-06-21T00:45:29.706Z","userId":"6a373429f648e1c4d4a690f9"}
{"level":"info","message":"Fingerprint verified","service":"biometric-auth","tenantId":"test-tenant-456","timestamp":"2026-06-21T00:45:29.716Z","userId":"6a373429f648e1c4d4a690f9"}
{"level":"info","message":"Facial recognition verified","service":"biometric-auth","tenantId":"test-tenant-456","timestamp":"2026-06-21T00:45:29.721Z","userId":"6a373429f648e1c4d4a690f9"}
{"level":"info","message":"Multi-factor biometric verification","overall":true,"requiredCount":1,"service":"biometric-auth","tenantId":"test-tenant-456","timestamp":"2026-06-21T00:45:29.726Z","userId":"6a373429f648e1c4d4a690f9","verifiedCount":2}
{"deviceType":"desktop","level":"info","message":"Device registered","service":"biometric-auth","tenantId":"test-tenant-456","timestamp":"2026-06-21T00:45:29.735Z","userId":"6a373429f648e1c4d4a690f9"}
{"finger":"index","hand":"right","level":"info","message":"Fingerprint enrolled","quality":85,"service":"biometric-auth","tenantId":"test-tenant-456","timestamp":"2026-06-21T00:45:29.824Z","userId":"6a373429f648e1c4d4a690fa"}
{"level":"info","message":"Fingerprint verified","service":"biometric-auth","tenantId":"test-tenant-456","timestamp":"2026-06-21T00:45:29.828Z","userId":"6a373429f648e1c4d4a690fa"}
{"finger":"index","hand":"right","level":"info","message":"Fingerprint enrolled","quality":85,"service":"biometric-auth","tenantId":"test-tenant-456","timestamp":"2026-06-21T04:27:40.768Z","userId":"6a37683c0d962a5ecf32a99b"}
{"error":"Fingerprint quality too low. Please try again.","level":"error","message":"Fingerprint enrollment failed","service":"biometric-auth","tenantId":"test-tenant-456","timestamp":"2026-06-21T04:27:40.776Z","userId":"6a37683c0d962a5ecf32a99b"}
{"level":"info","message":"Facial recognition enrolled","quality":80,"service":"biometric-auth","tenantId":"test-tenant-456","timestamp":"2026-06-21T04:27:40.799Z","userId":"6a37683c0d962a5ecf32a99b"}
{"level":"info","message":"Voice print enrolled","quality":75,"service":"biometric-auth","tenantId":"test-tenant-456","timestamp":"2026-06-21T04:27:40.803Z","userId":"6a37683c0d962a5ecf32a99b"}
{"level":"info","message":"Fingerprint verified","service":"biometric-auth","tenantId":"test-tenant-456","timestamp":"2026-06-21T04:27:40.809Z","userId":"6a37683c0d962a5ecf32a99b"}
{"failedAttempts":0,"level":"warn","message":"Fingerprint verification failed","service":"biometric-auth","tenantId":"test-tenant-456","timestamp":"2026-06-21T04:27:40.814Z","userId":"6a37683c0d962a5ecf32a99b"}
{"level":"info","message":"Fingerprint verified","service":"biometric-auth","tenantId":"test-tenant-456","timestamp":"2026-06-21T04:27:40.820Z","userId":"6a37683c0d962a5ecf32a99b"}
{"level":"info","message":"Facial recognition verified","service":"biometric-auth","tenantId":"test-tenant-456","timestamp":"2026-06-21T04:27:40.823Z","userId":"6a37683c0d962a5ecf32a99b"}
{"level":"info","message":"Multi-factor biometric verification","overall":true,"requiredCount":1,"service":"biometric-auth","tenantId":"test-tenant-456","timestamp":"2026-06-21T04:27:40.825Z","userId":"6a37683c0d962a5ecf32a99b","verifiedCount":2}
{"deviceType":"desktop","level":"info","message":"Device registered","service":"biometric-auth","tenantId":"test-tenant-456","timestamp":"2026-06-21T04:27:40.831Z","userId":"6a37683c0d962a5ecf32a99b"}
{"finger":"index","hand":"right","level":"info","message":"Fingerprint enrolled","quality":85,"service":"biometric-auth","tenantId":"test-tenant-456","timestamp":"2026-06-21T04:27:40.963Z","userId":"6a37683c0d962a5ecf32a99c"}
{"level":"info","message":"Fingerprint verified","service":"biometric-auth","tenantId":"test-tenant-456","timestamp":"2026-06-21T04:27:40.966Z","userId":"6a37683c0d962a5ecf32a99c"}
{"finger":"index","hand":"right","level":"info","message":"Fingerprint enrolled","quality":85,"service":"biometric-auth","tenantId":"test-tenant-456","timestamp":"2026-06-22T01:54:11.578Z","userId":"6a3895c38699c21f88470716"}
{"error":"Fingerprint quality too low. Please try again.","level":"error","message":"Fingerprint enrollment failed","service":"biometric-auth","tenantId":"test-tenant-456","timestamp":"2026-06-22T01:54:11.834Z","userId":"6a3895c38699c21f88470716"}
{"level":"info","message":"Facial recognition enrolled","quality":80,"service":"biometric-auth","tenantId":"test-tenant-456","timestamp":"2026-06-22T01:54:12.871Z","userId":"6a3895c38699c21f88470716"}
{"level":"info","message":"Voice print enrolled","quality":75,"service":"biometric-auth","tenantId":"test-tenant-456","timestamp":"2026-06-22T01:54:12.873Z","userId":"6a3895c38699c21f88470716"}
{"level":"info","message":"Fingerprint verified","service":"biometric-auth","tenantId":"test-tenant-456","timestamp":"2026-06-22T01:54:13.468Z","userId":"6a3895c38699c21f88470716"}
{"failedAttempts":0,"level":"warn","message":"Fingerprint verification failed","service":"biometric-auth","tenantId":"test-tenant-456","timestamp":"2026-06-22T01:54:13.498Z","userId":"6a3895c38699c21f88470716"}
{"level":"info","message":"Fingerprint verified","service":"biometric-auth","tenantId":"test-tenant-456","timestamp":"2026-06-22T01:54:13.579Z","userId":"6a3895c38699c21f88470716"}
{"level":"info","message":"Facial recognition verified","service":"biometric-auth","tenantId":"test-tenant-456","timestamp":"2026-06-22T01:54:13.594Z","userId":"6a3895c38699c21f88470716"}
{"level":"info","message":"Multi-factor biometric verification","overall":true,"requiredCount":1,"service":"biometric-auth","tenantId":"test-tenant-456","timestamp":"2026-06-22T01:54:13.600Z","userId":"6a3895c38699c21f88470716","verifiedCount":2}
{"deviceType":"desktop","level":"info","message":"Device registered","service":"biometric-auth","tenantId":"test-tenant-456","timestamp":"2026-06-22T01:54:13.609Z","userId":"6a3895c38699c21f88470716"}
{"finger":"index","hand":"right","level":"info","message":"Fingerprint enrolled","quality":85,"service":"biometric-auth","tenantId":"test-tenant-456","timestamp":"2026-06-22T01:54:14.209Z","userId":"6a3895c38699c21f88470717"}
{"level":"info","message":"Fingerprint verified","service":"biometric-auth","tenantId":"test-tenant-456","timestamp":"2026-06-22T01:54:14.215Z","userId":"6a3895c38699c21f88470717"}
{"finger":"index","hand":"right","level":"info","message":"Fingerprint enrolled","quality":85,"service":"biometric-auth","tenantId":"test-tenant-456","timestamp":"2026-06-22T04:39:55.993Z","userId":"6a38bc9bbd18fec5bfaca47d"}
{"finger":"index","hand":"right","level":"info","message":"Fingerprint enrolled","quality":85,"service":"biometric-auth","tenantId":"test-tenant-456","timestamp":"2026-06-22T04:39:59.829Z","userId":"6a38bc9fd8b6d70dcd12a354"}
{"error":"Fingerprint quality too low. Please try again.","level":"error","message":"Fingerprint enrollment failed","service":"biometric-auth","tenantId":"test-tenant-456","timestamp":"2026-06-22T04:40:00.509Z","userId":"6a38bc9fd8b6d70dcd12a354"}
{"level":"info","message":"Facial recognition enrolled","quality":80,"service":"biometric-auth","tenantId":"test-tenant-456","timestamp":"2026-06-22T04:40:00.953Z","userId":"6a38bc9fd8b6d70dcd12a354"}
{"level":"info","message":"Voice print enrolled","quality":75,"service":"biometric-auth","tenantId":"test-tenant-456","timestamp":"2026-06-22T04:40:01.022Z","userId":"6a38bc9fd8b6d70dcd12a354"}
{"level":"info","message":"Fingerprint verified","service":"biometric-auth","tenantId":"test-tenant-456","timestamp":"2026-06-22T04:40:01.029Z","userId":"6a38bc9fd8b6d70dcd12a354"}
{"failedAttempts":0,"level":"warn","message":"Fingerprint verification failed","service":"biometric-auth","tenantId":"test-tenant-456","timestamp":"2026-06-22T04:40:01.166Z","userId":"6a38bc9fd8b6d70dcd12a354"}
{"level":"info","message":"Fingerprint verified","service":"biometric-auth","tenantId":"test-tenant-456","timestamp":"2026-06-22T04:40:01.226Z","userId":"6a38bc9fd8b6d70dcd12a354"}
{"level":"info","message":"Facial recognition verified","service":"biometric-auth","tenantId":"test-tenant-456","timestamp":"2026-06-22T04:40:01.294Z","userId":"6a38bc9fd8b6d70dcd12a354"}
{"level":"info","message":"Multi-factor biometric verification","overall":true,"requiredCount":1,"service":"biometric-auth","tenantId":"test-tenant-456","timestamp":"2026-06-22T04:40:01.305Z","userId":"6a38bc9fd8b6d70dcd12a354","verifiedCount":2}
{"deviceType":"desktop","level":"info","message":"Device registered","service":"biometric-auth","tenantId":"test-tenant-456","timestamp":"2026-06-22T04:40:01.502Z","userId":"6a38bc9fd8b6d70dcd12a354"}
{"finger":"index","hand":"right","level":"info","message":"Fingerprint enrolled","quality":85,"service":"biometric-auth","tenantId":"test-tenant-456","timestamp":"2026-06-22T04:40:02.445Z","userId":"6a38bc9fd8b6d70dcd12a355"}
{"level":"info","message":"Fingerprint verified","service":"biometric-auth","tenantId":"test-tenant-456","timestamp":"2026-06-22T04:40:02.447Z","userId":"6a38bc9fd8b6d70dcd12a355"}
{"error":"Fingerprint quality too low. Please try again.","level":"error","message":"Fingerprint enrollment failed","service":"biometric-auth","tenantId":"test-tenant-456","timestamp":"2026-06-22T04:39:56.321Z","userId":"6a38bc9bbd18fec5bfaca47d"}
{"level":"info","message":"Facial recognition enrolled","quality":80,"service":"biometric-auth","tenantId":"test-tenant-456","timestamp":"2026-06-22T04:39:56.485Z","userId":"6a38bc9bbd18fec5bfaca47d"}
{"level":"info","message":"Voice print enrolled","quality":75,"service":"biometric-auth","tenantId":"test-tenant-456","timestamp":"2026-06-22T04:39:56.491Z","userId":"6a38bc9bbd18fec5bfaca47d"}
{"level":"info","message":"Fingerprint verified","service":"biometric-auth","tenantId":"test-tenant-456","timestamp":"2026-06-22T04:39:56.503Z","userId":"6a38bc9bbd18fec5bfaca47d"}
{"failedAttempts":0,"level":"warn","message":"Fingerprint verification failed","service":"biometric-auth","tenantId":"test-tenant-456","timestamp":"2026-06-22T04:39:56.507Z","userId":"6a38bc9bbd18fec5bfaca47d"}
{"level":"info","message":"Fingerprint verified","service":"biometric-auth","tenantId":"test-tenant-456","timestamp":"2026-06-22T04:39:56.554Z","userId":"6a38bc9bbd18fec5bfaca47d"}
{"level":"info","message":"Facial recognition verified","service":"biometric-auth","tenantId":"test-tenant-456","timestamp":"2026-06-22T04:39:56.561Z","userId":"6a38bc9bbd18fec5bfaca47d"}
{"level":"info","message":"Multi-factor biometric verification","overall":true,"requiredCount":1,"service":"biometric-auth","tenantId":"test-tenant-456","timestamp":"2026-06-22T04:39:56.562Z","userId":"6a38bc9bbd18fec5bfaca47d","verifiedCount":2}
{"deviceType":"desktop","level":"info","message":"Device registered","service":"biometric-auth","tenantId":"test-tenant-456","timestamp":"2026-06-22T04:39:56.572Z","userId":"6a38bc9bbd18fec5bfaca47d"}
{"finger":"index","hand":"right","level":"info","message":"Fingerprint enrolled","quality":85,"service":"biometric-auth","tenantId":"test-tenant-456","timestamp":"2026-06-22T04:39:57.234Z","userId":"6a38bc9bbd18fec5bfaca47e"}
{"level":"info","message":"Fingerprint verified","service":"biometric-auth","tenantId":"test-tenant-456","timestamp":"2026-06-22T04:39:57.239Z","userId":"6a38bc9bbd18fec5bfaca47e"}
{"finger":"index","hand":"right","level":"info","message":"Fingerprint enrolled","quality":85,"service":"biometric-auth","tenantId":"test-tenant-456","timestamp":"2026-06-22T05:30:49.934Z","userId":"6a38c88909c1d0a986cdc9f7"}
{"error":"Fingerprint quality too low. Please try again.","level":"error","message":"Fingerprint enrollment failed","service":"biometric-auth","tenantId":"test-tenant-456","timestamp":"2026-06-22T05:30:50.009Z","userId":"6a38c88909c1d0a986cdc9f7"}
{"level":"info","message":"Facial recognition enrolled","quality":80,"service":"biometric-auth","tenantId":"test-tenant-456","timestamp":"2026-06-22T05:30:50.035Z","userId":"6a38c88909c1d0a986cdc9f7"}
{"level":"info","message":"Voice print enrolled","quality":75,"service":"biometric-auth","tenantId":"test-tenant-456","timestamp":"2026-06-22T05:30:50.041Z","userId":"6a38c88909c1d0a986cdc9f7"}
{"level":"info","message":"Fingerprint verified","service":"biometric-auth","tenantId":"test-tenant-456","timestamp":"2026-06-22T05:30:50.047Z","userId":"6a38c88909c1d0a986cdc9f7"}
{"failedAttempts":0,"level":"warn","message":"Fingerprint verification failed","service":"biometric-auth","tenantId":"test-tenant-456","timestamp":"2026-06-22T05:30:50.053Z","userId":"6a38c88909c1d0a986cdc9f7"}
{"level":"info","message":"Fingerprint verified","service":"biometric-auth","tenantId":"test-tenant-456","timestamp":"2026-06-22T05:30:50.057Z","userId":"6a38c88909c1d0a986cdc9f7"}
{"level":"info","message":"Facial recognition verified","service":"biometric-auth","tenantId":"test-tenant-456","timestamp":"2026-06-22T05:30:50.063Z","userId":"6a38c88909c1d0a986cdc9f7"}
{"level":"info","message":"Multi-factor biometric verification","overall":true,"requiredCount":1,"service":"biometric-auth","tenantId":"test-tenant-456","timestamp":"2026-06-22T05:30:50.065Z","userId":"6a38c88909c1d0a986cdc9f7","verifiedCount":2}
{"deviceType":"desktop","level":"info","message":"Device registered","service":"biometric-auth","tenantId":"test-tenant-456","timestamp":"2026-06-22T05:30:50.067Z","userId":"6a38c88909c1d0a986cdc9f7"}
{"finger":"index","hand":"right","level":"info","message":"Fingerprint enrolled","quality":85,"service":"biometric-auth","tenantId":"test-tenant-456","timestamp":"2026-06-22T05:30:50.128Z","userId":"6a38c88909c1d0a986cdc9f8"}
{"level":"info","message":"Fingerprint verified","service":"biometric-auth","tenantId":"test-tenant-456","timestamp":"2026-06-22T05:30:50.129Z","userId":"6a38c88909c1d0a986cdc9f8"}
{"finger":"index","hand":"right","level":"info","message":"Fingerprint enrolled","quality":85,"service":"biometric-auth","tenantId":"test-tenant-456","timestamp":"2026-06-22T16:04:23.589Z","userId":"6a395d077abbd70b958a8146"}
{"error":"Fingerprint quality too low. Please try again.","level":"error","message":"Fingerprint enrollment failed","service":"biometric-auth","tenantId":"test-tenant-456","timestamp":"2026-06-22T16:04:23.655Z","userId":"6a395d077abbd70b958a8146"}
{"level":"info","message":"Facial recognition enrolled","quality":80,"service":"biometric-auth","tenantId":"test-tenant-456","timestamp":"2026-06-22T16:04:23.695Z","userId":"6a395d077abbd70b958a8146"}
{"level":"info","message":"Voice print enrolled","quality":75,"service":"biometric-auth","tenantId":"test-tenant-456","timestamp":"2026-06-22T16:04:23.700Z","userId":"6a395d077abbd70b958a8146"}
{"level":"info","message":"Fingerprint verified","service":"biometric-auth","tenantId":"test-tenant-456","timestamp":"2026-06-22T16:04:23.705Z","userId":"6a395d077abbd70b958a8146"}
{"failedAttempts":0,"level":"warn","message":"Fingerprint verification failed","service":"biometric-auth","tenantId":"test-tenant-456","timestamp":"2026-06-22T16:04:23.729Z","userId":"6a395d077abbd70b958a8146"}
{"level":"info","message":"Fingerprint verified","service":"biometric-auth","tenantId":"test-tenant-456","timestamp":"2026-06-22T16:04:23.734Z","userId":"6a395d077abbd70b958a8146"}
{"level":"info","message":"Facial recognition verified","service":"biometric-auth","tenantId":"test-tenant-456","timestamp":"2026-06-22T16:04:23.737Z","userId":"6a395d077abbd70b958a8146"}
{"level":"info","message":"Multi-factor biometric verification","overall":true,"requiredCount":1,"service":"biometric-auth","tenantId":"test-tenant-456","timestamp":"2026-06-22T16:04:23.739Z","userId":"6a395d077abbd70b958a8146","verifiedCount":2}
{"deviceType":"desktop","level":"info","message":"Device registered","service":"biometric-auth","tenantId":"test-tenant-456","timestamp":"2026-06-22T16:04:23.745Z","userId":"6a395d077abbd70b958a8146"}
{"finger":"index","hand":"right","level":"info","message":"Fingerprint enrolled","quality":85,"service":"biometric-auth","tenantId":"test-tenant-456","timestamp":"2026-06-22T16:04:23.795Z","userId":"6a395d077abbd70b958a8147"}
{"level":"info","message":"Fingerprint verified","service":"biometric-auth","tenantId":"test-tenant-456","timestamp":"2026-06-22T16:04:23.797Z","userId":"6a395d077abbd70b958a8147"}
