{"expiresAt":"2025-09-04T05:27:21.458Z","level":"warn","message":"EMERGENCY OVERRIDE ACTIVATED","overrideId":"OVERRIDE_1756962741457_B4DFAB73","reason":"emergency_access","service":"login-override","timestamp":"2025-09-04T05:12:21.458Z","userId":"USER_1756962739635_4E5AC35A"}
{"adminUserId":"admin@oscarsystem.com","expiresAt":"2025-09-04T05:27:21.461Z","justification":"User reported login issues, needs immediate access","level":"info","message":"ADMIN OVERRIDE ACTIVATED","overrideId":"OVERRIDE_1756962741461_4C8A4AFC","reason":"technical_issue","service":"login-override","targetUserId":"USER_1756962739635_4E5AC35A","timestamp":"2025-09-04T05:12:21.461Z"}
{"expiresAt":"2025-09-04T05:27:23.833Z","level":"warn","message":"EMERGENCY OVERRIDE ACTIVATED","overrideId":"OVERRIDE_1756962743831_F277A17B","reason":"emergency_access","service":"login-override","timestamp":"2025-09-04T05:12:23.831Z","userId":"USER_1756962742674_981AE3F2"}
{"expiresAt":"2025-09-04T05:29:59.727Z","level":"warn","message":"EMERGENCY OVERRIDE ACTIVATED","overrideId":"OVERRIDE_1756962899727_93158906","reason":"emergency_access","service":"login-override","timestamp":"2025-09-04T05:14:59.727Z","userId":"USER_1756962899346_D1E8DB45"}
{"adminUserId":"admin@oscarsystem.com","expiresAt":"2025-09-04T05:30:00.111Z","justification":"User reported login issues","level":"info","message":"ADMIN OVERRIDE ACTIVATED","overrideId":"OVERRIDE_1756962900111_6545129D","reason":"technical_issue","service":"login-override","targetUserId":"USER_1756962900103_802368DB","timestamp":"2025-09-04T05:15:00.111Z"}
{"count":3,"level":"info","message":"Cleaned up expired overrides","service":"login-override","timestamp":"2025-09-04T05:32:19.104Z"}
{"count":2,"level":"info","message":"Cleaned up expired overrides","service":"login-override","timestamp":"2025-09-04T05:34:56.190Z"}
{"expiresAt":"2025-09-10T23:49:11.101Z","level":"warn","message":"EMERGENCY OVERRIDE ACTIVATED","overrideId":"OVERRIDE_1757547251101_93C024F8","reason":"emergency_access","service":"login-override","timestamp":"2025-09-10T23:34:11.101Z","userId":"USER_1757547250073_7CE392A1"}
{"expiresAt":"2025-09-29T18:36:11.555Z","level":"warn","message":"EMERGENCY OVERRIDE ACTIVATED","overrideId":"OVERRIDE_1759170071555_941FC35F","reason":"emergency_access","service":"login-override","timestamp":"2025-09-29T18:21:11.555Z","userId":"USER_1759170071336_D3036487"}
{"adminUserId":"admin@oscarsystem.com","expiresAt":"2025-09-29T18:36:11.771Z","justification":"User reported login issues","level":"info","message":"ADMIN OVERRIDE ACTIVATED","overrideId":"OVERRIDE_1759170071771_9C090D69","reason":"technical_issue","service":"login-override","targetUserId":"USER_1759170071768_33BAE568","timestamp":"2025-09-29T18:21:11.771Z"}
{"expiresAt":"2025-09-29T18:40:03.675Z","level":"warn","message":"EMERGENCY OVERRIDE ACTIVATED","overrideId":"OVERRIDE_1759170303674_1ACCD982","reason":"emergency_access","service":"login-override","timestamp":"2025-09-29T18:25:03.675Z","userId":"USER_1759170303382_CABA6E3A"}
{"adminUserId":"admin@oscarsystem.com","expiresAt":"2025-09-29T18:40:03.975Z","justification":"User reported login issues","level":"info","message":"ADMIN OVERRIDE ACTIVATED","overrideId":"OVERRIDE_1759170303975_A41F84D7","reason":"technical_issue","service":"login-override","targetUserId":"USER_1759170303958_92DD96F4","timestamp":"2025-09-29T18:25:03.975Z"}
{"expiresAt":"2025-09-29T18:42:23.246Z","level":"warn","message":"EMERGENCY OVERRIDE ACTIVATED","overrideId":"OVERRIDE_1759170443246_4489162D","reason":"emergency_access","service":"login-override","timestamp":"2025-09-29T18:27:23.246Z","userId":"USER_1759170443006_A0E4096F"}
{"adminUserId":"admin@oscarsystem.com","expiresAt":"2025-09-29T18:42:23.473Z","justification":"User reported login issues","level":"info","message":"ADMIN OVERRIDE ACTIVATED","overrideId":"OVERRIDE_1759170443473_BC36EE63","reason":"technical_issue","service":"login-override","targetUserId":"USER_1759170443468_9D9AE6EE","timestamp":"2025-09-29T18:27:23.473Z"}
{"count":2,"level":"info","message":"Cleaned up expired overrides","service":"login-override","timestamp":"2025-09-29T18:41:09.584Z"}
{"count":2,"level":"info","message":"Cleaned up expired overrides","service":"login-override","timestamp":"2025-09-29T18:45:01.719Z"}
{"count":2,"level":"info","message":"Cleaned up expired overrides","service":"login-override","timestamp":"2025-09-29T18:47:21.623Z"}
{"expiresAt":"2025-09-29T19:29:39.100Z","level":"warn","message":"EMERGENCY OVERRIDE ACTIVATED","overrideId":"OVERRIDE_1759173279100_F53A748D","reason":"emergency_access","service":"login-override","timestamp":"2025-09-29T19:14:39.100Z","userId":"USER_1759173278808_4ECC2C94"}
{"adminUserId":"admin@oscarsystem.com","expiresAt":"2025-09-29T19:29:39.368Z","justification":"User reported login issues","level":"info","message":"ADMIN OVERRIDE ACTIVATED","overrideId":"OVERRIDE_1759173279368_3295C04E","reason":"technical_issue","service":"login-override","targetUserId":"USER_1759173279357_1789B310","timestamp":"2025-09-29T19:14:39.368Z"}
<<<<<<< Updated upstream
=======
{"count":2,"level":"info","message":"Cleaned up expired overrides","service":"login-override","timestamp":"2025-09-29T19:34:37.133Z"}
{"expiresAt":"2025-09-29T21:09:55.329Z","level":"warn","message":"EMERGENCY OVERRIDE ACTIVATED","overrideId":"OVERRIDE_1759179295328_7AC5DA73","reason":"emergency_access","service":"login-override","timestamp":"2025-09-29T20:54:55.329Z","userId":"USER_1759179294966_6D23D221"}
{"adminUserId":"admin@oscarsystem.com","expiresAt":"2025-09-29T21:09:55.651Z","justification":"User reported login issues","level":"info","message":"ADMIN OVERRIDE ACTIVATED","overrideId":"OVERRIDE_1759179295651_00DCCFDD","reason":"technical_issue","service":"login-override","targetUserId":"USER_1759179295635_FD261ED5","timestamp":"2025-09-29T20:54:55.651Z"}
{"expiresAt":"2025-09-29T21:11:16.610Z","level":"warn","message":"EMERGENCY OVERRIDE ACTIVATED","overrideId":"OVERRIDE_1759179376609_E93F900B","reason":"emergency_access","service":"login-override","timestamp":"2025-09-29T20:56:16.610Z","userId":"USER_1759179376368_EFC5ED90"}
{"adminUserId":"admin@oscarsystem.com","expiresAt":"2025-09-29T21:11:16.828Z","justification":"User reported login issues","level":"info","message":"ADMIN OVERRIDE ACTIVATED","overrideId":"OVERRIDE_1759179376828_9225730B","reason":"technical_issue","service":"login-override","targetUserId":"USER_1759179376821_CBE8378C","timestamp":"2025-09-29T20:56:16.828Z"}
{"expiresAt":"2025-09-29T21:13:01.855Z","level":"warn","message":"EMERGENCY OVERRIDE ACTIVATED","overrideId":"OVERRIDE_1759179481855_5D7105DA","reason":"emergency_access","service":"login-override","timestamp":"2025-09-29T20:58:01.855Z","userId":"USER_1759179481555_223092ED"}
{"adminUserId":"admin@oscarsystem.com","expiresAt":"2025-09-29T21:13:02.125Z","justification":"User reported login issues","level":"info","message":"ADMIN OVERRIDE ACTIVATED","overrideId":"OVERRIDE_1759179482125_DA84FE63","reason":"technical_issue","service":"login-override","targetUserId":"USER_1759179482118_DC63B69B","timestamp":"2025-09-29T20:58:02.125Z"}
{"expiresAt":"2025-09-29T21:17:13.903Z","level":"warn","message":"EMERGENCY OVERRIDE ACTIVATED","overrideId":"OVERRIDE_1759179733902_9A438510","reason":"emergency_access","service":"login-override","timestamp":"2025-09-29T21:02:13.902Z","userId":"USER_1759179733358_EA972431"}
{"adminUserId":"admin@oscarsystem.com","expiresAt":"2025-09-29T21:17:14.269Z","justification":"User reported login issues","level":"info","message":"ADMIN OVERRIDE ACTIVATED","overrideId":"OVERRIDE_1759179734269_3F9F43E0","reason":"technical_issue","service":"login-override","targetUserId":"USER_1759179734260_674C3620","timestamp":"2025-09-29T21:02:14.269Z"}
<<<<<<< Updated upstream
<<<<<<< Updated upstream
>>>>>>> Stashed changes
=======
>>>>>>> Stashed changes
{"expiresAt":"2025-09-29T21:24:28.986Z","level":"warn","message":"EMERGENCY OVERRIDE ACTIVATED","overrideId":"OVERRIDE_1759180168985_B4BF1C23","reason":"emergency_access","service":"login-override","timestamp":"2025-09-29T21:09:28.986Z","userId":"USER_1759180168699_ECE90FE0"}
{"adminUserId":"admin@oscarsystem.com","expiresAt":"2025-09-29T21:24:29.316Z","justification":"User reported login issues","level":"info","message":"ADMIN OVERRIDE ACTIVATED","overrideId":"OVERRIDE_1759180169315_8982B7D1","reason":"technical_issue","service":"login-override","targetUserId":"USER_1759180169300_672DF339","timestamp":"2025-09-29T21:09:29.315Z"}
{"count":2,"level":"info","message":"Cleaned up expired overrides","service":"login-override","timestamp":"2025-09-29T21:29:27.054Z"}
{"expiresAt":"2025-09-29T21:47:00.636Z","level":"warn","message":"EMERGENCY OVERRIDE ACTIVATED","overrideId":"OVERRIDE_1759181520635_9D71B358","reason":"emergency_access","service":"login-override","timestamp":"2025-09-29T21:32:00.636Z","userId":"USER_1759181520382_BBD3935D"}
{"adminUserId":"admin@oscarsystem.com","expiresAt":"2025-09-29T21:47:00.866Z","justification":"User reported login issues","level":"info","message":"ADMIN OVERRIDE ACTIVATED","overrideId":"OVERRIDE_1759181520866_A5C64CB1","reason":"technical_issue","service":"login-override","targetUserId":"USER_1759181520860_03CF5AAD","timestamp":"2025-09-29T21:32:00.866Z"}
{"expiresAt":"2025-09-29T21:51:15.286Z","level":"warn","message":"EMERGENCY OVERRIDE ACTIVATED","overrideId":"OVERRIDE_1759181775286_FA657D4D","reason":"emergency_access","service":"login-override","timestamp":"2025-09-29T21:36:15.286Z","userId":"USER_1759181775020_138D29C7"}
{"adminUserId":"admin@oscarsystem.com","expiresAt":"2025-09-29T21:51:15.639Z","justification":"User reported login issues","level":"info","message":"ADMIN OVERRIDE ACTIVATED","overrideId":"OVERRIDE_1759181775639_C78782DB","reason":"technical_issue","service":"login-override","targetUserId":"USER_1759181775625_FB30A357","timestamp":"2025-09-29T21:36:15.639Z"}
{"expiresAt":"2025-09-29T21:56:13.500Z","level":"warn","message":"EMERGENCY OVERRIDE ACTIVATED","overrideId":"OVERRIDE_1759182073500_78C7BD2A","reason":"emergency_access","service":"login-override","timestamp":"2025-09-29T21:41:13.500Z","userId":"USER_1759182073217_21539B1E"}
{"adminUserId":"admin@oscarsystem.com","expiresAt":"2025-09-29T21:56:13.783Z","justification":"User reported login issues","level":"info","message":"ADMIN OVERRIDE ACTIVATED","overrideId":"OVERRIDE_1759182073783_FC9382CC","reason":"technical_issue","service":"login-override","targetUserId":"USER_1759182073767_A9609DDA","timestamp":"2025-09-29T21:41:13.783Z"}
{"count":2,"level":"info","message":"Cleaned up expired overrides","service":"login-override","timestamp":"2025-09-29T21:51:58.941Z"}
{"count":2,"level":"info","message":"Cleaned up expired overrides","service":"login-override","timestamp":"2025-09-29T21:56:13.452Z"}
{"count":2,"level":"info","message":"Cleaned up expired overrides","service":"login-override","timestamp":"2025-09-29T22:01:11.633Z"}
{"expiresAt":"2025-09-30T00:16:41.706Z","level":"warn","message":"EMERGENCY OVERRIDE ACTIVATED","overrideId":"OVERRIDE_1759190501705_794441C1","reason":"emergency_access","service":"login-override","timestamp":"2025-09-30T00:01:41.705Z","userId":"USER_1759190501454_047B0E60"}
{"adminUserId":"admin@oscarsystem.com","expiresAt":"2025-09-30T00:16:42.020Z","justification":"User reported login issues","level":"info","message":"ADMIN OVERRIDE ACTIVATED","overrideId":"OVERRIDE_1759190502020_279751A6","reason":"technical_issue","service":"login-override","targetUserId":"USER_1759190501999_64E8533B","timestamp":"2025-09-30T00:01:42.020Z"}
{"count":2,"level":"info","message":"Cleaned up expired overrides","service":"login-override","timestamp":"2025-09-30T00:18:16.307Z"}
{"expiresAt":"2025-09-30T00:46:42.547Z","level":"warn","message":"EMERGENCY OVERRIDE ACTIVATED","overrideId":"OVERRIDE_1759192302546_20EA5D80","reason":"emergency_access","service":"login-override","timestamp":"2025-09-30T00:31:42.546Z","userId":"USER_1759192301876_0A564810"}
{"adminUserId":"admin@oscarsystem.com","expiresAt":"2025-09-30T00:46:42.898Z","justification":"User reported login issues","level":"info","message":"ADMIN OVERRIDE ACTIVATED","overrideId":"OVERRIDE_1759192302898_9D96CC39","reason":"technical_issue","service":"login-override","targetUserId":"USER_1759192302886_31762CF9","timestamp":"2025-09-30T00:31:42.898Z"}
{"count":2,"level":"info","message":"Cleaned up expired overrides","service":"login-override","timestamp":"2025-09-30T00:51:40.577Z"}
{"expiresAt":"2025-09-30T01:40:32.316Z","level":"warn","message":"EMERGENCY OVERRIDE ACTIVATED","overrideId":"OVERRIDE_1759195532316_4FE38B60","reason":"emergency_access","service":"login-override","timestamp":"2025-09-30T01:25:32.316Z","userId":"USER_1759195532053_496E164D"}
{"adminUserId":"admin@oscarsystem.com","expiresAt":"2025-09-30T01:40:32.579Z","justification":"User reported login issues","level":"info","message":"ADMIN OVERRIDE ACTIVATED","overrideId":"OVERRIDE_1759195532579_45ED62A8","reason":"technical_issue","service":"login-override","targetUserId":"USER_1759195532571_8EBBFA79","timestamp":"2025-09-30T01:25:32.579Z"}
{"count":2,"level":"info","message":"Cleaned up expired overrides","service":"login-override","timestamp":"2025-09-30T01:45:30.547Z"}
=======
>>>>>>> Stashed changes
{"expiresAt":"2025-09-30T02:59:47.899Z","level":"warn","message":"EMERGENCY OVERRIDE ACTIVATED","overrideId":"OVERRIDE_1759200287899_D1E4A9CA","reason":"emergency_access","service":"login-override","timestamp":"2025-09-30T02:44:47.899Z","userId":"USER_1759200287611_A83C9807"}
{"adminUserId":"admin@oscarsystem.com","expiresAt":"2025-09-30T02:59:48.160Z","justification":"User reported login issues","level":"info","message":"ADMIN OVERRIDE ACTIVATED","overrideId":"OVERRIDE_1759200288160_95EF3249","reason":"technical_issue","service":"login-override","targetUserId":"USER_1759200288150_A45B30F7","timestamp":"2025-09-30T02:44:48.160Z"}
{"count":2,"level":"info","message":"Cleaned up expired overrides","service":"login-override","timestamp":"2025-09-30T03:13:22.825Z"}
{"expiresAt":"2025-10-02T03:23:15.672Z","level":"warn","message":"EMERGENCY OVERRIDE ACTIVATED","overrideId":"OVERRIDE_1759374495672_CAC2F297","reason":"emergency_access","service":"login-override","timestamp":"2025-10-02T03:08:15.672Z","userId":"USER_1759374495364_15F3D8F3"}
{"adminUserId":"admin@oscarsystem.com","expiresAt":"2025-10-02T03:23:15.946Z","justification":"User reported login issues","level":"info","message":"ADMIN OVERRIDE ACTIVATED","overrideId":"OVERRIDE_1759374495946_E1AA2F08","reason":"technical_issue","service":"login-override","targetUserId":"USER_1759374495933_C9F45E2F","timestamp":"2025-10-02T03:08:15.946Z"}
{"expiresAt":"2025-10-02T03:29:48.339Z","level":"warn","message":"EMERGENCY OVERRIDE ACTIVATED","overrideId":"OVERRIDE_1759374888339_EBF10A51","reason":"emergency_access","service":"login-override","timestamp":"2025-10-02T03:14:48.339Z","userId":"USER_1759374887974_AFE17A21"}
{"adminUserId":"admin@oscarsystem.com","expiresAt":"2025-10-02T03:29:48.679Z","justification":"User reported login issues","level":"info","message":"ADMIN OVERRIDE ACTIVATED","overrideId":"OVERRIDE_1759374888679_098DCD08","reason":"technical_issue","service":"login-override","targetUserId":"USER_1759374888660_0FC8438E","timestamp":"2025-10-02T03:14:48.679Z"}
{"expiresAt":"2025-10-16T02:24:08.596Z","level":"warn","message":"EMERGENCY OVERRIDE ACTIVATED","overrideId":"OVERRIDE_1760580548595_08489BE2","reason":"emergency_access","service":"login-override","timestamp":"2025-10-16T02:09:08.595Z","userId":"USER_1760580548233_F24216AD"}
{"adminUserId":"admin@oscarsystem.com","expiresAt":"2025-10-16T02:24:09.070Z","justification":"User reported login issues","level":"info","message":"ADMIN OVERRIDE ACTIVATED","overrideId":"OVERRIDE_1760580549069_EFD5D850","reason":"technical_issue","service":"login-override","targetUserId":"USER_1760580549055_F8F0FA95","timestamp":"2025-10-16T02:09:09.070Z"}
{"count":2,"level":"info","message":"Cleaned up expired overrides","service":"login-override","timestamp":"2025-10-16T02:26:18.051Z"}
{"expiresAt":"2025-10-16T05:19:59.995Z","level":"warn","message":"EMERGENCY OVERRIDE ACTIVATED","overrideId":"OVERRIDE_1760591099995_4814C754","reason":"emergency_access","service":"login-override","timestamp":"2025-10-16T05:04:59.995Z","userId":"USER_1760591099651_FDDAC16C"}
{"adminUserId":"admin@oscarsystem.com","expiresAt":"2025-10-16T05:20:00.340Z","justification":"User reported login issues","level":"info","message":"ADMIN OVERRIDE ACTIVATED","overrideId":"OVERRIDE_1760591100339_D44EDFA4","reason":"technical_issue","service":"login-override","targetUserId":"USER_1760591100306_1956796D","timestamp":"2025-10-16T05:05:00.340Z"}
{"count":2,"level":"info","message":"Cleaned up expired overrides","service":"login-override","timestamp":"2025-10-16T05:24:57.671Z"}
