{"level":"info","message":"Permission check passed","permissionCode":"VIEW_ACCOUNTS","service":"permission-service","tenantId":"test-tenant-456","timestamp":"2026-06-20T21:06:10.280Z","userId":"test-user-123"}
{"level":"info","message":"Permission check passed","permissionCode":"SYSTEM_ADMIN","service":"permission-service","tenantId":"test-tenant-456","timestamp":"2026-06-20T21:06:10.281Z","userId":"test-user-123"}
{"grantedBy":"admin-user-id","level":"info","message":"Permission granted","permissionCode":"VIEW_ACCOUNTS","service":"permission-service","tenantId":"test-tenant-456","timestamp":"2026-06-20T21:06:10.282Z","userId":"test-user-123"}
{"level":"info","message":"Permission revoked","permissionCode":"VIEW_ACCOUNTS","revokedBy":"admin-user-id","service":"permission-service","tenantId":"test-tenant-456","timestamp":"2026-06-20T21:06:10.283Z","userId":"test-user-123"}
{"createdBy":"admin-user-id","level":"info","message":"Default permissions initialized","service":"permission-service","tenantId":"test-tenant-456","timestamp":"2026-06-20T21:06:10.284Z"}
{"level":"info","message":"Permission check passed","permissionCode":"SYSTEM_ADMIN","service":"permission-service","tenantId":"test-tenant-456","timestamp":"2026-06-20T21:06:10.287Z","userId":"6a3700c29245ee7ef3c09b0a"}
{"level":"info","message":"Permission check passed","permissionCode":"VIEW_ACCOUNTS","service":"permission-service","tenantId":"test-tenant-456","timestamp":"2026-06-20T21:07:03.242Z","userId":"test-user-123"}
{"level":"info","message":"Permission check passed","permissionCode":"SYSTEM_ADMIN","service":"permission-service","tenantId":"test-tenant-456","timestamp":"2026-06-20T21:07:03.245Z","userId":"test-user-123"}
{"grantedBy":"admin-user-id","level":"info","message":"Permission granted","permissionCode":"VIEW_ACCOUNTS","service":"permission-service","tenantId":"test-tenant-456","timestamp":"2026-06-20T21:07:03.249Z","userId":"test-user-123"}
{"level":"info","message":"Permission revoked","permissionCode":"VIEW_ACCOUNTS","revokedBy":"admin-user-id","service":"permission-service","tenantId":"test-tenant-456","timestamp":"2026-06-20T21:07:03.251Z","userId":"test-user-123"}
{"createdBy":"admin-user-id","level":"info","message":"Default permissions initialized","service":"permission-service","tenantId":"test-tenant-456","timestamp":"2026-06-20T21:07:03.253Z"}
{"level":"info","message":"Permission check passed","permissionCode":"SYSTEM_ADMIN","service":"permission-service","tenantId":"test-tenant-456","timestamp":"2026-06-20T21:07:03.261Z","userId":"6a3700f739827717c1b20551"}
{"level":"info","message":"Permission check passed","permissionCode":"VIEW_ACCOUNTS","service":"permission-service","tenantId":"test-tenant-456","timestamp":"2026-06-20T21:21:45.480Z","userId":"test-user-123"}
{"level":"info","message":"Permission check passed","permissionCode":"SYSTEM_ADMIN","service":"permission-service","tenantId":"test-tenant-456","timestamp":"2026-06-20T21:21:45.483Z","userId":"test-user-123"}
{"grantedBy":"admin-user-id","level":"info","message":"Permission granted","permissionCode":"VIEW_ACCOUNTS","service":"permission-service","tenantId":"test-tenant-456","timestamp":"2026-06-20T21:21:45.486Z","userId":"test-user-123"}
{"level":"info","message":"Permission revoked","permissionCode":"VIEW_ACCOUNTS","revokedBy":"admin-user-id","service":"permission-service","tenantId":"test-tenant-456","timestamp":"2026-06-20T21:21:45.487Z","userId":"test-user-123"}
{"createdBy":"admin-user-id","level":"info","message":"Default permissions initialized","service":"permission-service","tenantId":"test-tenant-456","timestamp":"2026-06-20T21:21:45.489Z"}
{"level":"info","message":"Permission check passed","permissionCode":"SYSTEM_ADMIN","service":"permission-service","tenantId":"test-tenant-456","timestamp":"2026-06-20T21:21:45.492Z","userId":"6a37046977acc3bf677b578e"}
{"level":"info","message":"Permission check passed","permissionCode":"VIEW_ACCOUNTS","service":"permission-service","tenantId":"test-tenant-456","timestamp":"2026-06-21T00:02:38.480Z","userId":"test-user-123"}
{"level":"info","message":"Permission check passed","permissionCode":"SYSTEM_ADMIN","service":"permission-service","tenantId":"test-tenant-456","timestamp":"2026-06-21T00:02:38.489Z","userId":"test-user-123"}
{"grantedBy":"admin-user-id","level":"info","message":"Permission granted","permissionCode":"VIEW_ACCOUNTS","service":"permission-service","tenantId":"test-tenant-456","timestamp":"2026-06-21T00:02:38.503Z","userId":"test-user-123"}
{"level":"info","message":"Permission revoked","permissionCode":"VIEW_ACCOUNTS","revokedBy":"admin-user-id","service":"permission-service","tenantId":"test-tenant-456","timestamp":"2026-06-21T00:02:38.512Z","userId":"test-user-123"}
{"createdBy":"admin-user-id","level":"info","message":"Default permissions initialized","service":"permission-service","tenantId":"test-tenant-456","timestamp":"2026-06-21T00:02:38.521Z"}
{"level":"info","message":"Permission check passed","permissionCode":"SYSTEM_ADMIN","service":"permission-service","tenantId":"test-tenant-456","timestamp":"2026-06-21T00:02:38.550Z","userId":"6a372a1ea045dfde97165185"}
{"level":"info","message":"Permission check passed","permissionCode":"VIEW_ACCOUNTS","service":"permission-service","tenantId":"test-tenant-456","timestamp":"2026-06-21T00:45:29.763Z","userId":"test-user-123"}
{"level":"info","message":"Permission check passed","permissionCode":"SYSTEM_ADMIN","service":"permission-service","tenantId":"test-tenant-456","timestamp":"2026-06-21T00:45:29.772Z","userId":"test-user-123"}
{"grantedBy":"admin-user-id","level":"info","message":"Permission granted","permissionCode":"VIEW_ACCOUNTS","service":"permission-service","tenantId":"test-tenant-456","timestamp":"2026-06-21T00:45:29.784Z","userId":"test-user-123"}
{"level":"info","message":"Permission revoked","permissionCode":"VIEW_ACCOUNTS","revokedBy":"admin-user-id","service":"permission-service","tenantId":"test-tenant-456","timestamp":"2026-06-21T00:45:29.796Z","userId":"test-user-123"}
{"createdBy":"admin-user-id","level":"info","message":"Default permissions initialized","service":"permission-service","tenantId":"test-tenant-456","timestamp":"2026-06-21T00:45:29.805Z"}
{"level":"info","message":"Permission check passed","permissionCode":"SYSTEM_ADMIN","service":"permission-service","tenantId":"test-tenant-456","timestamp":"2026-06-21T00:45:29.837Z","userId":"6a373429f648e1c4d4a690f9"}
{"level":"info","message":"Permission check passed","permissionCode":"VIEW_ACCOUNTS","service":"permission-service","tenantId":"test-tenant-456","timestamp":"2026-06-21T04:27:40.886Z","userId":"test-user-123"}
{"level":"info","message":"Permission check passed","permissionCode":"SYSTEM_ADMIN","service":"permission-service","tenantId":"test-tenant-456","timestamp":"2026-06-21T04:27:40.916Z","userId":"test-user-123"}
{"grantedBy":"admin-user-id","level":"info","message":"Permission granted","permissionCode":"VIEW_ACCOUNTS","service":"permission-service","tenantId":"test-tenant-456","timestamp":"2026-06-21T04:27:40.928Z","userId":"test-user-123"}
{"level":"info","message":"Permission revoked","permissionCode":"VIEW_ACCOUNTS","revokedBy":"admin-user-id","service":"permission-service","tenantId":"test-tenant-456","timestamp":"2026-06-21T04:27:40.947Z","userId":"test-user-123"}
{"createdBy":"admin-user-id","level":"info","message":"Default permissions initialized","service":"permission-service","tenantId":"test-tenant-456","timestamp":"2026-06-21T04:27:40.956Z"}
{"level":"info","message":"Permission check passed","permissionCode":"SYSTEM_ADMIN","service":"permission-service","tenantId":"test-tenant-456","timestamp":"2026-06-21T04:27:40.970Z","userId":"6a37683c0d962a5ecf32a99b"}
{"level":"info","message":"Permission check passed","permissionCode":"VIEW_ACCOUNTS","service":"permission-service","tenantId":"test-tenant-456","timestamp":"2026-06-22T01:54:13.697Z","userId":"test-user-123"}
{"level":"info","message":"Permission check passed","permissionCode":"SYSTEM_ADMIN","service":"permission-service","tenantId":"test-tenant-456","timestamp":"2026-06-22T01:54:13.795Z","userId":"test-user-123"}
{"grantedBy":"admin-user-id","level":"info","message":"Permission granted","permissionCode":"VIEW_ACCOUNTS","service":"permission-service","tenantId":"test-tenant-456","timestamp":"2026-06-22T01:54:13.985Z","userId":"test-user-123"}
{"level":"info","message":"Permission revoked","permissionCode":"VIEW_ACCOUNTS","revokedBy":"admin-user-id","service":"permission-service","tenantId":"test-tenant-456","timestamp":"2026-06-22T01:54:14.120Z","userId":"test-user-123"}
{"createdBy":"admin-user-id","level":"info","message":"Default permissions initialized","service":"permission-service","tenantId":"test-tenant-456","timestamp":"2026-06-22T01:54:14.187Z"}
{"level":"info","message":"Permission check passed","permissionCode":"SYSTEM_ADMIN","service":"permission-service","tenantId":"test-tenant-456","timestamp":"2026-06-22T01:54:14.222Z","userId":"6a3895c38699c21f88470716"}
{"level":"info","message":"Permission check passed","permissionCode":"VIEW_ACCOUNTS","service":"permission-service","tenantId":"test-tenant-456","timestamp":"2026-06-22T04:39:56.665Z","userId":"test-user-123"}
{"level":"info","message":"Permission check passed","permissionCode":"VIEW_ACCOUNTS","service":"permission-service","tenantId":"test-tenant-456","timestamp":"2026-06-22T04:40:01.672Z","userId":"test-user-123"}
{"level":"info","message":"Permission check passed","permissionCode":"SYSTEM_ADMIN","service":"permission-service","tenantId":"test-tenant-456","timestamp":"2026-06-22T04:40:02.094Z","userId":"test-user-123"}
{"grantedBy":"admin-user-id","level":"info","message":"Permission granted","permissionCode":"VIEW_ACCOUNTS","service":"permission-service","tenantId":"test-tenant-456","timestamp":"2026-06-22T04:40:02.399Z","userId":"test-user-123"}
{"level":"info","message":"Permission revoked","permissionCode":"VIEW_ACCOUNTS","revokedBy":"admin-user-id","service":"permission-service","tenantId":"test-tenant-456","timestamp":"2026-06-22T04:40:02.430Z","userId":"test-user-123"}
{"createdBy":"admin-user-id","level":"info","message":"Default permissions initialized","service":"permission-service","tenantId":"test-tenant-456","timestamp":"2026-06-22T04:40:02.434Z"}
{"level":"info","message":"Permission check passed","permissionCode":"SYSTEM_ADMIN","service":"permission-service","tenantId":"test-tenant-456","timestamp":"2026-06-22T04:40:02.481Z","userId":"6a38bc9fd8b6d70dcd12a354"}
{"level":"info","message":"Permission check passed","permissionCode":"SYSTEM_ADMIN","service":"permission-service","tenantId":"test-tenant-456","timestamp":"2026-06-22T04:39:57.187Z","userId":"test-user-123"}
{"grantedBy":"admin-user-id","level":"info","message":"Permission granted","permissionCode":"VIEW_ACCOUNTS","service":"permission-service","tenantId":"test-tenant-456","timestamp":"2026-06-22T04:39:57.208Z","userId":"test-user-123"}
{"level":"info","message":"Permission revoked","permissionCode":"VIEW_ACCOUNTS","revokedBy":"admin-user-id","service":"permission-service","tenantId":"test-tenant-456","timestamp":"2026-06-22T04:39:57.220Z","userId":"test-user-123"}
{"createdBy":"admin-user-id","level":"info","message":"Default permissions initialized","service":"permission-service","tenantId":"test-tenant-456","timestamp":"2026-06-22T04:39:57.223Z"}
{"level":"info","message":"Permission check passed","permissionCode":"SYSTEM_ADMIN","service":"permission-service","tenantId":"test-tenant-456","timestamp":"2026-06-22T04:39:57.248Z","userId":"6a38bc9bbd18fec5bfaca47d"}
{"level":"info","message":"Permission check passed","permissionCode":"VIEW_ACCOUNTS","service":"permission-service","tenantId":"test-tenant-456","timestamp":"2026-06-22T05:30:50.076Z","userId":"test-user-123"}
{"level":"info","message":"Permission check passed","permissionCode":"SYSTEM_ADMIN","service":"permission-service","tenantId":"test-tenant-456","timestamp":"2026-06-22T05:30:50.110Z","userId":"test-user-123"}
{"grantedBy":"admin-user-id","level":"info","message":"Permission granted","permissionCode":"VIEW_ACCOUNTS","service":"permission-service","tenantId":"test-tenant-456","timestamp":"2026-06-22T05:30:50.113Z","userId":"test-user-123"}
{"level":"info","message":"Permission revoked","permissionCode":"VIEW_ACCOUNTS","revokedBy":"admin-user-id","service":"permission-service","tenantId":"test-tenant-456","timestamp":"2026-06-22T05:30:50.119Z","userId":"test-user-123"}
{"createdBy":"admin-user-id","level":"info","message":"Default permissions initialized","service":"permission-service","tenantId":"test-tenant-456","timestamp":"2026-06-22T05:30:50.122Z"}
{"level":"info","message":"Permission check passed","permissionCode":"SYSTEM_ADMIN","service":"permission-service","tenantId":"test-tenant-456","timestamp":"2026-06-22T05:30:50.130Z","userId":"6a38c88909c1d0a986cdc9f7"}
{"level":"info","message":"Permission check passed","permissionCode":"VIEW_ACCOUNTS","service":"permission-service","tenantId":"test-tenant-456","timestamp":"2026-06-22T16:04:23.766Z","userId":"test-user-123"}
{"level":"info","message":"Permission check passed","permissionCode":"SYSTEM_ADMIN","service":"permission-service","tenantId":"test-tenant-456","timestamp":"2026-06-22T16:04:23.774Z","userId":"test-user-123"}
{"grantedBy":"admin-user-id","level":"info","message":"Permission granted","permissionCode":"VIEW_ACCOUNTS","service":"permission-service","tenantId":"test-tenant-456","timestamp":"2026-06-22T16:04:23.778Z","userId":"test-user-123"}
{"level":"info","message":"Permission revoked","permissionCode":"VIEW_ACCOUNTS","revokedBy":"admin-user-id","service":"permission-service","tenantId":"test-tenant-456","timestamp":"2026-06-22T16:04:23.787Z","userId":"test-user-123"}
{"createdBy":"admin-user-id","level":"info","message":"Default permissions initialized","service":"permission-service","tenantId":"test-tenant-456","timestamp":"2026-06-22T16:04:23.790Z"}
{"level":"info","message":"Permission check passed","permissionCode":"SYSTEM_ADMIN","service":"permission-service","tenantId":"test-tenant-456","timestamp":"2026-06-22T16:04:23.799Z","userId":"6a395d077abbd70b958a8146"}
